2024-04-04 14:09:04,442 [INFO] Activator:176 - 


2024-04-04 14:09:04,493 [INFO] Activator:177 - !SESSION log4j initialized
2024-04-04 14:09:10,112 [INFO] LogOutputStream:77 - [STDOUT_REDIRECT] 
2024-04-04 14:09:17,167 [INFO] ApplicationProperties:184 - Using Application install path: C:\ST\STM32CubeIDE_1.14.0\STM32CubeIDE\plugins\com.st.stm32cube.common.mx_6.10.0.202311202037
2024-04-04 14:09:17,188 [INFO] DbMcusXml:78 - Set database path to: C:\ST\STM32CubeIDE_1.14.0\STM32CubeIDE\plugins\com.st.stm32cube.common.mx_6.10.0.202311202037\\db\/mcu/
2024-04-04 14:09:17,190 [INFO] ApiDb:274 - Set plugin database path to: C:\ST\STM32CubeIDE_1.14.0\STM32CubeIDE\plugins\com.st.stm32cube.common.mx_6.10.0.202311202037\\db\/plugins/boardmanager/
2024-04-04 14:09:17,191 [WARN] ApiDb:259 - Overriding images path with different value:  => C:\ST\STM32CubeIDE_1.14.0\STM32CubeIDE\plugins\com.st.stm32cube.common.mx_6.10.0.202311202037\\db\/plugins/mcufinder/images/
2024-04-04 14:09:17,200 [INFO] ApiDb:250 - Set database path to: C:\Users\korb\.stmcufinder\plugins\mcufinder//mcu/
2024-04-04 14:09:17,203 [INFO] DbMcusAds:125 - Set database path to: C:\Users\korb\.stmcufinder\plugins\mcufinder//mcu/
2024-04-04 14:09:17,208 [INFO] CrossReferenceDbSqlite:203 - Set database path to: C:\Users\korb\.stmcufinder\plugins\mcufinder//mcu/cs/
2024-04-04 14:09:17,354 [INFO] RulesReader:64 - Compatibility file has been processed (297 Rules)
2024-04-04 14:09:17,452 [INFO] DbMcusXml:78 - Set database path to: C:\ST\STM32CubeIDE_1.14.0\STM32CubeIDE\plugins\com.st.stm32cube.common.mx_6.10.0.202311202037\\db\/mcu/
2024-04-04 14:09:17,453 [INFO] ApiDb:274 - Set plugin database path to: C:\ST\STM32CubeIDE_1.14.0\STM32CubeIDE\plugins\com.st.stm32cube.common.mx_6.10.0.202311202037\\db\/plugins/boardmanager/
2024-04-04 14:09:17,454 [INFO] ApiDb:261 - Set plugin images path to: C:\ST\STM32CubeIDE_1.14.0\STM32CubeIDE\plugins\com.st.stm32cube.common.mx_6.10.0.202311202037\\db\/plugins/mcufinder/images/
2024-04-04 14:09:17,455 [WARN] DbFile:41 - Overriding database path with different value: C:\Users\korb\.stmcufinder\plugins\mcufinder/ => C:\Users\korb\.stmcufinder\plugins\mcufinder
2024-04-04 14:09:17,457 [INFO] ApiDb:250 - Set database path to: C:\Users\korb\.stmcufinder\plugins\mcufinder//mcu/
2024-04-04 14:09:17,458 [WARN] DbFile:41 - Overriding database path with different value: C:\Users\korb\.stmcufinder\plugins\mcufinder/ => C:\Users\korb\.stmcufinder\plugins\mcufinder
2024-04-04 14:09:17,459 [INFO] DbMcusAds:125 - Set database path to: C:\Users\korb\.stmcufinder\plugins\mcufinder//mcu/
2024-04-04 14:09:17,460 [WARN] DbFile:41 - Overriding database path with different value: C:\Users\korb\.stmcufinder\plugins\mcufinder/ => C:\Users\korb\.stmcufinder\plugins\mcufinder
2024-04-04 14:09:17,461 [WARN] DbFile:41 - Overriding database path with different value: C:\Users\korb\.stmcufinder\plugins\mcufinder/ => C:\Users\korb\.stmcufinder\plugins\mcufinder
2024-04-04 14:09:17,462 [INFO] CrossReferenceDbSqlite:203 - Set database path to: C:\Users\korb\.stmcufinder\plugins\mcufinder//mcu/cs/
2024-04-04 14:09:17,537 [INFO] MainPanel:264 - HeapMemory: 268435456
2024-04-04 14:09:17,593 [INFO] DbMcusXml:78 - Set database path to: C:\ST\STM32CubeIDE_1.14.0\STM32CubeIDE\plugins\com.st.stm32cube.common.mx_6.10.0.202311202037\\db\/mcu/
2024-04-04 14:09:17,595 [INFO] ApiDb:274 - Set plugin database path to: C:\ST\STM32CubeIDE_1.14.0\STM32CubeIDE\plugins\com.st.stm32cube.common.mx_6.10.0.202311202037\\db\/plugins/boardmanager/
2024-04-04 14:09:17,596 [INFO] ApiDb:261 - Set plugin images path to: C:\ST\STM32CubeIDE_1.14.0\STM32CubeIDE\plugins\com.st.stm32cube.common.mx_6.10.0.202311202037\\db\/plugins/mcufinder/images/
2024-04-04 14:09:17,597 [WARN] DbFile:41 - Overriding database path with different value: C:\Users\korb\.stmcufinder\plugins\mcufinder/ => C:\Users\korb\.stmcufinder\plugins\mcufinder
2024-04-04 14:09:17,598 [INFO] ApiDb:250 - Set database path to: C:\Users\korb\.stmcufinder\plugins\mcufinder//mcu/
2024-04-04 14:09:17,599 [WARN] DbFile:41 - Overriding database path with different value: C:\Users\korb\.stmcufinder\plugins\mcufinder/ => C:\Users\korb\.stmcufinder\plugins\mcufinder
2024-04-04 14:09:17,600 [INFO] DbMcusAds:125 - Set database path to: C:\Users\korb\.stmcufinder\plugins\mcufinder//mcu/
2024-04-04 14:09:17,602 [WARN] DbFile:41 - Overriding database path with different value: C:\Users\korb\.stmcufinder\plugins\mcufinder/ => C:\Users\korb\.stmcufinder\plugins\mcufinder
2024-04-04 14:09:17,603 [WARN] DbFile:41 - Overriding database path with different value: C:\Users\korb\.stmcufinder\plugins\mcufinder/ => C:\Users\korb\.stmcufinder\plugins\mcufinder
2024-04-04 14:09:17,604 [INFO] CrossReferenceDbSqlite:203 - Set database path to: C:\Users\korb\.stmcufinder\plugins\mcufinder//mcu/cs/
2024-04-04 14:09:17,619 [INFO] ApplicationProperties:184 - Using Application install path: C:\ST\STM32CubeIDE_1.14.0\STM32CubeIDE\plugins\com.st.stm32cube.common.mx_6.10.0.202311202037
2024-04-04 14:09:17,659 [INFO] PluginManage:196 - Search for loadable plugins [exclusion list=, ]
2024-04-04 14:09:17,662 [INFO] PluginManage:310 - Check plugin analytics
2024-04-04 14:09:17,820 [INFO] AnalyticsPlugin:253 - Accepted Software Licenses: 
2024-04-04 14:09:17,821 [INFO] AnalyticsPlugin:255 - Accepted CMSIS Pack Licenses: 
2024-04-04 14:09:17,822 [INFO] AnalyticsPlugin:257 - Accepted Firmware Licenses: 
2024-04-04 14:09:17,826 [INFO] PluginManage:359 - Loaded plugin analytics (category:tool,tabindex:-1)
2024-04-04 14:09:17,827 [INFO] PluginManage:310 - Check plugin cadmodel
2024-04-04 14:09:17,831 [INFO] CADModel:105 - Init CAD model plugin
2024-04-04 14:09:17,833 [INFO] PluginManage:359 - Loaded plugin cadmodel (category:power,tabindex:5)
2024-04-04 14:09:17,834 [INFO] PluginManage:310 - Check plugin clock
2024-04-04 14:09:17,844 [INFO] PluginManage:359 - Loaded plugin clock (category:base,tabindex:2)
2024-04-04 14:09:17,845 [INFO] PluginManage:310 - Check plugin ddr
2024-04-04 14:09:17,850 [INFO] PluginManage:359 - Loaded plugin ddr (category:tool,tabindex:6)
2024-04-04 14:09:17,851 [INFO] PluginManage:310 - Check plugin filemanager
2024-04-04 14:09:17,971 [INFO] PluginManage:359 - Loaded plugin filemanager (category:base,tabindex:10)
2024-04-04 14:09:17,972 [INFO] PluginManage:310 - Check plugin ipmanager
2024-04-04 14:09:17,978 [INFO] PluginManage:359 - Loaded plugin ipmanager (category:base,tabindex:5)
2024-04-04 14:09:17,980 [INFO] PluginManage:310 - Check plugin lpbam
2024-04-04 14:09:17,996 [INFO] PluginManage:359 - Loaded plugin lpbam (category:base,tabindex:0)
2024-04-04 14:09:17,998 [INFO] PluginManage:310 - Check plugin memorymap
2024-04-04 14:09:18,012 [INFO] PluginManage:359 - Loaded plugin memorymap (category:base,tabindex:4)
2024-04-04 14:09:18,013 [INFO] PluginManage:310 - Check plugin pinoutandconfiguration
2024-04-04 14:09:18,025 [INFO] PluginManage:359 - Loaded plugin pinoutandconfiguration (category:base,tabindex:1)
2024-04-04 14:09:18,026 [INFO] PluginManage:310 - Check plugin pinoutconfig
2024-04-04 14:09:18,108 [WARN] SupportedApi:132 - Cannot load RTOS API schema: s4s-elt-must-match.1: The content of 'definitions' must match (annotation?, (simpleType | complexType)?, (unique | key | keyref)*)). A problem was found starting at: attribute.
2024-04-04 14:09:18,274 [INFO] PluginManage:359 - Loaded plugin pinoutconfig (category:base,tabindex:0)
2024-04-04 14:09:18,292 [INFO] PluginManage:310 - Check plugin power
2024-04-04 14:09:18,300 [INFO] PluginManage:359 - Loaded plugin power (category:power,tabindex:4)
2024-04-04 14:09:18,301 [INFO] PluginManage:310 - Check plugin projectmanager
2024-04-04 14:09:18,319 [INFO] PluginManage:359 - Loaded plugin projectmanager (category:projectmanager,tabindex:3)
2024-04-04 14:09:18,320 [INFO] PluginManage:310 - Check plugin thirdparty
2024-04-04 14:09:18,435 [INFO] PluginManage:359 - Loaded plugin thirdparty (category:base,tabindex:-1)
2024-04-04 14:09:18,435 [WARN] IntegrityCheckThread:84 - waiting for thirdparty lock release [integrity check]
2024-04-04 14:09:18,436 [INFO] PluginManage:310 - Check plugin tools
2024-04-04 14:09:18,437 [INFO] IntegrityCheckThread:86 - entering critical section [integrity check]
2024-04-04 14:09:18,440 [INFO] ThirdPartyUpdaterWithRetryManager:70 - Updater plugin not ready yet. [1/15]
2024-04-04 14:09:18,442 [INFO] PluginManage:359 - Loaded plugin tools (category:base,tabindex:7)
2024-04-04 14:09:18,443 [INFO] PluginManage:310 - Check plugin tutovideos
2024-04-04 14:09:18,577 [INFO] PluginManage:359 - Loaded plugin tutovideos (category:base,tabindex:-1)
2024-04-04 14:09:18,581 [INFO] PluginManage:310 - Check plugin updater
2024-04-04 14:09:18,589 [INFO] PluginManage:359 - Loaded plugin updater (category:base,tabindex:12)
2024-04-04 14:09:18,590 [INFO] PluginManage:310 - Check plugin userauth
2024-04-04 14:09:18,595 [INFO] UserAuth:114 - Init User Auth plugin
2024-04-04 14:09:18,596 [INFO] PluginManage:359 - Loaded plugin userauth (category:base,tabindex:14)
2024-04-04 14:09:18,598 [INFO] PluginManage:283 - PluginManage : Loaded plugins [17]
2024-04-04 14:09:18,767 [INFO] PinOutPanel:1499 - setPackage(No Configuration,No Configuration)
2024-04-04 14:09:18,824 [INFO] CADModel:165 - CPN selected for project level
2024-04-04 14:09:18,825 [INFO] CADModel:114 - Register for checkConnection events
2024-04-04 14:09:18,839 [INFO] IPUIPlugin:80 - create IPUIPlugin
2024-04-04 14:09:18,840 [INFO] PluginManager:220 - loadIPPluginJar : add adc
2024-04-04 14:09:18,843 [INFO] IPUIPlugin:80 - create IPUIPlugin
2024-04-04 14:09:18,844 [INFO] PluginManager:220 - loadIPPluginJar : add aes
2024-04-04 14:09:18,846 [INFO] IPUIPlugin:80 - create IPUIPlugin
2024-04-04 14:09:18,848 [INFO] PluginManager:220 - loadIPPluginJar : add can
2024-04-04 14:09:18,850 [INFO] IPUIPlugin:80 - create IPUIPlugin
2024-04-04 14:09:18,851 [INFO] PluginManager:220 - loadIPPluginJar : add comp
2024-04-04 14:09:18,853 [INFO] IPUIPlugin:80 - create IPUIPlugin
2024-04-04 14:09:18,854 [INFO] PluginManager:220 - loadIPPluginJar : add cryp
2024-04-04 14:09:18,857 [INFO] IPUIPlugin:80 - create IPUIPlugin
2024-04-04 14:09:18,858 [INFO] PluginManager:220 - loadIPPluginJar : add dfsdm
2024-04-04 14:09:18,863 [INFO] IPUIPlugin:80 - create IPUIPlugin
2024-04-04 14:09:18,864 [INFO] PluginManager:220 - loadIPPluginJar : add dma
2024-04-04 14:09:18,867 [INFO] IPUIPlugin:80 - create IPUIPlugin
2024-04-04 14:09:18,868 [INFO] PluginManager:220 - loadIPPluginJar : add dma3
2024-04-04 14:09:18,870 [INFO] IPUIPlugin:80 - create IPUIPlugin
2024-04-04 14:09:18,871 [INFO] PluginManager:220 - loadIPPluginJar : add fatfs
2024-04-04 14:09:18,875 [INFO] IPUIPlugin:80 - create IPUIPlugin
2024-04-04 14:09:18,876 [INFO] PluginManager:220 - loadIPPluginJar : add fmc
2024-04-04 14:09:18,880 [INFO] IPUIPlugin:80 - create IPUIPlugin
2024-04-04 14:09:18,882 [INFO] PluginManager:220 - loadIPPluginJar : add freertos
2024-04-04 14:09:18,884 [INFO] IPUIPlugin:80 - create IPUIPlugin
2024-04-04 14:09:18,902 [INFO] PluginManager:220 - loadIPPluginJar : add genericplugin
2024-04-04 14:09:18,918 [INFO] IPUIPlugin:80 - create IPUIPlugin
2024-04-04 14:09:18,919 [INFO] PluginManager:220 - loadIPPluginJar : add gfxmmu
2024-04-04 14:09:18,923 [INFO] IPUIPlugin:80 - create IPUIPlugin
2024-04-04 14:09:18,924 [INFO] PluginManager:220 - loadIPPluginJar : add gic
2024-04-04 14:09:18,928 [INFO] IPUIPlugin:80 - create IPUIPlugin
2024-04-04 14:09:18,929 [INFO] PluginManager:220 - loadIPPluginJar : add gpio
2024-04-04 14:09:18,932 [INFO] IPUIPlugin:80 - create IPUIPlugin
2024-04-04 14:09:18,933 [INFO] PluginManager:220 - loadIPPluginJar : add gtzc
2024-04-04 14:09:18,937 [INFO] IPUIPlugin:80 - create IPUIPlugin
2024-04-04 14:09:18,938 [INFO] PluginManager:220 - loadIPPluginJar : add hash
2024-04-04 14:09:18,941 [INFO] IPUIPlugin:80 - create IPUIPlugin
2024-04-04 14:09:18,942 [INFO] PluginManager:220 - loadIPPluginJar : add i2c
2024-04-04 14:09:18,945 [INFO] IPUIPlugin:80 - create IPUIPlugin
2024-04-04 14:09:18,946 [INFO] PluginManager:220 - loadIPPluginJar : add i2s
2024-04-04 14:09:18,949 [INFO] IPUIPlugin:80 - create IPUIPlugin
2024-04-04 14:09:18,950 [INFO] PluginManager:220 - loadIPPluginJar : add i3c
2024-04-04 14:09:18,953 [INFO] IPUIPlugin:80 - create IPUIPlugin
2024-04-04 14:09:18,954 [INFO] PluginManager:220 - loadIPPluginJar : add ipddr
2024-04-04 14:09:18,961 [INFO] IPUIPlugin:80 - create IPUIPlugin
2024-04-04 14:09:18,962 [INFO] PluginManager:220 - loadIPPluginJar : add linkedlist
2024-04-04 14:09:18,966 [INFO] IPUIPlugin:80 - create IPUIPlugin
2024-04-04 14:09:18,968 [INFO] PluginManager:220 - loadIPPluginJar : add lorawan
2024-04-04 14:09:18,970 [INFO] IPUIPlugin:80 - create IPUIPlugin
2024-04-04 14:09:18,972 [INFO] PluginManager:220 - loadIPPluginJar : add ltdc
2024-04-04 14:09:18,977 [INFO] IPUIPlugin:80 - create IPUIPlugin
2024-04-04 14:09:18,978 [INFO] PluginManager:220 - loadIPPluginJar : add mdma
2024-04-04 14:09:18,982 [INFO] IPUIPlugin:80 - create IPUIPlugin
2024-04-04 14:09:18,984 [INFO] PluginManager:220 - loadIPPluginJar : add nvic
2024-04-04 14:09:18,988 [INFO] IPUIPlugin:80 - create IPUIPlugin
2024-04-04 14:09:18,989 [INFO] PluginManager:220 - loadIPPluginJar : add opamp
2024-04-04 14:09:18,993 [INFO] IPUIPlugin:80 - create IPUIPlugin
2024-04-04 14:09:18,994 [INFO] PluginManager:220 - loadIPPluginJar : add openamp
2024-04-04 14:09:18,997 [INFO] IPUIPlugin:80 - create IPUIPlugin
2024-04-04 14:09:18,998 [INFO] PluginManager:220 - loadIPPluginJar : add pdm2pcm
2024-04-04 14:09:19,003 [INFO] IPUIPlugin:80 - create IPUIPlugin
2024-04-04 14:09:19,006 [INFO] PluginManager:220 - loadIPPluginJar : add plateformsettings
2024-04-04 14:09:19,009 [INFO] IPUIPlugin:80 - create IPUIPlugin
2024-04-04 14:09:19,010 [INFO] PluginManager:220 - loadIPPluginJar : add quadspi
2024-04-04 14:09:19,014 [INFO] IPUIPlugin:80 - create IPUIPlugin
2024-04-04 14:09:19,015 [INFO] PluginManager:220 - loadIPPluginJar : add resmgrutility
2024-04-04 14:09:19,024 [INFO] IPUIPlugin:80 - create IPUIPlugin
2024-04-04 14:09:19,026 [INFO] PluginManager:220 - loadIPPluginJar : add sai
2024-04-04 14:09:19,030 [INFO] IPUIPlugin:80 - create IPUIPlugin
2024-04-04 14:09:19,031 [INFO] PluginManager:220 - loadIPPluginJar : add spi
2024-04-04 14:09:19,036 [INFO] IPUIPlugin:80 - create IPUIPlugin
2024-04-04 14:09:19,037 [INFO] PluginManager:220 - loadIPPluginJar : add stm32_wpan
2024-04-04 14:09:19,040 [INFO] IPUIPlugin:80 - create IPUIPlugin
2024-04-04 14:09:19,041 [INFO] PluginManager:220 - loadIPPluginJar : add tim
2024-04-04 14:09:19,044 [INFO] IPUIPlugin:80 - create IPUIPlugin
2024-04-04 14:09:19,045 [INFO] PluginManager:220 - loadIPPluginJar : add touchsensing
2024-04-04 14:09:19,049 [INFO] IPUIPlugin:80 - create IPUIPlugin
2024-04-04 14:09:19,050 [INFO] PluginManager:220 - loadIPPluginJar : add tracer_emb
2024-04-04 14:09:19,052 [INFO] IPUIPlugin:80 - create IPUIPlugin
2024-04-04 14:09:19,053 [INFO] PluginManager:220 - loadIPPluginJar : add ts
2024-04-04 14:09:19,055 [INFO] IPUIPlugin:80 - create IPUIPlugin
2024-04-04 14:09:19,057 [INFO] PluginManager:220 - loadIPPluginJar : add tsc
2024-04-04 14:09:19,059 [INFO] IPUIPlugin:80 - create IPUIPlugin
2024-04-04 14:09:19,060 [INFO] PluginManager:220 - loadIPPluginJar : add ucpd
2024-04-04 14:09:19,065 [INFO] IPUIPlugin:80 - create IPUIPlugin
2024-04-04 14:09:19,067 [INFO] PluginManager:220 - loadIPPluginJar : add usart
2024-04-04 14:09:19,073 [INFO] IPUIPlugin:80 - create IPUIPlugin
2024-04-04 14:09:19,074 [INFO] PluginManager:220 - loadIPPluginJar : add usbx
2024-04-04 14:09:19,195 [INFO] CADModel:165 - CPN selected for project level
2024-04-04 14:09:19,197 [INFO] CADModel:114 - Register for checkConnection events
2024-04-04 14:09:19,198 [FATAL] Updater:308 - Updater called before beeing initialized
2024-04-04 14:09:19,199 [ERROR] CADModel:125 - Updater not yet initialized, retry later 
2024-04-04 14:09:19,302 [INFO] CADModel:165 - CPN selected for project level
2024-04-04 14:09:19,303 [INFO] CADModel:114 - Register for checkConnection events
2024-04-04 14:09:19,304 [FATAL] Updater:308 - Updater called before beeing initialized
2024-04-04 14:09:19,305 [ERROR] CADModel:125 - Updater not yet initialized, retry later 
2024-04-04 14:09:19,309 [FATAL] Updater:308 - Updater called before beeing initialized
2024-04-04 14:09:19,397 [FATAL] Updater:308 - Updater called before beeing initialized
2024-04-04 14:09:19,402 [INFO] DbMcusAds:53 - JSON generation date=Wed Nov 29 05:52:27 EST 2023 (1701255147349)
2024-04-04 14:09:19,404 [FATAL] Updater:308 - Updater called before beeing initialized
2024-04-04 14:09:19,433 [WARN] DetailPanel:346 - Failed to get advertising image, set to default
2024-04-04 14:09:19,544 [FATAL] Updater:308 - Updater called before beeing initialized
2024-04-04 14:09:19,547 [FATAL] Updater:308 - Updater called before beeing initialized
2024-04-04 14:09:19,549 [FATAL] Updater:308 - Updater called before beeing initialized
2024-04-04 14:09:19,550 [WARN] DetailPanel:346 - Failed to get advertising image, set to default
2024-04-04 14:09:19,552 [FATAL] Updater:308 - Updater called before beeing initialized
2024-04-04 14:09:19,589 [INFO] McuFinderGlobals:63 - Set McuFinder mode to 2 (CubeIDE integrated)
2024-04-04 14:09:19,599 [ERROR] Updater:1120 - MainUpdater not yet initialized. External WinMGr cannot be set.
2024-04-04 14:09:19,604 [INFO] Updater:1056 - Updater Version found : 6.10.0
2024-04-04 14:09:19,618 [INFO] ApplicationProperties:184 - Using Application install path: C:\ST\STM32CubeIDE_1.14.0\STM32CubeIDE\plugins\com.st.stm32cube.common.mx_6.10.0.202311202037
2024-04-04 14:09:21,208 [ERROR] LogOutputStream:75 - [STDERR_REDIRECT] Apr 04, 2024 2:09:21 PM java.util.prefs.WindowsPreferences <init>
2024-04-04 14:09:21,211 [ERROR] LogOutputStream:75 - [STDERR_REDIRECT] WARNING: Could not open/create prefs root node Software\JavaSoft\Prefs at root 0xffffffff80000002. Windows RegCreateKeyEx(...) returned error code 5.
2024-04-04 14:09:21,212 [ERROR] LogOutputStream:75 - [STDERR_REDIRECT] 
2024-04-04 14:09:21,438 [INFO] MainUpdater:2873 - connection check result : 10
2024-04-04 14:09:21,440 [INFO] MainUpdater:290 - Updater Check For Update Now.
2024-04-04 14:09:21,441 [INFO] MicroXplorer:498 - Change Database Version : DB.6.0.100
2024-04-04 14:09:21,448 [INFO] McuFinderGlobals:63 - Set McuFinder mode to 2 (CubeIDE integrated)
2024-04-04 14:09:21,449 [INFO] UserAuth:180 - activating auth plugin
2024-04-04 14:09:21,451 [WARN] MainUpdater:1194 - Updater busy. Cannot search thirdparties
2024-04-04 14:09:21,452 [INFO] UserAuth:404 - Internet connection configuration mode: 1
2024-04-04 14:09:21,452 [INFO] ThirdPartyUpdaterWithRetryManager:96 - Updater plugin is busy. [1/15]
2024-04-04 14:09:21,472 [INFO] JxBrowserEngine:152 - Initiate JxBrowser Engine with user profile folder
2024-04-04 14:09:21,608 [INFO] CheckServerUpdateThread:120 - End of CheckServer Thread
2024-04-04 14:09:21,655 [INFO] MainUpdater:2873 - connection check result : 10
2024-04-04 14:09:21,698 [INFO] MicroXplorer:468 - Change Database Path : 
2024-04-04 14:09:21,730 [INFO] MicroXplorer:498 - Change Database Version : DB.6.0.100
2024-04-04 14:09:21,749 [WARN] ThirdParty:871 - waiting for thirdparty lock release [close project]
2024-04-04 14:09:22,093 [INFO] WebApp:161 - Instantiating new browser for Auth
2024-04-04 14:09:22,569 [INFO] WebApp:780 - Register for checkConnection events
2024-04-04 14:09:22,570 [INFO] WebApp:414 - Apply proxy settings
2024-04-04 14:09:22,572 [INFO] WebApp:499 - Chromium requires no authentication
2024-04-04 14:09:22,578 [INFO] WebApp:442 - Direct internet connection detected
2024-04-04 14:09:22,702 [INFO] WebApp:192 - Starting web application
2024-04-04 14:09:22,704 [INFO] WebApp:544 - Web application path used C:\ST\STM32CubeIDE_1.14.0\STM32CubeIDE\plugins\com.st.stm32cube.common.mx_6.10.0.202311202037\db\plugins\mcufinder\reactClient1\index.html
2024-04-04 14:09:24,596 [WARN] PackLoader:240 - Cannot read IP mode file for STMicroelectronics.X-CUBE-SMBUS.2.1.0
2024-04-04 14:09:24,606 [WARN] PackLoader:240 - Cannot read IP mode file for STMicroelectronics.X-CUBE-TOUCHGFX.4.23.0
2024-04-04 14:09:24,609 [WARN] PackLoader:240 - Cannot read IP mode file for STMicroelectronics.X-CUBE-TOUCHGFX.4.23.2
2024-04-04 14:09:24,632 [WARN] PackLoader:240 - Cannot read IP mode file for STMicroelectronics.X-CUBE-AZRTOS-F7.1.1.0
2024-04-04 14:09:24,640 [WARN] PackLoader:240 - Cannot read IP mode file for STMicroelectronics.FP-SNS-MOTENV1.4.3.2
2024-04-04 14:09:24,647 [WARN] PackLoader:240 - Cannot read IP mode file for STMicroelectronics.FP-SNS-FLIGHT1.5.0.2
2024-04-04 14:09:24,654 [WARN] PackLoader:240 - Cannot read IP mode file for STMicroelectronics.X-CUBE-DISPLAY.3.0.0
2024-04-04 14:09:24,668 [WARN] PackLoader:240 - Cannot read IP mode file for STMicroelectronics.X-CUBE-BLE1.7.0.0
2024-04-04 14:09:24,674 [WARN] PackLoader:240 - Cannot read IP mode file for emotas.I-CUBE-CANOPEN.1.3.0
2024-04-04 14:09:24,684 [WARN] PackLoader:240 - Cannot read IP mode file for STMicroelectronics.X-CUBE-BLEMGR.3.1.0
2024-04-04 14:09:24,690 [WARN] PackLoader:240 - Cannot read IP mode file for STMicroelectronics.FP-SNS-SMARTAG2.1.2.0
2024-04-04 14:09:24,715 [INFO] LogOutputStream:77 - [STDOUT_REDIRECT] 1 : Invalid condition id : UX_CORESTACK_Condition cause : null
2024-04-04 14:09:24,721 [INFO] LogOutputStream:77 - [STDOUT_REDIRECT] 1 : Invalid condition id : UX_CORESTACK_Condition cause : null
2024-04-04 14:09:24,723 [INFO] LogOutputStream:77 - [STDOUT_REDIRECT] 1 : Invalid condition id : UX_CORESTACK_Condition cause : null
2024-04-04 14:09:24,726 [INFO] LogOutputStream:77 - [STDOUT_REDIRECT] 1 : Invalid condition id : UX_CORESTACK_Condition cause : null
2024-04-04 14:09:24,727 [INFO] LogOutputStream:77 - [STDOUT_REDIRECT] 1 : Invalid condition id : UX_CORESTACK_Condition cause : null
2024-04-04 14:09:24,731 [WARN] PackLoader:240 - Cannot read IP mode file for STMicroelectronics.X-CUBE-AZRTOS-WL.2.0.0
2024-04-04 14:09:24,736 [WARN] PackLoader:240 - Cannot read IP mode file for STMicroelectronics.FP-SNS-MOTENV1.5.0.0
2024-04-04 14:09:24,745 [WARN] PackLoader:240 - Cannot read IP mode file for WES.I-CUBE-Cesium.1.3.0
2024-04-04 14:09:24,750 [WARN] PackLoader:240 - Cannot read IP mode file for STMicroelectronics.X-CUBE-BLE2.3.3.0
2024-04-04 14:09:24,756 [WARN] PackLoader:240 - Cannot read IP mode file for STMicroelectronics.X-CUBE-ALGOBUILD.1.3.0
2024-04-04 14:09:24,769 [WARN] PackLoader:240 - Cannot read IP mode file for STMicroelectronics.X-CUBE-AZRTOS-G0.1.1.0
2024-04-04 14:09:24,776 [WARN] PackLoader:240 - Cannot read IP mode file for STMicroelectronics.X-CUBE-SAFEA1.1.2.2
2024-04-04 14:09:24,789 [WARN] PackLoader:240 - Cannot read IP mode file for STMicroelectronics.X-CUBE-NFC4.3.0.0
2024-04-04 14:09:24,795 [WARN] PackLoader:240 - Cannot read IP mode file for STMicroelectronics.FP-ATR-SIGFOX1.3.2.0
2024-04-04 14:09:24,801 [WARN] PackLoader:240 - Cannot read IP mode file for STMicroelectronics.X-CUBE-EEPRMA1.5.1.0
2024-04-04 14:09:24,835 [WARN] PackLoader:240 - Cannot read IP mode file for SEGGER.I-CUBE-embOS.1.3.1
2024-04-04 14:09:24,925 [WARN] PackLoader:240 - Cannot read IP mode file for STMicroelectronics.X-CUBE-GNSS1.6.0.0
2024-04-04 14:09:24,938 [WARN] PackLoader:240 - Cannot read IP mode file for STMicroelectronics.X-CUBE-AZRTOS-F4.1.1.0
2024-04-04 14:09:24,944 [WARN] PackLoader:240 - Cannot read IP mode file for wolfSSL.I-CUBE-wolfSSL.5.6.6
2024-04-04 14:09:24,957 [WARN] PackLoader:240 - Cannot read IP mode file for STMicroelectronics.X-CUBE-AZRTOS-L5.2.0.0
2024-04-04 14:09:24,965 [WARN] PackLoader:240 - Cannot read IP mode file for STMicroelectronics.X-CUBE-NFC6.3.1.0
2024-04-04 14:09:24,974 [WARN] PackLoader:240 - Cannot read IP mode file for ITTIA_DB.I-CUBE-ITTIADB.8.8.0
2024-04-04 14:09:24,978 [WARN] PackLoader:240 - Cannot read IP mode file for STMicroelectronics.X-CUBE-NFC7.1.0.1
2024-04-04 14:09:24,984 [WARN] PackLoader:240 - Cannot read IP mode file for STMicroelectronics.X-CUBE-NFC6.3.0.0
2024-04-04 14:09:24,989 [WARN] PackLoader:240 - Cannot read IP mode file for STMicroelectronics.X-CUBE-AI.8.1.0
2024-04-04 14:09:25,000 [WARN] ConditionMgr:438 - getConditionDescription Invalid condition id : LAN8742 Phy interface Condition cause : null
2024-04-04 14:09:25,002 [WARN] PackLoader:240 - Cannot read IP mode file for STMicroelectronics.X-CUBE-AZRTOS-L4.2.0.0
2024-04-04 14:09:25,008 [WARN] ConditionMgr:1039 - genDependencies : Invalid condition id : LAN8742 Phy interface Condition cause : null
2024-04-04 14:09:25,009 [WARN] ConditionMgr:1039 - genDependencies : Invalid condition id : LAN8742 Phy interface Condition cause : null
2024-04-04 14:09:25,011 [WARN] ConditionMgr:1039 - genDependencies : Invalid condition id : LAN8742 Phy interface Condition cause : null
2024-04-04 14:09:25,017 [WARN] PackLoader:240 - Cannot read IP mode file for STMicroelectronics.X-CUBE-SFXS2LP1.4.0.0
2024-04-04 14:09:25,030 [WARN] ConditionMgr:438 - getConditionDescription Invalid condition id : UX DEVICE CLASS RTOS Condition cause : null
2024-04-04 14:09:25,031 [WARN] ConditionMgr:438 - getConditionDescription Invalid condition id : UX DEVICE CLASS RTOS Condition cause : null
2024-04-04 14:09:25,034 [WARN] PackLoader:240 - Cannot read IP mode file for STMicroelectronics.X-CUBE-AZRTOS-WB.2.0.0
2024-04-04 14:09:25,035 [WARN] ConditionMgr:1039 - genDependencies : Invalid condition id : UX DEVICE CLASS RTOS Condition cause : null
2024-04-04 14:09:25,036 [WARN] ConditionMgr:1039 - genDependencies : Invalid condition id : UX DEVICE CLASS RTOS Condition cause : null
2024-04-04 14:09:25,038 [WARN] ConditionMgr:1039 - genDependencies : Invalid condition id : UX DEVICE CLASS RTOS Condition cause : null
2024-04-04 14:09:25,039 [WARN] ConditionMgr:1039 - genDependencies : Invalid condition id : UX DEVICE CLASS RTOS Condition cause : null
2024-04-04 14:09:25,040 [WARN] ConditionMgr:1039 - genDependencies : Invalid condition id : UX DEVICE CLASS RTOS Condition cause : null
2024-04-04 14:09:25,048 [WARN] PackLoader:240 - Cannot read IP mode file for STMicroelectronics.X-CUBE-SUBG2.5.0.0
2024-04-04 14:09:25,062 [WARN] PackLoader:240 - Cannot read IP mode file for STMicroelectronics.X-CUBE-AZRTOS-G4.2.0.0
2024-04-04 14:09:25,071 [WARN] PackLoader:240 - Cannot read IP mode file for Infineon.AIROC-Wi-Fi-Bluetooth-STM32.1.5.1
2024-04-04 14:09:25,078 [WARN] PackLoader:240 - Cannot read IP mode file for STMicroelectronics.FP-SNS-MOTENVWB1.1.3.1
2024-04-04 14:09:25,082 [WARN] PackLoader:240 - Cannot read IP mode file for STMicroelectronics.X-CUBE-ISPU.2.0.0
2024-04-04 14:09:25,108 [WARN] PackLoader:240 - Cannot read IP mode file for STMicroelectronics.X-CUBE-MEMS1.10.0.0
2024-04-04 14:09:25,211 [WARN] PackLoader:240 - Cannot read IP mode file for STMicroelectronics.X-CUBE-FREERTOS.1.1.0
2024-04-04 14:09:25,217 [WARN] PackLoader:240 - Cannot read IP mode file for portGmbH.I-Cube-SoM-uGOAL.1.1.0
2024-04-04 14:09:25,222 [WARN] PackLoader:240 - Cannot read IP mode file for STMicroelectronics.X-CUBE-ALS.1.0.1
2024-04-04 14:09:25,227 [WARN] PackLoader:240 - Cannot read IP mode file for STMicroelectronics.FP-ATR-ASTRA1.2.0.0
2024-04-04 14:09:25,239 [WARN] PackLoader:240 - Cannot read IP mode file for STMicroelectronics.X-CUBE-TOF1.3.4.1
2024-04-04 14:09:25,282 [WARN] PackLoader:240 - Cannot read IP mode file for STMicroelectronics.X-CUBE-AZRTOS-H7.3.2.0
2024-04-04 14:09:25,288 [INFO] ThirdParty:978 - Integrity check success = true
2024-04-04 14:09:25,289 [INFO] IntegrityCheckThread:100 - exiting critical section [integrity check]
2024-04-04 14:09:25,290 [INFO] IntegrityCheckThread:103 - End integrity checks thread
2024-04-04 14:09:25,291 [INFO] ThirdParty:873 - entering critical section [close project]
2024-04-04 14:09:25,293 [INFO] ThirdParty:883 - exiting critical section [close project]
2024-04-04 14:09:25,296 [INFO] PinOutPanel:1499 - setPackage(No Configuration,No Configuration)
2024-04-04 14:09:25,299 [INFO] UtilMem:75 - Begin LoadConfig() Used Memory: 188810480 Bytes (298844160)
2024-04-04 14:09:25,302 [INFO] MicroXplorer:468 - Change Database Path : 
2024-04-04 14:09:25,303 [INFO] MicroXplorer:498 - Change Database Version : DB.6.0.100
2024-04-04 14:09:25,304 [INFO] OpenFileManager:312 - Change cursor
2024-04-04 14:09:25,339 [INFO] Mcu:2016 - Initializing MCU STM32L4R5ZITxP STM32L4R5ZITxP STM32L4R5ZIT6P
2024-04-04 14:09:27,509 [INFO] Context:659 - Trying to add GPIOservice into a context  which must be forbidden
2024-04-04 14:09:28,245 [INFO] RtosManager:555 - Registered RTOS mode: class=CMSIS, group=RTOS, mode=CMSIS_V1, owner=FREERTOS
2024-04-04 14:09:28,254 [INFO] RtosManager:555 - Registered RTOS mode: class=CMSIS, group=RTOS2, mode=CMSIS_V2, owner=FREERTOS
2024-04-04 14:09:28,256 [INFO] RtosManager:555 - Registered RTOS mode: class=RTOS, group=Core, mode=CMSIS_V1, owner=FREERTOS
2024-04-04 14:09:28,257 [INFO] RtosManager:555 - Registered RTOS mode: class=RTOS, group=Core, mode=CMSIS_V2, owner=FREERTOS
2024-04-04 14:09:28,258 [WARN] ModelIntegratedComponent:184 - Missing modes for component STMicroelectronics:FreeRTOS:0.0.1:STMicroelectronics:RTOS:FreeRTOS:Core:::10.2.0:
2024-04-04 14:09:28,271 [WARN] ModelIntegratedComponent:63 - No mode defined for component null
2024-04-04 14:09:28,272 [WARN] ModelIntegratedComponent:63 - No mode defined for component null
2024-04-04 14:09:28,273 [WARN] ModelIntegratedComponent:63 - No mode defined for component null
2024-04-04 14:09:28,274 [WARN] ModelIntegratedComponent:63 - No mode defined for component null
2024-04-04 14:09:28,275 [WARN] ModelIntegratedComponent:63 - No mode defined for component null
2024-04-04 14:09:28,276 [WARN] ModelIntegratedComponent:63 - No mode defined for component null
2024-04-04 14:09:28,278 [WARN] ModelIntegratedComponent:63 - No mode defined for component null
2024-04-04 14:09:28,278 [WARN] ModelIntegratedComponent:63 - No mode defined for component null
2024-04-04 14:09:28,280 [WARN] ModelIntegratedComponent:63 - No mode defined for component null
2024-04-04 14:09:28,281 [WARN] ModelIntegratedComponent:63 - No mode defined for component null
2024-04-04 14:09:28,282 [WARN] ModelIntegratedComponent:63 - No mode defined for component null
2024-04-04 14:09:28,283 [WARN] ModelIntegratedComponent:63 - No mode defined for component null
2024-04-04 14:09:28,284 [WARN] ModelIntegratedComponent:63 - No mode defined for component null
2024-04-04 14:09:28,285 [WARN] ModelIntegratedComponent:63 - No mode defined for component null
2024-04-04 14:09:28,286 [WARN] ModelIntegratedComponent:63 - No mode defined for component null
2024-04-04 14:09:28,287 [WARN] ModelIntegratedComponent:63 - No mode defined for component null
2024-04-04 14:09:28,288 [WARN] ModelIntegratedComponent:63 - No mode defined for component null
2024-04-04 14:09:28,289 [WARN] ModelIntegratedComponent:63 - No mode defined for component null
2024-04-04 14:09:28,290 [WARN] ModelIntegratedComponent:63 - No mode defined for component null
2024-04-04 14:09:28,291 [WARN] ModelIntegratedComponent:63 - No mode defined for component null
2024-04-04 14:09:28,292 [WARN] ModelIntegratedComponent:63 - No mode defined for component null
2024-04-04 14:09:28,293 [WARN] ModelIntegratedComponent:63 - No mode defined for component null
2024-04-04 14:09:28,294 [WARN] ModelIntegratedComponent:63 - No mode defined for component null
2024-04-04 14:09:28,295 [WARN] ModelIntegratedComponent:63 - No mode defined for component null
2024-04-04 14:09:28,296 [WARN] ModelIntegratedComponent:63 - No mode defined for component null
2024-04-04 14:09:28,297 [WARN] ModelIntegratedComponent:63 - No mode defined for component null
2024-04-04 14:09:28,298 [WARN] ModelIntegratedComponent:63 - No mode defined for component null
2024-04-04 14:09:28,299 [WARN] ModelIntegratedComponent:63 - No mode defined for component null
2024-04-04 14:09:28,300 [WARN] ModelIntegratedComponent:63 - No mode defined for component null
2024-04-04 14:09:28,301 [WARN] ModelIntegratedComponent:63 - No mode defined for component null
2024-04-04 14:09:28,303 [WARN] ModelIntegratedComponent:63 - No mode defined for component null
2024-04-04 14:09:28,304 [WARN] ModelIntegratedComponent:63 - No mode defined for component null
2024-04-04 14:09:28,305 [WARN] ModelIntegratedComponent:63 - No mode defined for component null
2024-04-04 14:09:28,378 [INFO] ThirdPartyModel:298 - Start build external matchings
2024-04-04 14:09:28,694 [INFO] ThirdPartyModel:316 - End build external matchings
2024-04-04 14:09:29,134 [INFO] UtilMem:75 - End LoadConfig() Used Memory: 217470640 Bytes (398458880)
2024-04-04 14:09:29,242 [INFO] ApiDb:581 - Connected to CubeFinder SQLite database (C:\Users\korb\.stmcufinder\plugins\mcufinder\mcu\cube-finder-db.db)
2024-04-04 14:09:29,301 [INFO] ApiDb:668 - CubeFinder database Data Model version=2.1
2024-04-04 14:09:29,302 [INFO] ApiDb:669 - CubeFinder database Configuration version=3.0.39
2024-04-04 14:09:29,303 [INFO] ApiDb:670 - CubeFinder database generation date=2024-02-19 (1708350410)
2024-04-04 14:09:29,304 [INFO] ApiDb:671 - CubeFinder database FW Pack versions=[FP-ATR-ASTRA1_V2.0.0, FP-SNS-FLIGHT1_V5.0.1, FP-SNS-FLIGHT1_V5.0.2, FP-SNS-MOTENV1_V4.3.1, FP-SNS-MOTENV1_V4.3.2, FP-SNS-MOTENVWB1_V1.3.1, FP-SNS-SMARTAG2_V1.2.0, STM32Cube_FW_C0_V1.1.0, STM32Cube_FW_F4_V1.28.0, STM32Cube_FW_F7_V1.17.0, STM32Cube_FW_G0_V1.6.2, STM32Cube_FW_G4_V1.5.2, STM32Cube_FW_H5_V0.5.1, STM32Cube_FW_H5_V1.1.1, STM32Cube_FW_H5_V1.2.0RC2, STM32Cube_FW_H7_V1.11.0, STM32Cube_FW_L0_V1.12.2, STM32Cube_FW_L5_V1.5.0, STM32Cube_FW_U5_V1.3.0RC4, STM32Cube_FW_U5_V1.4.0, STM32Cube_FW_WBA_V1.0.0RC1, STM32Cube_FW_WBA_V1.1.0RC1, STM32Cube_FW_WBA_V1.2.0, STM32Cube_FW_WBA_V1.2.0RC2, STM32Cube_FW_WB_V1.15.0RC1, STM32Cube_FW_WB_V1.16.0, STM32Cube_FW_WB_V1.16.0RC2, STM32Cube_FW_WB_V1.18.0, STM32Cube_FW_WL_V1.3.0, X-CUBE-ALGOBUILD_V1.3.0, X-CUBE-ALS_V1.0.1, X-CUBE-AZRTOS-F4_V1.1.0, X-CUBE-AZRTOS-F7_V1.1.0, X-CUBE-AZRTOS-G0_V1.1.0, X-CUBE-AZRTOS-G4_V2.0.0, X-CUBE-AZRTOS-H7_V3.2.0, X-CUBE-AZRTOS-L4_V1.0.0, X-CUBE-AZRTOS-L4_V2.0.0, X-CUBE-AZRTOS-L5_V1.1.0, X-CUBE-AZRTOS-WB_V2.0.0, X-CUBE-AZRTOS-WL_V2.0.0, X-CUBE-BLE1_V7.0.0, X-CUBE-BLE2_V3.3.0, X-CUBE-BLEMGR_V3.0.0, X-CUBE-EEPRMA1_V4.1.0, X-CUBE-EEPRMA1_V5.1.0, X-CUBE-FREERTOS_V1.1.0, X-CUBE-GNSS1_V6.0.0, X-CUBE-MEMS1_V10.0.0, X-CUBE-MEMS1_V9.1.0, X-CUBE-MEMS1_V9.4.0, X-CUBE-MEMS1_V9.6.0, X-CUBE-NFC4_V3.0.0, X-CUBE-NFC7_V1.0.1, X-CUBE-SFXS2LP1_V4.0.0, X-CUBE-SUBG2_V5.0.0, X-CUBE-TOF1_V3.4.0]
2024-04-04 14:09:30,972 [INFO] ApiDb:240 - Found 371 in-development CPN: [B-G473E-ZEST1S, B-WB1M-WPAN1, B-WL5M-SUBG1, NUCLEO-C031C6, NUCLEO-H503RB, NUCLEO-H563ZI, NUCLEO-U545RE-Q, NUCLEO-U5A5ZJ-Q, NUCLEO-WBA52CG, NUCLEO-WBA55CG, STEVAL-MKBOXPRO, STEVAL-PROTEUS1, STEVAL-STWINBX1, STM320518-EVAL, STM32C0116-DK, STM32C011D6Y3TR, STM32C011D6Y6TR, STM32C011F4P3, STM32C011F4P6, STM32C011F4U3, STM32C011F4U6TR, STM32C011F6P3, STM32C011F6P6, STM32C011F6U3, STM32C011F6U6TR, STM32C011J4M3, STM32C011J4M6, STM32C011J6M3, STM32C011J6M6, STM32C0316-DK, STM32C031C4T3, STM32C031C4T6, STM32C031C4U3, STM32C031C4U6, STM32C031C6T3, STM32C031C6T6, STM32C031C6U3, STM32C031C6U6, STM32C031F4P3, STM32C031F4P6, STM32C031F6P3, STM32C031F6P6, STM32C031G4U3, STM32C031G4U6, STM32C031G6U3, STM32C031G6U6, STM32C031K4T3, STM32C031K4T6, STM32C031K4U3, STM32C031K4U6, STM32C031K6T3, STM32C031K6T6, STM32C031K6U3, STM32C031K6U6, STM32G071K8TXN, STM32G071K8UXN, STM32G081GBU6N, STM32G081KBT6N, STM32G081KBUXN, STM32G0B1CCT6N, STM32G0B1KCT6, STM32G0B1NEY6TR, STM32G0B1RCT6N, STM32G0C1CCT6, STM32G0C1CCT6N, STM32G0C1CCU6N, STM32G0C1CET6N, STM32G0C1CEU6N, STM32G0C1KCT6, STM32G0C1NEY6TR, STM32G0C1RCI6N, STM32G0C1RCT6N, STM32G0C1REI6N, STM32G0C1RET6N, STM32G0C1VCI6, STM32G0C1VEI6, STM32G471CCT6, STM32G471CCU6, STM32G471CET3, STM32G471CET6, STM32G471CEU3, STM32G471CEU6, STM32G471MCT6, STM32G471MET3, STM32G471MET6, STM32G471MEY6TR, STM32G471QCT6, STM32G471QET3, STM32G471RCT6, STM32G471RET3, STM32G471RET6, STM32G471VCH6, STM32G471VCI6, STM32G471VCT6, STM32G471VEH3, STM32G471VEH6, STM32G471VEI3, STM32G471VEI6, STM32G471VET3, STM32G471VET6, STM32G474CCT6, STM32H503CBT6, STM32H503CBU6, STM32H503EBY6TR, STM32H503KBU6, STM32H503RBT6, STM32H562AGI6, STM32H562AII6, STM32H562IGK6, STM32H562IGT6, STM32H562IIK6, STM32H562IIT6, STM32H562RGT6, STM32H562RGV6, STM32H562RIT6, STM32H562RIV6, STM32H562VGT6, STM32H562VIT6, STM32H562ZGT6, STM32H562ZIT6, STM32H563AGI6, STM32H563AII3Q, STM32H563AII6, STM32H563IGK6, STM32H563IGT6, STM32H563IIK3Q, STM32H563IIK6, STM32H563IIT3Q, STM32H563IIT6, STM32H563MIY3QTR, STM32H563RGT6, STM32H563RGV6, STM32H563RIT6, STM32H563RIV6, STM32H563VGT6, STM32H563VIT3Q, STM32H563VIT6, STM32H563ZGT6, STM32H563ZIT3Q, STM32H563ZIT6, STM32H573AII3Q, STM32H573AII6, STM32H573I-DK, STM32H573IIK3Q, STM32H573IIK6, STM32H573IIT3Q, STM32H573IIT6, STM32H573MIY3QTR, STM32H573RIT6, STM32H573RIV6, STM32H573VIT3Q, STM32H573VIT6, STM32H573ZIT3Q, STM32H573ZIT6, STM32L4R5QGI6STR, STM32MP131AAE3, STM32MP131AAF3, STM32MP131AAG3, STM32MP131CAE3, STM32MP131CAF3, STM32MP131CAG3, STM32MP131DAE7, STM32MP131DAF7, STM32MP131DAG7, STM32MP131FAE7, STM32MP131FAF7, STM32MP131FAG7, STM32MP133AAE3, STM32MP133AAF3, STM32MP133AAG3, STM32MP133CAE3, STM32MP133CAF3, STM32MP133CAG3, STM32MP133DAE7, STM32MP133DAF7, STM32MP133DAG7, STM32MP133FAE7, STM32MP133FAF7, STM32MP133FAG7, STM32MP135AAE3, STM32MP135AAF3, STM32MP135AAG3, STM32MP135CAE3, STM32MP135CAF3, STM32MP135CAG3, STM32MP135DAE7, STM32MP135DAF7, STM32MP135DAG7, STM32MP135F-DK, STM32MP135FAE7, STM32MP135FAF7, STM32MP135FAF7T, STM32MP135FAF7U, STM32MP135FAG7, STM32U535CBT6, STM32U535CBT6Q, STM32U535CBU6, STM32U535CBU6Q, STM32U535CCT6, STM32U535CCT6Q, STM32U535CCU6, STM32U535CCU6Q, STM32U535CET6, STM32U535CET6Q, STM32U535CEU6, STM32U535CEU6Q, STM32U535JEY6QTR, STM32U535NCY6QTR, STM32U535NEY6QTR, STM32U535RBI6, STM32U535RBI6Q, STM32U535RBT6, STM32U535RBT6Q, STM32U535RCI6, STM32U535RCI6Q, STM32U535RCT6, STM32U535RCT6Q, STM32U535REI6, STM32U535REI6Q, STM32U535RET6, STM32U535RET6Q, STM32U535VCI6, STM32U535VCI6Q, STM32U535VCT6, STM32U535VCT6Q, STM32U535VEI6, STM32U535VEI6Q, STM32U535VET6, STM32U535VET6Q, STM32U545CET6, STM32U545CET6Q, STM32U545CEU6, STM32U545CEU6Q, STM32U545JEY6QTR, STM32U545NEY6QTR, STM32U545REI6, STM32U545REI6Q, STM32U545RET6, STM32U545RET6Q, STM32U545VEI6, STM32U545VEI6Q, STM32U545VET6, STM32U545VET6Q, STM32U595AIH6, STM32U595AIH6Q, STM32U595AJH6, STM32U595AJH6Q, STM32U595QII6, STM32U595QII6Q, STM32U595QJI6, STM32U595QJI6Q, STM32U595RIT6, STM32U595RIT6Q, STM32U595RJT6, STM32U595RJT6Q, STM32U595VIT6, STM32U595VIT6Q, STM32U595VJT6, STM32U595VJT6Q, STM32U595ZIT6, STM32U595ZIT6Q, STM32U595ZIY6QTR, STM32U595ZJT6, STM32U595ZJT6Q, STM32U595ZJY6QTR, STM32U599BJY6QTR, STM32U599NIH6Q, STM32U599NJH6Q, STM32U599VIT6Q, STM32U599VJT6, STM32U599VJT6Q, STM32U599ZIT6Q, STM32U599ZIY6QTR, STM32U599ZJT6Q, STM32U599ZJY6QTR, STM32U5A5AJH6, STM32U5A5AJH6Q, STM32U5A5QJI6, STM32U5A5QJI6Q, STM32U5A5RJT6, STM32U5A5RJT6Q, STM32U5A5VJT6, STM32U5A5VJT6Q, STM32U5A5ZJT6, STM32U5A5ZJT6Q, STM32U5A5ZJY6QTR, STM32U5A9BJY6QTR, STM32U5A9J-DK, STM32U5A9NJH6Q, STM32U5A9VJT6Q, STM32U5A9ZJT6Q, STM32U5A9ZJY6QTR, STM32U5F7VIT6, STM32U5F7VIT6Q, STM32U5F7VJT6, STM32U5F7VJT6Q, STM32U5F9BJY6QTR, STM32U5F9NJH6Q, STM32U5F9VIT6Q, STM32U5F9VJT6Q, STM32U5F9ZIJ6QTR, STM32U5F9ZIT6Q, STM32U5F9ZJJ6QTR, STM32U5F9ZJT6Q, STM32U5G7VJT6, STM32U5G7VJT6Q, STM32U5G9BJY6QTR, STM32U5G9J-DK1, STM32U5G9J-DK2, STM32U5G9NJH6Q, STM32U5G9VJT6Q, STM32U5G9ZJJ6QTR, STM32U5G9ZJT6Q, STM32WB1MMCH6, STM32WBA50KEU6, STM32WBA50KEU6TR, STM32WBA50KGU6, STM32WBA50KGU6TR, STM32WBA52CEU6, STM32WBA52CEU6TR, STM32WBA52CEU7, STM32WBA52CEU7TR, STM32WBA52CGU6, STM32WBA52CGU6TR, STM32WBA52CGU6U, STM32WBA52CGU7, STM32WBA52CGU7TR, STM32WBA52KEU6, STM32WBA52KEU6TR, STM32WBA52KGU6, STM32WBA52KGU6TR, STM32WBA54CEU6, STM32WBA54CEU6TR, STM32WBA54CEU7, STM32WBA54CEU7TR, STM32WBA54CGU6, STM32WBA54CGU6TR, STM32WBA54CGU7, STM32WBA54CGU7TR, STM32WBA54KEU6, STM32WBA54KEU6TR, STM32WBA54KEU7, STM32WBA54KEU7TR, STM32WBA54KGU6, STM32WBA54KGU6TR, STM32WBA54KGU7, STM32WBA54KGU7TR, STM32WBA55CEU6, STM32WBA55CEU6TR, STM32WBA55CEU7, STM32WBA55CEU7TR, STM32WBA55CGU6, STM32WBA55CGU6TR, STM32WBA55CGU6U, STM32WBA55CGU7, STM32WBA55CGU7TR, STM32WBA55G-DK1, STM32WBA55HEF6, STM32WBA55HEF7, STM32WBA55HGF6, STM32WBA55HGF7, STM32WBA55UEI6, STM32WBA55UEI6TR, STM32WBA55UEI7, STM32WBA55UEI7TR, STM32WBA55UGI6, STM32WBA55UGI6TR, STM32WBA55UGI7, STM32WBA55UGI7TR, STM32WL5MOCH6, STM32WL5MOCH6TR]
2024-04-04 14:09:30,998 [INFO] DbMcus:218 - Found 3930 MCUs, 3930 are supported
2024-04-04 14:09:30,999 [INFO] ApiDb:423 - Load user favorites file C:\Users\korb/.stm32cubeide/favorites.mcus.txt: 0 item(s)
2024-04-04 14:09:31,000 [INFO] ApiDb:427 - User favorites MCUs=[]
2024-04-04 14:09:31,001 [INFO] DbMcus:224 - Set 0 / 0 favorites MCUs
2024-04-04 14:09:31,308 [INFO] MicroXplorer:468 - Change Database Path : 
2024-04-04 14:09:31,309 [INFO] MicroXplorer:498 - Change Database Version : DB.6.0.100
2024-04-04 14:09:31,311 [WARN] ThirdParty:833 - waiting for thirdparty lock release [change project]
2024-04-04 14:09:31,312 [INFO] ThirdParty:835 - entering critical section [change project]
2024-04-04 14:09:31,313 [INFO] ThirdParty:1030 - CMSIS Pack Vendor :STMicroelectronics USBPD 4.1
2024-04-04 14:09:31,314 [INFO] ThirdParty:1030 - CMSIS Pack Vendor :STMicroelectronics X-CUBE-GNSS1 6.0.0
2024-04-04 14:09:31,315 [INFO] ThirdParty:1030 - CMSIS Pack Vendor :STMicroelectronics USB_HOST 2.0.0
2024-04-04 14:09:31,316 [INFO] ThirdParty:1030 - CMSIS Pack Vendor :STMicroelectronics X-CUBE-AZRTOS-F4 1.1.0
2024-04-04 14:09:31,317 [INFO] ThirdParty:1030 - CMSIS Pack Vendor :STMicroelectronics LIBJPEG 8.0.0
2024-04-04 14:09:31,318 [INFO] ThirdParty:1030 - CMSIS Pack Vendor :STMicroelectronics X-CUBE-SMBUS 2.1.0
2024-04-04 14:09:31,319 [INFO] ThirdParty:1030 - CMSIS Pack Vendor :STMicroelectronics USB_DEVICE 3.0.0
2024-04-04 14:09:31,320 [INFO] ThirdParty:1030 - CMSIS Pack Vendor :STMicroelectronics X-CUBE-AZRTOS-WB 2.0.0
2024-04-04 14:09:31,321 [INFO] ThirdParty:1030 - CMSIS Pack Vendor :wolfSSL I-CUBE-wolfSSL 5.6.6
2024-04-04 14:09:31,322 [INFO] ThirdParty:1030 - CMSIS Pack Vendor :STMicroelectronics X-CUBE-TOUCHGFX 4.23.0
2024-04-04 14:09:31,323 [INFO] ThirdParty:1030 - CMSIS Pack Vendor :STMicroelectronics X-CUBE-TOUCHGFX 4.23.2
2024-04-04 14:09:31,324 [INFO] ThirdParty:1030 - CMSIS Pack Vendor :STMicroelectronics X-CUBE-AZRTOS-F7 1.1.0
2024-04-04 14:09:31,326 [INFO] ThirdParty:1030 - CMSIS Pack Vendor :STMicroelectronics X-CUBE-AZRTOS-L5 2.0.0
2024-04-04 14:09:31,327 [INFO] ThirdParty:1030 - CMSIS Pack Vendor :STMicroelectronics USB_DEVICE 2.0.0
2024-04-04 14:09:31,328 [INFO] ThirdParty:1030 - CMSIS Pack Vendor :STMicroelectronics X-CUBE-NFC6 3.1.0
2024-04-04 14:09:31,329 [INFO] ThirdParty:1030 - CMSIS Pack Vendor :ITTIA_DB I-CUBE-ITTIADB 8.8.0
2024-04-04 14:09:31,330 [INFO] ThirdParty:1030 - CMSIS Pack Vendor :STMicroelectronics FP-SNS-MOTENV1 4.3.2
2024-04-04 14:09:31,331 [INFO] ThirdParty:1030 - CMSIS Pack Vendor :STMicroelectronics X-CUBE-ALGOBUILD 1.3.0
2024-04-04 14:09:31,332 [INFO] ThirdParty:1030 - CMSIS Pack Vendor :STMicroelectronics FreeRTOS 0.0.1
2024-04-04 14:09:31,333 [INFO] ThirdParty:1030 - CMSIS Pack Vendor :STMicroelectronics X-CUBE-AZRTOS-G0 1.1.0
2024-04-04 14:09:31,334 [INFO] ThirdParty:1030 - CMSIS Pack Vendor :STMicroelectronics X-CUBE-SAFEA1 1.2.2
2024-04-04 14:09:31,335 [INFO] ThirdParty:1030 - CMSIS Pack Vendor :STMicroelectronics X-CUBE-NFC4 3.0.0
2024-04-04 14:09:31,336 [INFO] ThirdParty:1030 - CMSIS Pack Vendor :STMicroelectronics X-CUBE-SUBG2 5.0.0
2024-04-04 14:09:31,337 [INFO] ThirdParty:1030 - CMSIS Pack Vendor :STMicroelectronics STM32_WPAN 1.0.0
2024-04-04 14:09:31,339 [INFO] ThirdParty:1030 - CMSIS Pack Vendor :STMicroelectronics lwIP 2.0.3
2024-04-04 14:09:31,340 [INFO] ThirdParty:1030 - CMSIS Pack Vendor :STMicroelectronics FP-SNS-FLIGHT1 5.0.2
2024-04-04 14:09:31,341 [INFO] ThirdParty:1030 - CMSIS Pack Vendor :STMicroelectronics USB_HOST 1.0.0
2024-04-04 14:09:31,342 [INFO] ThirdParty:1030 - CMSIS Pack Vendor :STMicroelectronics X-CUBE-AZRTOS-G4 2.0.0
2024-04-04 14:09:31,343 [INFO] ThirdParty:1030 - CMSIS Pack Vendor :STMicroelectronics PDM2PCM 3.1.0
2024-04-04 14:09:31,344 [INFO] ThirdParty:1030 - CMSIS Pack Vendor :Infineon AIROC-Wi-Fi-Bluetooth-STM32 1.5.1
2024-04-04 14:09:31,345 [INFO] ThirdParty:1030 - CMSIS Pack Vendor :STMicroelectronics PDM2PCM 3.3.0
2024-04-04 14:09:31,346 [INFO] ThirdParty:1030 - CMSIS Pack Vendor :STMicroelectronics X-CUBE-DISPLAY 3.0.0
2024-04-04 14:09:31,347 [INFO] ThirdParty:1030 - CMSIS Pack Vendor :STMicroelectronics FP-SNS-MOTENVWB1 1.3.1
2024-04-04 14:09:31,348 [INFO] ThirdParty:1030 - CMSIS Pack Vendor :STMicroelectronics X-CUBE-BLE1 7.0.0
2024-04-04 14:09:31,349 [INFO] ThirdParty:1030 - CMSIS Pack Vendor :STMicroelectronics FP-ATR-SIGFOX1 3.2.0
2024-04-04 14:09:31,351 [INFO] ThirdParty:1030 - CMSIS Pack Vendor :STMicroelectronics X-CUBE-ISPU 2.0.0
2024-04-04 14:09:31,352 [INFO] ThirdParty:1030 - CMSIS Pack Vendor :STMicroelectronics X-CUBE-EEPRMA1 5.1.0
2024-04-04 14:09:31,353 [INFO] ThirdParty:1030 - CMSIS Pack Vendor :STMicroelectronics HAL Drivers 0.0.0
2024-04-04 14:09:31,354 [INFO] ThirdParty:1030 - CMSIS Pack Vendor :STMicroelectronics MBEDTLS 2.16.2
2024-04-04 14:09:31,355 [INFO] ThirdParty:1030 - CMSIS Pack Vendor :emotas I-CUBE-CANOPEN 1.3.0
2024-04-04 14:09:31,356 [INFO] ThirdParty:1030 - CMSIS Pack Vendor :STMicroelectronics X-CUBE-MEMS1 10.0.0
2024-04-04 14:09:31,358 [INFO] ThirdParty:1030 - CMSIS Pack Vendor :STMicroelectronics X-CUBE-FREERTOS 1.1.0
2024-04-04 14:09:31,360 [INFO] ThirdParty:1030 - CMSIS Pack Vendor :STMicroelectronics X-CUBE-NFC7 1.0.1
2024-04-04 14:09:31,361 [INFO] ThirdParty:1030 - CMSIS Pack Vendor :STMicroelectronics MBEDTLS 2.14.1
2024-04-04 14:09:31,363 [INFO] ThirdParty:1030 - CMSIS Pack Vendor :STMicroelectronics X-CUBE-NFC6 3.0.0
2024-04-04 14:09:31,364 [INFO] ThirdParty:1030 - CMSIS Pack Vendor :portGmbH I-Cube-SoM-uGOAL 1.1.0
2024-04-04 14:09:31,365 [INFO] ThirdParty:1030 - CMSIS Pack Vendor :STMicroelectronics X-CUBE-ALS 1.0.1
2024-04-04 14:09:31,367 [INFO] ThirdParty:1030 - CMSIS Pack Vendor :STMicroelectronics X-CUBE-BLEMGR 3.1.0
2024-04-04 14:09:31,368 [INFO] ThirdParty:1030 - CMSIS Pack Vendor :STMicroelectronics ThreadX 1.0.0
2024-04-04 14:09:31,371 [INFO] ThirdParty:1030 - CMSIS Pack Vendor :STMicroelectronics FP-SNS-SMARTAG2 1.2.0
2024-04-04 14:09:31,372 [INFO] ThirdParty:1030 - CMSIS Pack Vendor :STMicroelectronics X-CUBE-AZRTOS-WL 2.0.0
2024-04-04 14:09:31,375 [INFO] ThirdParty:1030 - CMSIS Pack Vendor :SEGGER I-CUBE-embOS 1.3.1
2024-04-04 14:09:31,376 [INFO] ThirdParty:1030 - CMSIS Pack Vendor :STMicroelectronics FP-SNS-MOTENV1 5.0.0
2024-04-04 14:09:31,378 [INFO] ThirdParty:1030 - CMSIS Pack Vendor :STMicroelectronics USB_DEVICE 1.0.0
2024-04-04 14:09:31,379 [INFO] ThirdParty:1030 - CMSIS Pack Vendor :STMicroelectronics X-CUBE-AI 8.1.0
2024-04-04 14:09:31,381 [INFO] ThirdParty:1030 - CMSIS Pack Vendor :STMicroelectronics X-CUBE-AZRTOS-L4 2.0.0
2024-04-04 14:09:31,382 [INFO] ThirdParty:1030 - CMSIS Pack Vendor :STMicroelectronics ThreadX 0.0.2
2024-04-04 14:09:31,383 [INFO] ThirdParty:1030 - CMSIS Pack Vendor :WES I-CUBE-Cesium 1.3.0
2024-04-04 14:09:31,385 [INFO] ThirdParty:1030 - CMSIS Pack Vendor :STMicroelectronics FP-ATR-ASTRA1 2.0.0
2024-04-04 14:09:31,386 [INFO] ThirdParty:1030 - CMSIS Pack Vendor :STMicroelectronics lwIP 2.1.2
2024-04-04 14:09:31,389 [INFO] ThirdParty:1030 - CMSIS Pack Vendor :STMicroelectronics X-CUBE-SFXS2LP1 4.0.0
2024-04-04 14:09:31,390 [INFO] ThirdParty:1030 - CMSIS Pack Vendor :STMicroelectronics X-CUBE-BLE2 3.3.0
2024-04-04 14:09:31,391 [INFO] ThirdParty:1030 - CMSIS Pack Vendor :STMicroelectronics X-CUBE-TOF1 3.4.1
2024-04-04 14:09:31,393 [INFO] ThirdParty:1030 - CMSIS Pack Vendor :STMicroelectronics X-CUBE-AZRTOS-H7 3.2.0
2024-04-04 14:09:31,394 [INFO] ThirdParty:1030 - CMSIS Pack Vendor :STMicroelectronics PDM2PCM 3.2.0
2024-04-04 14:09:31,396 [INFO] ThirdParty:841 - exiting critical section [change project]
2024-04-04 14:09:31,817 [INFO] PinOutPanel:1499 - setPackage(No Configuration,No Configuration)
2024-04-04 14:09:31,819 [INFO] PinOutPanel:1499 - setPackage(STM32L4R5ZITxP,LQFP144)
2024-04-04 14:09:32,287 [INFO] UtilMem:75 - Before build in PCC Used Memory: 244090880 Bytes (398458880)
2024-04-04 14:09:33,150 [INFO] UtilMem:75 - After build in PCC Used Memory: 226752584 Bytes (398458880)
2024-04-04 14:09:33,180 [INFO] IPUIPlugin:80 - create IPUIPlugin
2024-04-04 14:09:33,182 [INFO] IPUIPlugin:80 - create IPUIPlugin
2024-04-04 14:09:33,183 [INFO] IPUIPlugin:80 - create IPUIPlugin
2024-04-04 14:09:33,184 [INFO] IPUIPlugin:80 - create IPUIPlugin
2024-04-04 14:09:33,185 [INFO] IPUIPlugin:80 - create IPUIPlugin
2024-04-04 14:09:33,186 [INFO] IPUIPlugin:80 - create IPUIPlugin
2024-04-04 14:09:33,187 [INFO] IPUIPlugin:80 - create IPUIPlugin
2024-04-04 14:09:33,188 [INFO] IPUIPlugin:80 - create IPUIPlugin
2024-04-04 14:09:33,189 [INFO] IPUIPlugin:80 - create IPUIPlugin
2024-04-04 14:09:33,190 [INFO] IPUIPlugin:80 - create IPUIPlugin
2024-04-04 14:09:33,191 [INFO] IPUIPlugin:80 - create IPUIPlugin
2024-04-04 14:09:33,192 [INFO] IPUIPlugin:80 - create IPUIPlugin
2024-04-04 14:09:33,193 [INFO] IPUIPlugin:80 - create IPUIPlugin
2024-04-04 14:09:33,194 [INFO] IPUIPlugin:80 - create IPUIPlugin
2024-04-04 14:09:33,195 [INFO] IPUIPlugin:80 - create IPUIPlugin
2024-04-04 14:09:33,196 [INFO] IPUIPlugin:80 - create IPUIPlugin
2024-04-04 14:09:33,198 [INFO] IPUIPlugin:80 - create IPUIPlugin
2024-04-04 14:09:33,199 [INFO] IPUIPlugin:80 - create IPUIPlugin
2024-04-04 14:09:33,200 [INFO] IPUIPlugin:80 - create IPUIPlugin
2024-04-04 14:09:33,201 [INFO] IPUIPlugin:80 - create IPUIPlugin
2024-04-04 14:09:33,202 [INFO] IPUIPlugin:80 - create IPUIPlugin
2024-04-04 14:09:33,203 [INFO] IPUIPlugin:80 - create IPUIPlugin
2024-04-04 14:09:33,204 [INFO] IPUIPlugin:80 - create IPUIPlugin
2024-04-04 14:09:33,205 [INFO] IPUIPlugin:80 - create IPUIPlugin
2024-04-04 14:09:33,207 [INFO] IPUIPlugin:80 - create IPUIPlugin
2024-04-04 14:09:33,208 [INFO] IPUIPlugin:80 - create IPUIPlugin
2024-04-04 14:09:33,209 [INFO] IPUIPlugin:80 - create IPUIPlugin
2024-04-04 14:09:33,210 [INFO] IPUIPlugin:80 - create IPUIPlugin
2024-04-04 14:09:33,211 [INFO] IPUIPlugin:80 - create IPUIPlugin
2024-04-04 14:09:33,212 [INFO] IPUIPlugin:80 - create IPUIPlugin
2024-04-04 14:09:33,213 [INFO] IPUIPlugin:80 - create IPUIPlugin
2024-04-04 14:09:33,215 [INFO] IPUIPlugin:80 - create IPUIPlugin
2024-04-04 14:09:33,216 [INFO] IPUIPlugin:80 - create IPUIPlugin
2024-04-04 14:09:33,217 [INFO] IPUIPlugin:80 - create IPUIPlugin
2024-04-04 14:09:33,218 [INFO] IPUIPlugin:80 - create IPUIPlugin
2024-04-04 14:09:33,220 [INFO] IPUIPlugin:80 - create IPUIPlugin
2024-04-04 14:09:33,221 [INFO] IPUIPlugin:80 - create IPUIPlugin
2024-04-04 14:09:33,222 [INFO] IPUIPlugin:80 - create IPUIPlugin
2024-04-04 14:09:33,223 [INFO] IPUIPlugin:80 - create IPUIPlugin
2024-04-04 14:09:33,224 [INFO] IPUIPlugin:80 - create IPUIPlugin
2024-04-04 14:09:33,225 [INFO] IPUIPlugin:80 - create IPUIPlugin
2024-04-04 14:09:33,227 [INFO] IPUIPlugin:80 - create IPUIPlugin
2024-04-04 14:09:33,228 [INFO] IPUIPlugin:80 - create IPUIPlugin
2024-04-04 14:09:33,229 [INFO] IPUIPlugin:80 - create IPUIPlugin
2024-04-04 14:09:33,230 [INFO] IPUIPlugin:80 - create IPUIPlugin
2024-04-04 14:09:33,231 [INFO] IPUIPlugin:80 - create IPUIPlugin
2024-04-04 14:09:33,233 [INFO] IPUIPlugin:80 - create IPUIPlugin
2024-04-04 14:09:33,234 [INFO] IPUIPlugin:80 - create IPUIPlugin
2024-04-04 14:09:33,235 [INFO] IPUIPlugin:80 - create IPUIPlugin
2024-04-04 14:09:33,236 [INFO] IPUIPlugin:80 - create IPUIPlugin
2024-04-04 14:09:33,237 [INFO] IPUIPlugin:80 - create IPUIPlugin
2024-04-04 14:09:33,239 [INFO] IPUIPlugin:80 - create IPUIPlugin
2024-04-04 14:09:33,240 [INFO] IPUIPlugin:80 - create IPUIPlugin
2024-04-04 14:09:33,241 [INFO] IPUIPlugin:80 - create IPUIPlugin
2024-04-04 14:09:33,242 [INFO] IPUIPlugin:80 - create IPUIPlugin
2024-04-04 14:09:33,244 [INFO] IPUIPlugin:80 - create IPUIPlugin
2024-04-04 14:09:33,245 [INFO] IPUIPlugin:80 - create IPUIPlugin
2024-04-04 14:09:33,246 [INFO] IPUIPlugin:80 - create IPUIPlugin
2024-04-04 14:09:33,248 [INFO] IPUIPlugin:80 - create IPUIPlugin
2024-04-04 14:09:33,249 [INFO] IPUIPlugin:80 - create IPUIPlugin
2024-04-04 14:09:33,250 [INFO] IPUIPlugin:80 - create IPUIPlugin
2024-04-04 14:09:33,465 [INFO] CADModel:165 - CPN selected for project levelSTM32L4R5ZIT6P
2024-04-04 14:09:33,490 [INFO] CADModel:114 - Register for checkConnection events
2024-04-04 14:09:33,542 [INFO] OpenFileManager:343 - Restore cursor
2024-04-04 14:09:43,376 [ERROR] LogOutputStream:75 - [STDERR_REDIRECT] SLF4J: Failed to load class "org.slf4j.impl.StaticLoggerBinder".
2024-04-04 14:09:43,379 [ERROR] LogOutputStream:75 - [STDERR_REDIRECT] SLF4J: Defaulting to no-operation (NOP) logger implementation
2024-04-04 14:09:43,381 [ERROR] LogOutputStream:75 - [STDERR_REDIRECT] SLF4J: See http://www.slf4j.org/codes.html#StaticLoggerBinder for further details.
2024-04-04 17:37:11,977 [ERROR] LogOutputStream:75 - [STDERR_REDIRECT] 
