2024-03-14 14:34:39,708 [INFO] Activator:176 - 


2024-03-14 14:34:39,755 [INFO] Activator:177 - !SESSION log4j initialized
2024-03-14 14:34:44,565 [INFO] LogOutputStream:77 - [STDOUT_REDIRECT] 
2024-03-14 14:34:46,344 [INFO] ApplicationProperties:184 - Using Application install path: C:\ST\STM32CubeIDE_1.14.0\STM32CubeIDE\plugins\com.st.stm32cube.common.mx_6.10.0.202311202037
2024-03-14 14:34:46,369 [INFO] DbMcusXml:78 - Set database path to: C:\ST\STM32CubeIDE_1.14.0\STM32CubeIDE\plugins\com.st.stm32cube.common.mx_6.10.0.202311202037\\db\/mcu/
2024-03-14 14:34:46,371 [INFO] ApiDb:274 - Set plugin database path to: C:\ST\STM32CubeIDE_1.14.0\STM32CubeIDE\plugins\com.st.stm32cube.common.mx_6.10.0.202311202037\\db\/plugins/boardmanager/
2024-03-14 14:34:46,372 [WARN] ApiDb:259 - Overriding images path with different value:  => C:\ST\STM32CubeIDE_1.14.0\STM32CubeIDE\plugins\com.st.stm32cube.common.mx_6.10.0.202311202037\\db\/plugins/mcufinder/images/
2024-03-14 14:34:46,380 [INFO] ApiDb:250 - Set database path to: C:\Users\korb\.stmcufinder\plugins\mcufinder//mcu/
2024-03-14 14:34:46,383 [INFO] DbMcusAds:125 - Set database path to: C:\Users\korb\.stmcufinder\plugins\mcufinder//mcu/
2024-03-14 14:34:46,386 [INFO] CrossReferenceDbSqlite:203 - Set database path to: C:\Users\korb\.stmcufinder\plugins\mcufinder//mcu/cs/
2024-03-14 14:34:46,518 [INFO] RulesReader:64 - Compatibility file has been processed (297 Rules)
2024-03-14 14:34:46,579 [INFO] DbMcusXml:78 - Set database path to: C:\ST\STM32CubeIDE_1.14.0\STM32CubeIDE\plugins\com.st.stm32cube.common.mx_6.10.0.202311202037\\db\/mcu/
2024-03-14 14:34:46,580 [INFO] ApiDb:274 - Set plugin database path to: C:\ST\STM32CubeIDE_1.14.0\STM32CubeIDE\plugins\com.st.stm32cube.common.mx_6.10.0.202311202037\\db\/plugins/boardmanager/
2024-03-14 14:34:46,581 [INFO] ApiDb:261 - Set plugin images path to: C:\ST\STM32CubeIDE_1.14.0\STM32CubeIDE\plugins\com.st.stm32cube.common.mx_6.10.0.202311202037\\db\/plugins/mcufinder/images/
2024-03-14 14:34:46,583 [WARN] DbFile:41 - Overriding database path with different value: C:\Users\korb\.stmcufinder\plugins\mcufinder/ => C:\Users\korb\.stmcufinder\plugins\mcufinder
2024-03-14 14:34:46,584 [INFO] ApiDb:250 - Set database path to: C:\Users\korb\.stmcufinder\plugins\mcufinder//mcu/
2024-03-14 14:34:46,585 [WARN] DbFile:41 - Overriding database path with different value: C:\Users\korb\.stmcufinder\plugins\mcufinder/ => C:\Users\korb\.stmcufinder\plugins\mcufinder
2024-03-14 14:34:46,586 [INFO] DbMcusAds:125 - Set database path to: C:\Users\korb\.stmcufinder\plugins\mcufinder//mcu/
2024-03-14 14:34:46,587 [WARN] DbFile:41 - Overriding database path with different value: C:\Users\korb\.stmcufinder\plugins\mcufinder/ => C:\Users\korb\.stmcufinder\plugins\mcufinder
2024-03-14 14:34:46,588 [WARN] DbFile:41 - Overriding database path with different value: C:\Users\korb\.stmcufinder\plugins\mcufinder/ => C:\Users\korb\.stmcufinder\plugins\mcufinder
2024-03-14 14:34:46,589 [INFO] CrossReferenceDbSqlite:203 - Set database path to: C:\Users\korb\.stmcufinder\plugins\mcufinder//mcu/cs/
2024-03-14 14:34:46,649 [INFO] MainPanel:264 - HeapMemory: 268435456
2024-03-14 14:34:46,709 [INFO] DbMcusXml:78 - Set database path to: C:\ST\STM32CubeIDE_1.14.0\STM32CubeIDE\plugins\com.st.stm32cube.common.mx_6.10.0.202311202037\\db\/mcu/
2024-03-14 14:34:46,711 [INFO] ApiDb:274 - Set plugin database path to: C:\ST\STM32CubeIDE_1.14.0\STM32CubeIDE\plugins\com.st.stm32cube.common.mx_6.10.0.202311202037\\db\/plugins/boardmanager/
2024-03-14 14:34:46,712 [INFO] ApiDb:261 - Set plugin images path to: C:\ST\STM32CubeIDE_1.14.0\STM32CubeIDE\plugins\com.st.stm32cube.common.mx_6.10.0.202311202037\\db\/plugins/mcufinder/images/
2024-03-14 14:34:46,713 [WARN] DbFile:41 - Overriding database path with different value: C:\Users\korb\.stmcufinder\plugins\mcufinder/ => C:\Users\korb\.stmcufinder\plugins\mcufinder
2024-03-14 14:34:46,714 [INFO] ApiDb:250 - Set database path to: C:\Users\korb\.stmcufinder\plugins\mcufinder//mcu/
2024-03-14 14:34:46,715 [WARN] DbFile:41 - Overriding database path with different value: C:\Users\korb\.stmcufinder\plugins\mcufinder/ => C:\Users\korb\.stmcufinder\plugins\mcufinder
2024-03-14 14:34:46,716 [INFO] DbMcusAds:125 - Set database path to: C:\Users\korb\.stmcufinder\plugins\mcufinder//mcu/
2024-03-14 14:34:46,717 [WARN] DbFile:41 - Overriding database path with different value: C:\Users\korb\.stmcufinder\plugins\mcufinder/ => C:\Users\korb\.stmcufinder\plugins\mcufinder
2024-03-14 14:34:46,719 [WARN] DbFile:41 - Overriding database path with different value: C:\Users\korb\.stmcufinder\plugins\mcufinder/ => C:\Users\korb\.stmcufinder\plugins\mcufinder
2024-03-14 14:34:46,720 [INFO] CrossReferenceDbSqlite:203 - Set database path to: C:\Users\korb\.stmcufinder\plugins\mcufinder//mcu/cs/
2024-03-14 14:34:46,732 [INFO] ApplicationProperties:184 - Using Application install path: C:\ST\STM32CubeIDE_1.14.0\STM32CubeIDE\plugins\com.st.stm32cube.common.mx_6.10.0.202311202037
2024-03-14 14:34:46,734 [INFO] PluginManage:196 - Search for loadable plugins [exclusion list=, ]
2024-03-14 14:34:46,736 [INFO] PluginManage:310 - Check plugin analytics
2024-03-14 14:34:46,866 [INFO] AnalyticsPlugin:253 - Accepted Software Licenses: 
2024-03-14 14:34:46,868 [INFO] AnalyticsPlugin:255 - Accepted CMSIS Pack Licenses: 
2024-03-14 14:34:46,869 [INFO] AnalyticsPlugin:257 - Accepted Firmware Licenses: 
2024-03-14 14:34:46,873 [INFO] PluginManage:359 - Loaded plugin analytics (category:tool,tabindex:-1)
2024-03-14 14:34:46,874 [INFO] PluginManage:310 - Check plugin cadmodel
2024-03-14 14:34:46,885 [INFO] CADModel:105 - Init CAD model plugin
2024-03-14 14:34:46,886 [INFO] PluginManage:359 - Loaded plugin cadmodel (category:power,tabindex:5)
2024-03-14 14:34:46,887 [INFO] PluginManage:310 - Check plugin clock
2024-03-14 14:34:46,905 [INFO] PluginManage:359 - Loaded plugin clock (category:base,tabindex:2)
2024-03-14 14:34:46,906 [INFO] PluginManage:310 - Check plugin ddr
2024-03-14 14:34:46,910 [INFO] PluginManage:359 - Loaded plugin ddr (category:tool,tabindex:6)
2024-03-14 14:34:46,911 [INFO] PluginManage:310 - Check plugin filemanager
2024-03-14 14:34:47,017 [INFO] PluginManage:359 - Loaded plugin filemanager (category:base,tabindex:10)
2024-03-14 14:34:47,018 [INFO] PluginManage:310 - Check plugin ipmanager
2024-03-14 14:34:47,024 [INFO] PluginManage:359 - Loaded plugin ipmanager (category:base,tabindex:5)
2024-03-14 14:34:47,025 [INFO] PluginManage:310 - Check plugin lpbam
2024-03-14 14:34:47,038 [INFO] PluginManage:359 - Loaded plugin lpbam (category:base,tabindex:0)
2024-03-14 14:34:47,039 [INFO] PluginManage:310 - Check plugin memorymap
2024-03-14 14:34:47,055 [INFO] PluginManage:359 - Loaded plugin memorymap (category:base,tabindex:4)
2024-03-14 14:34:47,056 [INFO] PluginManage:310 - Check plugin pinoutandconfiguration
2024-03-14 14:34:47,069 [INFO] PluginManage:359 - Loaded plugin pinoutandconfiguration (category:base,tabindex:1)
2024-03-14 14:34:47,070 [INFO] PluginManage:310 - Check plugin pinoutconfig
2024-03-14 14:34:47,150 [WARN] SupportedApi:132 - Cannot load RTOS API schema: s4s-elt-must-match.1: The content of 'definitions' must match (annotation?, (simpleType | complexType)?, (unique | key | keyref)*)). A problem was found starting at: attribute.
2024-03-14 14:34:47,273 [INFO] PluginManage:359 - Loaded plugin pinoutconfig (category:base,tabindex:0)
2024-03-14 14:34:47,274 [INFO] PluginManage:310 - Check plugin power
2024-03-14 14:34:47,291 [INFO] PluginManage:359 - Loaded plugin power (category:power,tabindex:4)
2024-03-14 14:34:47,292 [INFO] PluginManage:310 - Check plugin projectmanager
2024-03-14 14:34:47,305 [INFO] PluginManage:359 - Loaded plugin projectmanager (category:projectmanager,tabindex:3)
2024-03-14 14:34:47,306 [INFO] PluginManage:310 - Check plugin thirdparty
2024-03-14 14:34:47,505 [WARN] IntegrityCheckThread:84 - waiting for thirdparty lock release [integrity check]
2024-03-14 14:34:47,505 [INFO] PluginManage:359 - Loaded plugin thirdparty (category:base,tabindex:-1)
2024-03-14 14:34:47,506 [INFO] IntegrityCheckThread:86 - entering critical section [integrity check]
2024-03-14 14:34:47,507 [INFO] PluginManage:310 - Check plugin tools
2024-03-14 14:34:47,508 [INFO] ThirdPartyUpdaterWithRetryManager:70 - Updater plugin not ready yet. [1/15]
2024-03-14 14:34:47,532 [INFO] PluginManage:359 - Loaded plugin tools (category:base,tabindex:7)
2024-03-14 14:34:47,534 [INFO] PluginManage:310 - Check plugin tutovideos
2024-03-14 14:34:47,684 [INFO] PluginManage:359 - Loaded plugin tutovideos (category:base,tabindex:-1)
2024-03-14 14:34:47,685 [INFO] PluginManage:310 - Check plugin updater
2024-03-14 14:34:47,693 [INFO] PluginManage:359 - Loaded plugin updater (category:base,tabindex:12)
2024-03-14 14:34:47,695 [INFO] PluginManage:310 - Check plugin userauth
2024-03-14 14:34:47,699 [INFO] UserAuth:114 - Init User Auth plugin
2024-03-14 14:34:47,700 [INFO] PluginManage:359 - Loaded plugin userauth (category:base,tabindex:14)
2024-03-14 14:34:47,702 [INFO] PluginManage:283 - PluginManage : Loaded plugins [17]
2024-03-14 14:34:47,847 [INFO] PinOutPanel:1499 - setPackage(No Configuration,No Configuration)
2024-03-14 14:34:47,898 [INFO] CADModel:165 - CPN selected for project level
2024-03-14 14:34:47,900 [INFO] CADModel:114 - Register for checkConnection events
2024-03-14 14:34:47,918 [INFO] IPUIPlugin:80 - create IPUIPlugin
2024-03-14 14:34:47,920 [INFO] PluginManager:220 - loadIPPluginJar : add adc
2024-03-14 14:34:47,945 [INFO] IPUIPlugin:80 - create IPUIPlugin
2024-03-14 14:34:47,947 [INFO] PluginManager:220 - loadIPPluginJar : add aes
2024-03-14 14:34:47,976 [INFO] IPUIPlugin:80 - create IPUIPlugin
2024-03-14 14:34:47,978 [INFO] PluginManager:220 - loadIPPluginJar : add can
2024-03-14 14:34:48,008 [INFO] IPUIPlugin:80 - create IPUIPlugin
2024-03-14 14:34:48,010 [INFO] PluginManager:220 - loadIPPluginJar : add comp
2024-03-14 14:34:48,034 [INFO] IPUIPlugin:80 - create IPUIPlugin
2024-03-14 14:34:48,036 [INFO] PluginManager:220 - loadIPPluginJar : add cryp
2024-03-14 14:34:48,058 [INFO] IPUIPlugin:80 - create IPUIPlugin
2024-03-14 14:34:48,060 [INFO] PluginManager:220 - loadIPPluginJar : add dfsdm
2024-03-14 14:34:48,070 [INFO] IPUIPlugin:80 - create IPUIPlugin
2024-03-14 14:34:48,072 [INFO] PluginManager:220 - loadIPPluginJar : add dma
2024-03-14 14:34:48,103 [INFO] IPUIPlugin:80 - create IPUIPlugin
2024-03-14 14:34:48,105 [INFO] PluginManager:220 - loadIPPluginJar : add dma3
2024-03-14 14:34:48,120 [INFO] IPUIPlugin:80 - create IPUIPlugin
2024-03-14 14:34:48,121 [INFO] PluginManager:220 - loadIPPluginJar : add fatfs
2024-03-14 14:34:48,156 [INFO] IPUIPlugin:80 - create IPUIPlugin
2024-03-14 14:34:48,157 [INFO] PluginManager:220 - loadIPPluginJar : add fmc
2024-03-14 14:34:48,179 [INFO] IPUIPlugin:80 - create IPUIPlugin
2024-03-14 14:34:48,181 [INFO] PluginManager:220 - loadIPPluginJar : add freertos
2024-03-14 14:34:48,198 [INFO] IPUIPlugin:80 - create IPUIPlugin
2024-03-14 14:34:48,199 [INFO] PluginManager:220 - loadIPPluginJar : add genericplugin
2024-03-14 14:34:48,261 [INFO] IPUIPlugin:80 - create IPUIPlugin
2024-03-14 14:34:48,262 [INFO] PluginManager:220 - loadIPPluginJar : add gfxmmu
2024-03-14 14:34:48,349 [INFO] IPUIPlugin:80 - create IPUIPlugin
2024-03-14 14:34:48,350 [INFO] PluginManager:220 - loadIPPluginJar : add gic
2024-03-14 14:34:48,360 [INFO] IPUIPlugin:80 - create IPUIPlugin
2024-03-14 14:34:48,361 [INFO] PluginManager:220 - loadIPPluginJar : add gpio
2024-03-14 14:34:48,424 [INFO] IPUIPlugin:80 - create IPUIPlugin
2024-03-14 14:34:48,425 [INFO] PluginManager:220 - loadIPPluginJar : add gtzc
2024-03-14 14:34:48,448 [INFO] IPUIPlugin:80 - create IPUIPlugin
2024-03-14 14:34:48,450 [INFO] PluginManager:220 - loadIPPluginJar : add hash
2024-03-14 14:34:48,485 [INFO] IPUIPlugin:80 - create IPUIPlugin
2024-03-14 14:34:48,486 [INFO] PluginManager:220 - loadIPPluginJar : add i2c
2024-03-14 14:34:48,514 [INFO] IPUIPlugin:80 - create IPUIPlugin
2024-03-14 14:34:48,515 [INFO] PluginManager:220 - loadIPPluginJar : add i2s
2024-03-14 14:34:48,544 [INFO] IPUIPlugin:80 - create IPUIPlugin
2024-03-14 14:34:48,545 [INFO] PluginManager:220 - loadIPPluginJar : add i3c
2024-03-14 14:34:48,620 [INFO] IPUIPlugin:80 - create IPUIPlugin
2024-03-14 14:34:48,621 [INFO] PluginManager:220 - loadIPPluginJar : add ipddr
2024-03-14 14:34:48,683 [INFO] IPUIPlugin:80 - create IPUIPlugin
2024-03-14 14:34:48,684 [INFO] PluginManager:220 - loadIPPluginJar : add linkedlist
2024-03-14 14:34:48,708 [INFO] IPUIPlugin:80 - create IPUIPlugin
2024-03-14 14:34:48,709 [INFO] PluginManager:220 - loadIPPluginJar : add lorawan
2024-03-14 14:34:48,734 [INFO] IPUIPlugin:80 - create IPUIPlugin
2024-03-14 14:34:48,736 [INFO] PluginManager:220 - loadIPPluginJar : add ltdc
2024-03-14 14:34:48,747 [INFO] IPUIPlugin:80 - create IPUIPlugin
2024-03-14 14:34:48,748 [INFO] PluginManager:220 - loadIPPluginJar : add mdma
2024-03-14 14:34:48,757 [INFO] IPUIPlugin:80 - create IPUIPlugin
2024-03-14 14:34:48,759 [INFO] PluginManager:220 - loadIPPluginJar : add nvic
2024-03-14 14:34:48,786 [INFO] IPUIPlugin:80 - create IPUIPlugin
2024-03-14 14:34:48,788 [INFO] PluginManager:220 - loadIPPluginJar : add opamp
2024-03-14 14:34:48,830 [INFO] IPUIPlugin:80 - create IPUIPlugin
2024-03-14 14:34:48,831 [INFO] PluginManager:220 - loadIPPluginJar : add openamp
2024-03-14 14:34:48,860 [INFO] IPUIPlugin:80 - create IPUIPlugin
2024-03-14 14:34:48,862 [INFO] PluginManager:220 - loadIPPluginJar : add pdm2pcm
2024-03-14 14:34:48,872 [INFO] IPUIPlugin:80 - create IPUIPlugin
2024-03-14 14:34:48,879 [INFO] PluginManager:220 - loadIPPluginJar : add plateformsettings
2024-03-14 14:34:48,895 [INFO] IPUIPlugin:80 - create IPUIPlugin
2024-03-14 14:34:48,896 [INFO] PluginManager:220 - loadIPPluginJar : add quadspi
2024-03-14 14:34:48,916 [INFO] IPUIPlugin:80 - create IPUIPlugin
2024-03-14 14:34:48,918 [INFO] PluginManager:220 - loadIPPluginJar : add resmgrutility
2024-03-14 14:34:48,952 [INFO] IPUIPlugin:80 - create IPUIPlugin
2024-03-14 14:34:48,954 [INFO] PluginManager:220 - loadIPPluginJar : add sai
2024-03-14 14:34:48,994 [INFO] IPUIPlugin:80 - create IPUIPlugin
2024-03-14 14:34:48,995 [INFO] PluginManager:220 - loadIPPluginJar : add spi
2024-03-14 14:34:49,044 [INFO] IPUIPlugin:80 - create IPUIPlugin
2024-03-14 14:34:49,045 [INFO] PluginManager:220 - loadIPPluginJar : add stm32_wpan
2024-03-14 14:34:49,062 [INFO] IPUIPlugin:80 - create IPUIPlugin
2024-03-14 14:34:49,064 [INFO] PluginManager:220 - loadIPPluginJar : add tim
2024-03-14 14:34:49,117 [INFO] IPUIPlugin:80 - create IPUIPlugin
2024-03-14 14:34:49,128 [INFO] PluginManager:220 - loadIPPluginJar : add touchsensing
2024-03-14 14:34:49,145 [INFO] IPUIPlugin:80 - create IPUIPlugin
2024-03-14 14:34:49,147 [INFO] PluginManager:220 - loadIPPluginJar : add tracer_emb
2024-03-14 14:34:49,163 [INFO] IPUIPlugin:80 - create IPUIPlugin
2024-03-14 14:34:49,165 [INFO] PluginManager:220 - loadIPPluginJar : add ts
2024-03-14 14:34:49,180 [INFO] IPUIPlugin:80 - create IPUIPlugin
2024-03-14 14:34:49,181 [INFO] PluginManager:220 - loadIPPluginJar : add tsc
2024-03-14 14:34:49,197 [INFO] IPUIPlugin:80 - create IPUIPlugin
2024-03-14 14:34:49,199 [INFO] PluginManager:220 - loadIPPluginJar : add ucpd
2024-03-14 14:34:49,244 [INFO] IPUIPlugin:80 - create IPUIPlugin
2024-03-14 14:34:49,245 [INFO] PluginManager:220 - loadIPPluginJar : add usart
2024-03-14 14:34:49,276 [INFO] IPUIPlugin:80 - create IPUIPlugin
2024-03-14 14:34:49,277 [INFO] PluginManager:220 - loadIPPluginJar : add usbx
2024-03-14 14:34:49,403 [INFO] CADModel:165 - CPN selected for project level
2024-03-14 14:34:49,404 [INFO] CADModel:114 - Register for checkConnection events
2024-03-14 14:34:49,405 [FATAL] Updater:308 - Updater called before beeing initialized
2024-03-14 14:34:49,407 [ERROR] CADModel:125 - Updater not yet initialized, retry later 
2024-03-14 14:34:49,499 [INFO] CADModel:165 - CPN selected for project level
2024-03-14 14:34:49,500 [INFO] CADModel:114 - Register for checkConnection events
2024-03-14 14:34:49,501 [FATAL] Updater:308 - Updater called before beeing initialized
2024-03-14 14:34:49,502 [ERROR] CADModel:125 - Updater not yet initialized, retry later 
2024-03-14 14:34:49,506 [FATAL] Updater:308 - Updater called before beeing initialized
2024-03-14 14:34:49,590 [FATAL] Updater:308 - Updater called before beeing initialized
2024-03-14 14:34:49,599 [INFO] DbMcusAds:53 - JSON generation date=Wed Nov 29 05:52:27 EST 2023 (1701255147349)
2024-03-14 14:34:49,601 [FATAL] Updater:308 - Updater called before beeing initialized
2024-03-14 14:34:49,656 [WARN] DetailPanel:346 - Failed to get advertising image, set to default
2024-03-14 14:34:49,736 [FATAL] Updater:308 - Updater called before beeing initialized
2024-03-14 14:34:49,738 [FATAL] Updater:308 - Updater called before beeing initialized
2024-03-14 14:34:49,739 [FATAL] Updater:308 - Updater called before beeing initialized
2024-03-14 14:34:49,740 [WARN] DetailPanel:346 - Failed to get advertising image, set to default
2024-03-14 14:34:49,742 [FATAL] Updater:308 - Updater called before beeing initialized
2024-03-14 14:34:49,817 [ERROR] Updater:1120 - MainUpdater not yet initialized. External WinMGr cannot be set.
2024-03-14 14:34:49,826 [INFO] Updater:1056 - Updater Version found : 6.10.0
2024-03-14 14:34:49,842 [INFO] ApplicationProperties:184 - Using Application install path: C:\ST\STM32CubeIDE_1.14.0\STM32CubeIDE\plugins\com.st.stm32cube.common.mx_6.10.0.202311202037
2024-03-14 14:34:50,510 [INFO] ThirdPartyUpdaterWithRetryManager:70 - Updater plugin not ready yet. [2/15]
2024-03-14 14:34:51,419 [ERROR] LogOutputStream:75 - [STDERR_REDIRECT] Mar 14, 2024 2:34:51 PM java.util.prefs.WindowsPreferences <init>
2024-03-14 14:34:51,422 [ERROR] LogOutputStream:75 - [STDERR_REDIRECT] WARNING: Could not open/create prefs root node Software\JavaSoft\Prefs at root 0xffffffff80000002. Windows RegCreateKeyEx(...) returned error code 5.
2024-03-14 14:34:51,424 [ERROR] LogOutputStream:75 - [STDERR_REDIRECT] 
2024-03-14 14:34:51,905 [INFO] MainUpdater:2873 - connection check result : 10
2024-03-14 14:34:51,907 [INFO] MainUpdater:290 - Updater Check For Update Now.
2024-03-14 14:34:51,908 [INFO] MicroXplorer:498 - Change Database Version : DB.6.0.100
2024-03-14 14:34:51,921 [INFO] McuFinderGlobals:63 - Set McuFinder mode to 2 (CubeIDE integrated)
2024-03-14 14:34:51,923 [INFO] UserAuth:180 - activating auth plugin
2024-03-14 14:34:51,926 [INFO] UserAuth:404 - Internet connection configuration mode: 1
2024-03-14 14:34:51,952 [INFO] JxBrowserEngine:152 - Initiate JxBrowser Engine with user profile folder
2024-03-14 14:34:52,091 [INFO] CheckServerUpdateThread:120 - End of CheckServer Thread
2024-03-14 14:34:53,646 [WARN] PackLoader:240 - Cannot read IP mode file for STMicroelectronics.X-CUBE-SMBUS.2.1.0
2024-03-14 14:34:53,659 [WARN] PackLoader:240 - Cannot read IP mode file for STMicroelectronics.X-CUBE-TOUCHGFX.4.23.0
2024-03-14 14:34:53,693 [WARN] PackLoader:240 - Cannot read IP mode file for STMicroelectronics.X-CUBE-AZRTOS-F7.1.1.0
2024-03-14 14:34:53,709 [WARN] PackLoader:240 - Cannot read IP mode file for STMicroelectronics.FP-SNS-MOTENV1.4.3.2
2024-03-14 14:34:53,721 [WARN] PackLoader:240 - Cannot read IP mode file for STMicroelectronics.FP-SNS-FLIGHT1.5.0.2
2024-03-14 14:34:53,738 [WARN] PackLoader:240 - Cannot read IP mode file for STMicroelectronics.X-CUBE-DISPLAY.3.0.0
2024-03-14 14:34:53,755 [WARN] PackLoader:240 - Cannot read IP mode file for STMicroelectronics.X-CUBE-BLE1.7.0.0
2024-03-14 14:34:53,766 [WARN] PackLoader:240 - Cannot read IP mode file for emotas.I-CUBE-CANOPEN.1.3.0
2024-03-14 14:34:53,781 [WARN] PackLoader:240 - Cannot read IP mode file for STMicroelectronics.X-CUBE-BLEMGR.3.1.0
2024-03-14 14:34:53,812 [WARN] PackLoader:240 - Cannot read IP mode file for STMicroelectronics.FP-SNS-SMARTAG2.1.2.0
2024-03-14 14:34:53,863 [INFO] LogOutputStream:77 - [STDOUT_REDIRECT] 1 : Invalid condition id : UX_CORESTACK_Condition cause : null
2024-03-14 14:34:53,865 [INFO] LogOutputStream:77 - [STDOUT_REDIRECT] 1 : Invalid condition id : UX_CORESTACK_Condition cause : null
2024-03-14 14:34:53,867 [INFO] LogOutputStream:77 - [STDOUT_REDIRECT] 1 : Invalid condition id : UX_CORESTACK_Condition cause : null
2024-03-14 14:34:53,869 [INFO] LogOutputStream:77 - [STDOUT_REDIRECT] 1 : Invalid condition id : UX_CORESTACK_Condition cause : null
2024-03-14 14:34:53,871 [INFO] LogOutputStream:77 - [STDOUT_REDIRECT] 1 : Invalid condition id : UX_CORESTACK_Condition cause : null
2024-03-14 14:34:53,874 [WARN] PackLoader:240 - Cannot read IP mode file for STMicroelectronics.X-CUBE-AZRTOS-WL.2.0.0
2024-03-14 14:34:53,891 [WARN] PackLoader:240 - Cannot read IP mode file for WES.I-CUBE-Cesium.1.3.0
2024-03-14 14:34:53,902 [WARN] PackLoader:240 - Cannot read IP mode file for STMicroelectronics.X-CUBE-BLE2.3.3.0
2024-03-14 14:34:53,913 [WARN] PackLoader:240 - Cannot read IP mode file for STMicroelectronics.X-CUBE-ALGOBUILD.1.3.0
2024-03-14 14:34:53,934 [WARN] PackLoader:240 - Cannot read IP mode file for STMicroelectronics.X-CUBE-AZRTOS-G0.1.1.0
2024-03-14 14:34:53,952 [WARN] PackLoader:240 - Cannot read IP mode file for STMicroelectronics.X-CUBE-NFC4.3.0.0
2024-03-14 14:34:53,972 [WARN] PackLoader:240 - Cannot read IP mode file for STMicroelectronics.FP-ATR-SIGFOX1.3.2.0
2024-03-14 14:34:53,996 [WARN] PackLoader:240 - Cannot read IP mode file for STMicroelectronics.X-CUBE-EEPRMA1.5.1.0
2024-03-14 14:34:54,051 [WARN] PackLoader:240 - Cannot read IP mode file for SEGGER.I-CUBE-embOS.1.3.1
2024-03-14 14:34:54,090 [WARN] PackLoader:240 - Cannot read IP mode file for STMicroelectronics.X-CUBE-GNSS1.6.0.0
2024-03-14 14:34:54,113 [WARN] PackLoader:240 - Cannot read IP mode file for STMicroelectronics.X-CUBE-AZRTOS-F4.1.1.0
2024-03-14 14:34:54,126 [WARN] PackLoader:240 - Cannot read IP mode file for wolfSSL.I-CUBE-wolfSSL.5.6.6
2024-03-14 14:34:54,148 [WARN] PackLoader:240 - Cannot read IP mode file for STMicroelectronics.X-CUBE-AZRTOS-L5.2.0.0
2024-03-14 14:34:54,162 [WARN] PackLoader:240 - Cannot read IP mode file for ITTIA_DB.I-CUBE-ITTIADB.8.8.0
2024-03-14 14:34:54,172 [WARN] PackLoader:240 - Cannot read IP mode file for STMicroelectronics.X-CUBE-NFC7.1.0.1
2024-03-14 14:34:54,175 [INFO] WebApp:161 - Instantiating new browser for Auth
2024-03-14 14:34:54,186 [WARN] PackLoader:240 - Cannot read IP mode file for STMicroelectronics.X-CUBE-NFC6.3.0.0
2024-03-14 14:34:54,203 [WARN] PackLoader:240 - Cannot read IP mode file for STMicroelectronics.X-CUBE-AI.8.1.0
2024-03-14 14:34:54,234 [WARN] ConditionMgr:438 - getConditionDescription Invalid condition id : LAN8742 Phy interface Condition cause : null
2024-03-14 14:34:54,236 [WARN] PackLoader:240 - Cannot read IP mode file for STMicroelectronics.X-CUBE-AZRTOS-L4.2.0.0
2024-03-14 14:34:54,238 [WARN] ConditionMgr:1039 - genDependencies : Invalid condition id : LAN8742 Phy interface Condition cause : null
2024-03-14 14:34:54,239 [WARN] ConditionMgr:1039 - genDependencies : Invalid condition id : LAN8742 Phy interface Condition cause : null
2024-03-14 14:34:54,241 [WARN] ConditionMgr:1039 - genDependencies : Invalid condition id : LAN8742 Phy interface Condition cause : null
2024-03-14 14:34:54,256 [WARN] PackLoader:240 - Cannot read IP mode file for STMicroelectronics.X-CUBE-SFXS2LP1.4.0.0
2024-03-14 14:34:54,280 [WARN] ConditionMgr:438 - getConditionDescription Invalid condition id : UX DEVICE CLASS RTOS Condition cause : null
2024-03-14 14:34:54,282 [WARN] ConditionMgr:438 - getConditionDescription Invalid condition id : UX DEVICE CLASS RTOS Condition cause : null
2024-03-14 14:34:54,288 [WARN] PackLoader:240 - Cannot read IP mode file for STMicroelectronics.X-CUBE-AZRTOS-WB.2.0.0
2024-03-14 14:34:54,290 [WARN] ConditionMgr:1039 - genDependencies : Invalid condition id : UX DEVICE CLASS RTOS Condition cause : null
2024-03-14 14:34:54,291 [WARN] ConditionMgr:1039 - genDependencies : Invalid condition id : UX DEVICE CLASS RTOS Condition cause : null
2024-03-14 14:34:54,293 [WARN] ConditionMgr:1039 - genDependencies : Invalid condition id : UX DEVICE CLASS RTOS Condition cause : null
2024-03-14 14:34:54,294 [WARN] ConditionMgr:1039 - genDependencies : Invalid condition id : UX DEVICE CLASS RTOS Condition cause : null
2024-03-14 14:34:54,296 [WARN] ConditionMgr:1039 - genDependencies : Invalid condition id : UX DEVICE CLASS RTOS Condition cause : null
2024-03-14 14:34:54,314 [WARN] PackLoader:240 - Cannot read IP mode file for STMicroelectronics.X-CUBE-SUBG2.5.0.0
2024-03-14 14:34:54,355 [WARN] PackLoader:240 - Cannot read IP mode file for STMicroelectronics.X-CUBE-AZRTOS-G4.2.0.0
2024-03-14 14:34:54,382 [WARN] PackLoader:240 - Cannot read IP mode file for Infineon.AIROC-Wi-Fi-Bluetooth-STM32.1.5.1
2024-03-14 14:34:54,397 [WARN] PackLoader:240 - Cannot read IP mode file for STMicroelectronics.FP-SNS-MOTENVWB1.1.3.1
2024-03-14 14:34:54,409 [WARN] PackLoader:240 - Cannot read IP mode file for STMicroelectronics.X-CUBE-ISPU.2.0.0
2024-03-14 14:34:54,446 [WARN] PackLoader:240 - Cannot read IP mode file for STMicroelectronics.X-CUBE-MEMS1.10.0.0
2024-03-14 14:34:54,556 [WARN] PackLoader:240 - Cannot read IP mode file for STMicroelectronics.X-CUBE-FREERTOS.1.1.0
2024-03-14 14:34:54,567 [WARN] PackLoader:240 - Cannot read IP mode file for portGmbH.I-Cube-SoM-uGOAL.1.1.0
2024-03-14 14:34:54,580 [WARN] PackLoader:240 - Cannot read IP mode file for STMicroelectronics.X-CUBE-ALS.1.0.1
2024-03-14 14:34:54,593 [WARN] PackLoader:240 - Cannot read IP mode file for STMicroelectronics.FP-ATR-ASTRA1.2.0.0
2024-03-14 14:34:54,613 [WARN] PackLoader:240 - Cannot read IP mode file for STMicroelectronics.X-CUBE-TOF1.3.4.1
2024-03-14 14:34:54,651 [WARN] PackLoader:240 - Cannot read IP mode file for STMicroelectronics.X-CUBE-AZRTOS-H7.3.2.0
2024-03-14 14:34:54,654 [INFO] ThirdParty:978 - Integrity check success = true
2024-03-14 14:34:54,655 [INFO] IntegrityCheckThread:100 - exiting critical section [integrity check]
2024-03-14 14:34:54,656 [INFO] IntegrityCheckThread:103 - End integrity checks thread
2024-03-14 14:34:54,787 [INFO] WebApp:780 - Register for checkConnection events
2024-03-14 14:34:54,789 [INFO] WebApp:414 - Apply proxy settings
2024-03-14 14:34:54,790 [INFO] WebApp:499 - Chromium requires no authentication
2024-03-14 14:34:54,799 [INFO] WebApp:442 - Direct internet connection detected
2024-03-14 14:34:54,980 [INFO] WebApp:192 - Starting web application
2024-03-14 14:34:54,981 [INFO] WebApp:544 - Web application path used C:\ST\STM32CubeIDE_1.14.0\STM32CubeIDE\plugins\com.st.stm32cube.common.mx_6.10.0.202311202037\db\plugins\mcufinder\reactClient1\index.html
2024-03-14 14:35:06,288 [ERROR] LogOutputStream:75 - [STDERR_REDIRECT] SLF4J: Failed to load class "org.slf4j.impl.StaticLoggerBinder".
2024-03-14 14:35:06,557 [ERROR] LogOutputStream:75 - [STDERR_REDIRECT] SLF4J: Defaulting to no-operation (NOP) logger implementation
2024-03-14 14:35:06,560 [ERROR] LogOutputStream:75 - [STDERR_REDIRECT] SLF4J: See http://www.slf4j.org/codes.html#StaticLoggerBinder for further details.
2024-03-14 17:18:00,272 [INFO] McuFinderGlobals:63 - Set McuFinder mode to 2 (CubeIDE integrated)
2024-03-14 17:18:00,294 [INFO] MainUpdater:2873 - connection check result : 10
2024-03-14 17:18:00,410 [INFO] MicroXplorer:468 - Change Database Path : 
2024-03-14 17:18:00,411 [INFO] MicroXplorer:498 - Change Database Version : DB.6.0.100
2024-03-14 17:18:00,415 [WARN] ThirdParty:871 - waiting for thirdparty lock release [close project]
2024-03-14 17:18:00,417 [INFO] ThirdParty:873 - entering critical section [close project]
2024-03-14 17:18:00,429 [INFO] ThirdParty:883 - exiting critical section [close project]
2024-03-14 17:18:00,432 [INFO] PinOutPanel:1499 - setPackage(No Configuration,No Configuration)
2024-03-14 17:18:00,437 [INFO] UtilMem:75 - Begin LoadConfig() Used Memory: 445289088 Bytes (759169024)
2024-03-14 17:18:00,439 [INFO] MicroXplorer:468 - Change Database Path : 
2024-03-14 17:18:00,440 [INFO] MicroXplorer:498 - Change Database Version : DB.6.0.100
2024-03-14 17:18:00,441 [INFO] OpenFileManager:312 - Change cursor
2024-03-14 17:18:00,487 [INFO] Mcu:2016 - Initializing MCU STM32L4R5ZITxP STM32L4R5ZITxP STM32L4R5ZIT6P
2024-03-14 17:18:02,823 [INFO] Context:659 - Trying to add GPIOservice into a context  which must be forbidden
2024-03-14 17:18:03,382 [INFO] RtosManager:555 - Registered RTOS mode: class=CMSIS, group=RTOS, mode=CMSIS_V1, owner=FREERTOS
2024-03-14 17:18:03,384 [INFO] RtosManager:555 - Registered RTOS mode: class=CMSIS, group=RTOS2, mode=CMSIS_V2, owner=FREERTOS
2024-03-14 17:18:03,385 [INFO] RtosManager:555 - Registered RTOS mode: class=RTOS, group=Core, mode=CMSIS_V1, owner=FREERTOS
2024-03-14 17:18:03,386 [INFO] RtosManager:555 - Registered RTOS mode: class=RTOS, group=Core, mode=CMSIS_V2, owner=FREERTOS
2024-03-14 17:18:03,387 [WARN] ModelIntegratedComponent:184 - Missing modes for component STMicroelectronics:FreeRTOS:0.0.1:STMicroelectronics:RTOS:FreeRTOS:Core:::10.2.0:
2024-03-14 17:18:03,399 [WARN] ModelIntegratedComponent:63 - No mode defined for component null
2024-03-14 17:18:03,400 [WARN] ModelIntegratedComponent:63 - No mode defined for component null
2024-03-14 17:18:03,401 [WARN] ModelIntegratedComponent:63 - No mode defined for component null
2024-03-14 17:18:03,402 [WARN] ModelIntegratedComponent:63 - No mode defined for component null
2024-03-14 17:18:03,403 [WARN] ModelIntegratedComponent:63 - No mode defined for component null
2024-03-14 17:18:03,404 [WARN] ModelIntegratedComponent:63 - No mode defined for component null
2024-03-14 17:18:03,405 [WARN] ModelIntegratedComponent:63 - No mode defined for component null
2024-03-14 17:18:03,406 [WARN] ModelIntegratedComponent:63 - No mode defined for component null
2024-03-14 17:18:03,407 [WARN] ModelIntegratedComponent:63 - No mode defined for component null
2024-03-14 17:18:03,408 [WARN] ModelIntegratedComponent:63 - No mode defined for component null
2024-03-14 17:18:03,409 [WARN] ModelIntegratedComponent:63 - No mode defined for component null
2024-03-14 17:18:03,410 [WARN] ModelIntegratedComponent:63 - No mode defined for component null
2024-03-14 17:18:03,411 [WARN] ModelIntegratedComponent:63 - No mode defined for component null
2024-03-14 17:18:03,412 [WARN] ModelIntegratedComponent:63 - No mode defined for component null
2024-03-14 17:18:03,413 [WARN] ModelIntegratedComponent:63 - No mode defined for component null
2024-03-14 17:18:03,414 [WARN] ModelIntegratedComponent:63 - No mode defined for component null
2024-03-14 17:18:03,415 [WARN] ModelIntegratedComponent:63 - No mode defined for component null
2024-03-14 17:18:03,416 [WARN] ModelIntegratedComponent:63 - No mode defined for component null
2024-03-14 17:18:03,417 [WARN] ModelIntegratedComponent:63 - No mode defined for component null
2024-03-14 17:18:03,418 [WARN] ModelIntegratedComponent:63 - No mode defined for component null
2024-03-14 17:18:03,419 [WARN] ModelIntegratedComponent:63 - No mode defined for component null
2024-03-14 17:18:03,420 [WARN] ModelIntegratedComponent:63 - No mode defined for component null
2024-03-14 17:18:03,421 [WARN] ModelIntegratedComponent:63 - No mode defined for component null
2024-03-14 17:18:03,422 [WARN] ModelIntegratedComponent:63 - No mode defined for component null
2024-03-14 17:18:03,423 [WARN] ModelIntegratedComponent:63 - No mode defined for component null
2024-03-14 17:18:03,424 [WARN] ModelIntegratedComponent:63 - No mode defined for component null
2024-03-14 17:18:03,425 [WARN] ModelIntegratedComponent:63 - No mode defined for component null
2024-03-14 17:18:03,426 [WARN] ModelIntegratedComponent:63 - No mode defined for component null
2024-03-14 17:18:03,427 [WARN] ModelIntegratedComponent:63 - No mode defined for component null
2024-03-14 17:18:03,428 [WARN] ModelIntegratedComponent:63 - No mode defined for component null
2024-03-14 17:18:03,429 [WARN] ModelIntegratedComponent:63 - No mode defined for component null
2024-03-14 17:18:03,430 [WARN] ModelIntegratedComponent:63 - No mode defined for component null
2024-03-14 17:18:03,430 [WARN] ModelIntegratedComponent:63 - No mode defined for component null
2024-03-14 17:18:03,505 [INFO] ThirdPartyModel:298 - Start build external matchings
2024-03-14 17:18:03,724 [INFO] ThirdPartyModel:316 - End build external matchings
2024-03-14 17:18:04,109 [INFO] UtilMem:75 - End LoadConfig() Used Memory: 239309904 Bytes (771751936)
2024-03-14 17:18:04,217 [INFO] ApiDb:581 - Connected to CubeFinder SQLite database (C:\Users\korb\.stmcufinder\plugins\mcufinder\mcu\cube-finder-db.db)
2024-03-14 17:18:04,294 [INFO] ApiDb:668 - CubeFinder database Data Model version=2.1
2024-03-14 17:18:04,296 [INFO] ApiDb:669 - CubeFinder database Configuration version=3.0.39
2024-03-14 17:18:04,298 [INFO] ApiDb:670 - CubeFinder database generation date=2024-02-19 (1708350410)
2024-03-14 17:18:04,299 [INFO] ApiDb:671 - CubeFinder database FW Pack versions=[FP-ATR-ASTRA1_V2.0.0, FP-SNS-FLIGHT1_V5.0.1, FP-SNS-FLIGHT1_V5.0.2, FP-SNS-MOTENV1_V4.3.1, FP-SNS-MOTENV1_V4.3.2, FP-SNS-MOTENVWB1_V1.3.1, FP-SNS-SMARTAG2_V1.2.0, STM32Cube_FW_C0_V1.1.0, STM32Cube_FW_F4_V1.28.0, STM32Cube_FW_F7_V1.17.0, STM32Cube_FW_G0_V1.6.2, STM32Cube_FW_G4_V1.5.2, STM32Cube_FW_H5_V0.5.1, STM32Cube_FW_H5_V1.1.1, STM32Cube_FW_H5_V1.2.0RC2, STM32Cube_FW_H7_V1.11.0, STM32Cube_FW_L0_V1.12.2, STM32Cube_FW_L5_V1.5.0, STM32Cube_FW_U5_V1.3.0RC4, STM32Cube_FW_U5_V1.4.0, STM32Cube_FW_WBA_V1.0.0RC1, STM32Cube_FW_WBA_V1.1.0RC1, STM32Cube_FW_WBA_V1.2.0, STM32Cube_FW_WBA_V1.2.0RC2, STM32Cube_FW_WB_V1.15.0RC1, STM32Cube_FW_WB_V1.16.0, STM32Cube_FW_WB_V1.16.0RC2, STM32Cube_FW_WB_V1.18.0, STM32Cube_FW_WL_V1.3.0, X-CUBE-ALGOBUILD_V1.3.0, X-CUBE-ALS_V1.0.1, X-CUBE-AZRTOS-F4_V1.1.0, X-CUBE-AZRTOS-F7_V1.1.0, X-CUBE-AZRTOS-G0_V1.1.0, X-CUBE-AZRTOS-G4_V2.0.0, X-CUBE-AZRTOS-H7_V3.2.0, X-CUBE-AZRTOS-L4_V1.0.0, X-CUBE-AZRTOS-L4_V2.0.0, X-CUBE-AZRTOS-L5_V1.1.0, X-CUBE-AZRTOS-WB_V2.0.0, X-CUBE-AZRTOS-WL_V2.0.0, X-CUBE-BLE1_V7.0.0, X-CUBE-BLE2_V3.3.0, X-CUBE-BLEMGR_V3.0.0, X-CUBE-EEPRMA1_V4.1.0, X-CUBE-EEPRMA1_V5.1.0, X-CUBE-FREERTOS_V1.1.0, X-CUBE-GNSS1_V6.0.0, X-CUBE-MEMS1_V10.0.0, X-CUBE-MEMS1_V9.1.0, X-CUBE-MEMS1_V9.4.0, X-CUBE-MEMS1_V9.6.0, X-CUBE-NFC4_V3.0.0, X-CUBE-NFC7_V1.0.1, X-CUBE-SFXS2LP1_V4.0.0, X-CUBE-SUBG2_V5.0.0, X-CUBE-TOF1_V3.4.0]
2024-03-14 17:18:06,554 [INFO] ApiDb:240 - Found 371 in-development CPN: [B-G473E-ZEST1S, B-WB1M-WPAN1, B-WL5M-SUBG1, NUCLEO-C031C6, NUCLEO-H503RB, NUCLEO-H563ZI, NUCLEO-U545RE-Q, NUCLEO-U5A5ZJ-Q, NUCLEO-WBA52CG, NUCLEO-WBA55CG, STEVAL-MKBOXPRO, STEVAL-PROTEUS1, STEVAL-STWINBX1, STM320518-EVAL, STM32C0116-DK, STM32C011D6Y3TR, STM32C011D6Y6TR, STM32C011F4P3, STM32C011F4P6, STM32C011F4U3, STM32C011F4U6TR, STM32C011F6P3, STM32C011F6P6, STM32C011F6U3, STM32C011F6U6TR, STM32C011J4M3, STM32C011J4M6, STM32C011J6M3, STM32C011J6M6, STM32C0316-DK, STM32C031C4T3, STM32C031C4T6, STM32C031C4U3, STM32C031C4U6, STM32C031C6T3, STM32C031C6T6, STM32C031C6U3, STM32C031C6U6, STM32C031F4P3, STM32C031F4P6, STM32C031F6P3, STM32C031F6P6, STM32C031G4U3, STM32C031G4U6, STM32C031G6U3, STM32C031G6U6, STM32C031K4T3, STM32C031K4T6, STM32C031K4U3, STM32C031K4U6, STM32C031K6T3, STM32C031K6T6, STM32C031K6U3, STM32C031K6U6, STM32G071K8TXN, STM32G071K8UXN, STM32G081GBU6N, STM32G081KBT6N, STM32G081KBUXN, STM32G0B1CCT6N, STM32G0B1KCT6, STM32G0B1NEY6TR, STM32G0B1RCT6N, STM32G0C1CCT6, STM32G0C1CCT6N, STM32G0C1CCU6N, STM32G0C1CET6N, STM32G0C1CEU6N, STM32G0C1KCT6, STM32G0C1NEY6TR, STM32G0C1RCI6N, STM32G0C1RCT6N, STM32G0C1REI6N, STM32G0C1RET6N, STM32G0C1VCI6, STM32G0C1VEI6, STM32G471CCT6, STM32G471CCU6, STM32G471CET3, STM32G471CET6, STM32G471CEU3, STM32G471CEU6, STM32G471MCT6, STM32G471MET3, STM32G471MET6, STM32G471MEY6TR, STM32G471QCT6, STM32G471QET3, STM32G471RCT6, STM32G471RET3, STM32G471RET6, STM32G471VCH6, STM32G471VCI6, STM32G471VCT6, STM32G471VEH3, STM32G471VEH6, STM32G471VEI3, STM32G471VEI6, STM32G471VET3, STM32G471VET6, STM32G474CCT6, STM32H503CBT6, STM32H503CBU6, STM32H503EBY6TR, STM32H503KBU6, STM32H503RBT6, STM32H562AGI6, STM32H562AII6, STM32H562IGK6, STM32H562IGT6, STM32H562IIK6, STM32H562IIT6, STM32H562RGT6, STM32H562RGV6, STM32H562RIT6, STM32H562RIV6, STM32H562VGT6, STM32H562VIT6, STM32H562ZGT6, STM32H562ZIT6, STM32H563AGI6, STM32H563AII3Q, STM32H563AII6, STM32H563IGK6, STM32H563IGT6, STM32H563IIK3Q, STM32H563IIK6, STM32H563IIT3Q, STM32H563IIT6, STM32H563MIY3QTR, STM32H563RGT6, STM32H563RGV6, STM32H563RIT6, STM32H563RIV6, STM32H563VGT6, STM32H563VIT3Q, STM32H563VIT6, STM32H563ZGT6, STM32H563ZIT3Q, STM32H563ZIT6, STM32H573AII3Q, STM32H573AII6, STM32H573I-DK, STM32H573IIK3Q, STM32H573IIK6, STM32H573IIT3Q, STM32H573IIT6, STM32H573MIY3QTR, STM32H573RIT6, STM32H573RIV6, STM32H573VIT3Q, STM32H573VIT6, STM32H573ZIT3Q, STM32H573ZIT6, STM32L4R5QGI6STR, STM32MP131AAE3, STM32MP131AAF3, STM32MP131AAG3, STM32MP131CAE3, STM32MP131CAF3, STM32MP131CAG3, STM32MP131DAE7, STM32MP131DAF7, STM32MP131DAG7, STM32MP131FAE7, STM32MP131FAF7, STM32MP131FAG7, STM32MP133AAE3, STM32MP133AAF3, STM32MP133AAG3, STM32MP133CAE3, STM32MP133CAF3, STM32MP133CAG3, STM32MP133DAE7, STM32MP133DAF7, STM32MP133DAG7, STM32MP133FAE7, STM32MP133FAF7, STM32MP133FAG7, STM32MP135AAE3, STM32MP135AAF3, STM32MP135AAG3, STM32MP135CAE3, STM32MP135CAF3, STM32MP135CAG3, STM32MP135DAE7, STM32MP135DAF7, STM32MP135DAG7, STM32MP135F-DK, STM32MP135FAE7, STM32MP135FAF7, STM32MP135FAF7T, STM32MP135FAF7U, STM32MP135FAG7, STM32U535CBT6, STM32U535CBT6Q, STM32U535CBU6, STM32U535CBU6Q, STM32U535CCT6, STM32U535CCT6Q, STM32U535CCU6, STM32U535CCU6Q, STM32U535CET6, STM32U535CET6Q, STM32U535CEU6, STM32U535CEU6Q, STM32U535JEY6QTR, STM32U535NCY6QTR, STM32U535NEY6QTR, STM32U535RBI6, STM32U535RBI6Q, STM32U535RBT6, STM32U535RBT6Q, STM32U535RCI6, STM32U535RCI6Q, STM32U535RCT6, STM32U535RCT6Q, STM32U535REI6, STM32U535REI6Q, STM32U535RET6, STM32U535RET6Q, STM32U535VCI6, STM32U535VCI6Q, STM32U535VCT6, STM32U535VCT6Q, STM32U535VEI6, STM32U535VEI6Q, STM32U535VET6, STM32U535VET6Q, STM32U545CET6, STM32U545CET6Q, STM32U545CEU6, STM32U545CEU6Q, STM32U545JEY6QTR, STM32U545NEY6QTR, STM32U545REI6, STM32U545REI6Q, STM32U545RET6, STM32U545RET6Q, STM32U545VEI6, STM32U545VEI6Q, STM32U545VET6, STM32U545VET6Q, STM32U595AIH6, STM32U595AIH6Q, STM32U595AJH6, STM32U595AJH6Q, STM32U595QII6, STM32U595QII6Q, STM32U595QJI6, STM32U595QJI6Q, STM32U595RIT6, STM32U595RIT6Q, STM32U595RJT6, STM32U595RJT6Q, STM32U595VIT6, STM32U595VIT6Q, STM32U595VJT6, STM32U595VJT6Q, STM32U595ZIT6, STM32U595ZIT6Q, STM32U595ZIY6QTR, STM32U595ZJT6, STM32U595ZJT6Q, STM32U595ZJY6QTR, STM32U599BJY6QTR, STM32U599NIH6Q, STM32U599NJH6Q, STM32U599VIT6Q, STM32U599VJT6, STM32U599VJT6Q, STM32U599ZIT6Q, STM32U599ZIY6QTR, STM32U599ZJT6Q, STM32U599ZJY6QTR, STM32U5A5AJH6, STM32U5A5AJH6Q, STM32U5A5QJI6, STM32U5A5QJI6Q, STM32U5A5RJT6, STM32U5A5RJT6Q, STM32U5A5VJT6, STM32U5A5VJT6Q, STM32U5A5ZJT6, STM32U5A5ZJT6Q, STM32U5A5ZJY6QTR, STM32U5A9BJY6QTR, STM32U5A9J-DK, STM32U5A9NJH6Q, STM32U5A9VJT6Q, STM32U5A9ZJT6Q, STM32U5A9ZJY6QTR, STM32U5F7VIT6, STM32U5F7VIT6Q, STM32U5F7VJT6, STM32U5F7VJT6Q, STM32U5F9BJY6QTR, STM32U5F9NJH6Q, STM32U5F9VIT6Q, STM32U5F9VJT6Q, STM32U5F9ZIJ6QTR, STM32U5F9ZIT6Q, STM32U5F9ZJJ6QTR, STM32U5F9ZJT6Q, STM32U5G7VJT6, STM32U5G7VJT6Q, STM32U5G9BJY6QTR, STM32U5G9J-DK1, STM32U5G9J-DK2, STM32U5G9NJH6Q, STM32U5G9VJT6Q, STM32U5G9ZJJ6QTR, STM32U5G9ZJT6Q, STM32WB1MMCH6, STM32WBA50KEU6, STM32WBA50KEU6TR, STM32WBA50KGU6, STM32WBA50KGU6TR, STM32WBA52CEU6, STM32WBA52CEU6TR, STM32WBA52CEU7, STM32WBA52CEU7TR, STM32WBA52CGU6, STM32WBA52CGU6TR, STM32WBA52CGU6U, STM32WBA52CGU7, STM32WBA52CGU7TR, STM32WBA52KEU6, STM32WBA52KEU6TR, STM32WBA52KGU6, STM32WBA52KGU6TR, STM32WBA54CEU6, STM32WBA54CEU6TR, STM32WBA54CEU7, STM32WBA54CEU7TR, STM32WBA54CGU6, STM32WBA54CGU6TR, STM32WBA54CGU7, STM32WBA54CGU7TR, STM32WBA54KEU6, STM32WBA54KEU6TR, STM32WBA54KEU7, STM32WBA54KEU7TR, STM32WBA54KGU6, STM32WBA54KGU6TR, STM32WBA54KGU7, STM32WBA54KGU7TR, STM32WBA55CEU6, STM32WBA55CEU6TR, STM32WBA55CEU7, STM32WBA55CEU7TR, STM32WBA55CGU6, STM32WBA55CGU6TR, STM32WBA55CGU6U, STM32WBA55CGU7, STM32WBA55CGU7TR, STM32WBA55G-DK1, STM32WBA55HEF6, STM32WBA55HEF7, STM32WBA55HGF6, STM32WBA55HGF7, STM32WBA55UEI6, STM32WBA55UEI6TR, STM32WBA55UEI7, STM32WBA55UEI7TR, STM32WBA55UGI6, STM32WBA55UGI6TR, STM32WBA55UGI7, STM32WBA55UGI7TR, STM32WL5MOCH6, STM32WL5MOCH6TR]
2024-03-14 17:18:06,559 [INFO] DbMcus:218 - Found 3930 MCUs, 3930 are supported
2024-03-14 17:18:06,560 [INFO] ApiDb:423 - Load user favorites file C:\Users\korb/.stm32cubeide/favorites.mcus.txt: 0 item(s)
2024-03-14 17:18:06,562 [INFO] ApiDb:427 - User favorites MCUs=[]
2024-03-14 17:18:06,563 [INFO] DbMcus:224 - Set 0 / 0 favorites MCUs
2024-03-14 17:18:06,907 [INFO] MicroXplorer:468 - Change Database Path : 
2024-03-14 17:18:06,909 [INFO] MicroXplorer:498 - Change Database Version : DB.6.0.100
2024-03-14 17:18:06,910 [WARN] ThirdParty:833 - waiting for thirdparty lock release [change project]
2024-03-14 17:18:06,911 [INFO] ThirdParty:835 - entering critical section [change project]
2024-03-14 17:18:06,912 [INFO] ThirdParty:1030 - CMSIS Pack Vendor :STMicroelectronics USBPD 4.1
2024-03-14 17:18:06,913 [INFO] ThirdParty:1030 - CMSIS Pack Vendor :STMicroelectronics X-CUBE-GNSS1 6.0.0
2024-03-14 17:18:06,914 [INFO] ThirdParty:1030 - CMSIS Pack Vendor :STMicroelectronics USB_HOST 2.0.0
2024-03-14 17:18:06,915 [INFO] ThirdParty:1030 - CMSIS Pack Vendor :STMicroelectronics X-CUBE-AZRTOS-F4 1.1.0
2024-03-14 17:18:06,916 [INFO] ThirdParty:1030 - CMSIS Pack Vendor :STMicroelectronics LIBJPEG 8.0.0
2024-03-14 17:18:06,917 [INFO] ThirdParty:1030 - CMSIS Pack Vendor :STMicroelectronics X-CUBE-SMBUS 2.1.0
2024-03-14 17:18:06,918 [INFO] ThirdParty:1030 - CMSIS Pack Vendor :STMicroelectronics USB_DEVICE 3.0.0
2024-03-14 17:18:06,919 [INFO] ThirdParty:1030 - CMSIS Pack Vendor :STMicroelectronics X-CUBE-AZRTOS-WB 2.0.0
2024-03-14 17:18:06,920 [INFO] ThirdParty:1030 - CMSIS Pack Vendor :wolfSSL I-CUBE-wolfSSL 5.6.6
2024-03-14 17:18:06,921 [INFO] ThirdParty:1030 - CMSIS Pack Vendor :STMicroelectronics X-CUBE-TOUCHGFX 4.23.0
2024-03-14 17:18:06,922 [INFO] ThirdParty:1030 - CMSIS Pack Vendor :STMicroelectronics X-CUBE-AZRTOS-F7 1.1.0
2024-03-14 17:18:06,923 [INFO] ThirdParty:1030 - CMSIS Pack Vendor :STMicroelectronics X-CUBE-AZRTOS-L5 2.0.0
2024-03-14 17:18:06,924 [INFO] ThirdParty:1030 - CMSIS Pack Vendor :STMicroelectronics USB_DEVICE 2.0.0
2024-03-14 17:18:06,925 [INFO] ThirdParty:1030 - CMSIS Pack Vendor :ITTIA_DB I-CUBE-ITTIADB 8.8.0
2024-03-14 17:18:06,926 [INFO] ThirdParty:1030 - CMSIS Pack Vendor :STMicroelectronics FP-SNS-MOTENV1 4.3.2
2024-03-14 17:18:06,927 [INFO] ThirdParty:1030 - CMSIS Pack Vendor :STMicroelectronics X-CUBE-ALGOBUILD 1.3.0
2024-03-14 17:18:06,928 [INFO] ThirdParty:1030 - CMSIS Pack Vendor :STMicroelectronics FreeRTOS 0.0.1
2024-03-14 17:18:06,929 [INFO] ThirdParty:1030 - CMSIS Pack Vendor :STMicroelectronics X-CUBE-AZRTOS-G0 1.1.0
2024-03-14 17:18:06,930 [INFO] ThirdParty:1030 - CMSIS Pack Vendor :STMicroelectronics X-CUBE-NFC4 3.0.0
2024-03-14 17:18:06,931 [INFO] ThirdParty:1030 - CMSIS Pack Vendor :STMicroelectronics X-CUBE-SUBG2 5.0.0
2024-03-14 17:18:06,932 [INFO] ThirdParty:1030 - CMSIS Pack Vendor :STMicroelectronics STM32_WPAN 1.0.0
2024-03-14 17:18:06,933 [INFO] ThirdParty:1030 - CMSIS Pack Vendor :STMicroelectronics lwIP 2.0.3
2024-03-14 17:18:06,934 [INFO] ThirdParty:1030 - CMSIS Pack Vendor :STMicroelectronics FP-SNS-FLIGHT1 5.0.2
2024-03-14 17:18:06,935 [INFO] ThirdParty:1030 - CMSIS Pack Vendor :STMicroelectronics USB_HOST 1.0.0
2024-03-14 17:18:06,936 [INFO] ThirdParty:1030 - CMSIS Pack Vendor :STMicroelectronics X-CUBE-AZRTOS-G4 2.0.0
2024-03-14 17:18:06,937 [INFO] ThirdParty:1030 - CMSIS Pack Vendor :STMicroelectronics PDM2PCM 3.1.0
2024-03-14 17:18:06,938 [INFO] ThirdParty:1030 - CMSIS Pack Vendor :Infineon AIROC-Wi-Fi-Bluetooth-STM32 1.5.1
2024-03-14 17:18:06,939 [INFO] ThirdParty:1030 - CMSIS Pack Vendor :STMicroelectronics PDM2PCM 3.3.0
2024-03-14 17:18:06,940 [INFO] ThirdParty:1030 - CMSIS Pack Vendor :STMicroelectronics X-CUBE-DISPLAY 3.0.0
2024-03-14 17:18:06,941 [INFO] ThirdParty:1030 - CMSIS Pack Vendor :STMicroelectronics FP-SNS-MOTENVWB1 1.3.1
2024-03-14 17:18:06,941 [INFO] ThirdParty:1030 - CMSIS Pack Vendor :STMicroelectronics X-CUBE-BLE1 7.0.0
2024-03-14 17:18:06,943 [INFO] ThirdParty:1030 - CMSIS Pack Vendor :STMicroelectronics FP-ATR-SIGFOX1 3.2.0
2024-03-14 17:18:06,944 [INFO] ThirdParty:1030 - CMSIS Pack Vendor :STMicroelectronics X-CUBE-ISPU 2.0.0
2024-03-14 17:18:06,945 [INFO] ThirdParty:1030 - CMSIS Pack Vendor :STMicroelectronics X-CUBE-EEPRMA1 5.1.0
2024-03-14 17:18:06,946 [INFO] ThirdParty:1030 - CMSIS Pack Vendor :STMicroelectronics HAL Drivers 0.0.0
2024-03-14 17:18:06,947 [INFO] ThirdParty:1030 - CMSIS Pack Vendor :STMicroelectronics MBEDTLS 2.16.2
2024-03-14 17:18:06,948 [INFO] ThirdParty:1030 - CMSIS Pack Vendor :emotas I-CUBE-CANOPEN 1.3.0
2024-03-14 17:18:06,949 [INFO] ThirdParty:1030 - CMSIS Pack Vendor :STMicroelectronics X-CUBE-MEMS1 10.0.0
2024-03-14 17:18:06,950 [INFO] ThirdParty:1030 - CMSIS Pack Vendor :STMicroelectronics X-CUBE-FREERTOS 1.1.0
2024-03-14 17:18:06,951 [INFO] ThirdParty:1030 - CMSIS Pack Vendor :STMicroelectronics X-CUBE-NFC7 1.0.1
2024-03-14 17:18:06,953 [INFO] ThirdParty:1030 - CMSIS Pack Vendor :STMicroelectronics MBEDTLS 2.14.1
2024-03-14 17:18:06,954 [INFO] ThirdParty:1030 - CMSIS Pack Vendor :STMicroelectronics X-CUBE-NFC6 3.0.0
2024-03-14 17:18:06,955 [INFO] ThirdParty:1030 - CMSIS Pack Vendor :portGmbH I-Cube-SoM-uGOAL 1.1.0
2024-03-14 17:18:06,957 [INFO] ThirdParty:1030 - CMSIS Pack Vendor :STMicroelectronics X-CUBE-ALS 1.0.1
2024-03-14 17:18:06,958 [INFO] ThirdParty:1030 - CMSIS Pack Vendor :STMicroelectronics X-CUBE-BLEMGR 3.1.0
2024-03-14 17:18:06,959 [INFO] ThirdParty:1030 - CMSIS Pack Vendor :STMicroelectronics ThreadX 1.0.0
2024-03-14 17:18:06,961 [INFO] ThirdParty:1030 - CMSIS Pack Vendor :STMicroelectronics FP-SNS-SMARTAG2 1.2.0
2024-03-14 17:18:06,962 [INFO] ThirdParty:1030 - CMSIS Pack Vendor :STMicroelectronics X-CUBE-AZRTOS-WL 2.0.0
2024-03-14 17:18:06,963 [INFO] ThirdParty:1030 - CMSIS Pack Vendor :SEGGER I-CUBE-embOS 1.3.1
2024-03-14 17:18:06,964 [INFO] ThirdParty:1030 - CMSIS Pack Vendor :STMicroelectronics USB_DEVICE 1.0.0
2024-03-14 17:18:06,965 [INFO] ThirdParty:1030 - CMSIS Pack Vendor :STMicroelectronics X-CUBE-AI 8.1.0
2024-03-14 17:18:06,966 [INFO] ThirdParty:1030 - CMSIS Pack Vendor :STMicroelectronics X-CUBE-AZRTOS-L4 2.0.0
2024-03-14 17:18:06,968 [INFO] ThirdParty:1030 - CMSIS Pack Vendor :STMicroelectronics ThreadX 0.0.2
2024-03-14 17:18:06,969 [INFO] ThirdParty:1030 - CMSIS Pack Vendor :WES I-CUBE-Cesium 1.3.0
2024-03-14 17:18:06,971 [INFO] ThirdParty:1030 - CMSIS Pack Vendor :STMicroelectronics FP-ATR-ASTRA1 2.0.0
2024-03-14 17:18:06,972 [INFO] ThirdParty:1030 - CMSIS Pack Vendor :STMicroelectronics lwIP 2.1.2
2024-03-14 17:18:06,973 [INFO] ThirdParty:1030 - CMSIS Pack Vendor :STMicroelectronics X-CUBE-SFXS2LP1 4.0.0
2024-03-14 17:18:06,974 [INFO] ThirdParty:1030 - CMSIS Pack Vendor :STMicroelectronics X-CUBE-BLE2 3.3.0
2024-03-14 17:18:06,976 [INFO] ThirdParty:1030 - CMSIS Pack Vendor :STMicroelectronics X-CUBE-TOF1 3.4.1
2024-03-14 17:18:06,977 [INFO] ThirdParty:1030 - CMSIS Pack Vendor :STMicroelectronics X-CUBE-AZRTOS-H7 3.2.0
2024-03-14 17:18:06,978 [INFO] ThirdParty:1030 - CMSIS Pack Vendor :STMicroelectronics PDM2PCM 3.2.0
2024-03-14 17:18:06,979 [INFO] ThirdParty:841 - exiting critical section [change project]
2024-03-14 17:18:07,392 [INFO] PinOutPanel:1499 - setPackage(No Configuration,No Configuration)
2024-03-14 17:18:07,394 [INFO] PinOutPanel:1499 - setPackage(STM32L4R5ZITxP,LQFP144)
2024-03-14 17:18:07,868 [INFO] UtilMem:75 - Before build in PCC Used Memory: 283424416 Bytes (771751936)
2024-03-14 17:18:08,681 [INFO] UtilMem:75 - After build in PCC Used Memory: 418823664 Bytes (771751936)
2024-03-14 17:18:08,713 [INFO] IPUIPlugin:80 - create IPUIPlugin
2024-03-14 17:18:08,714 [INFO] IPUIPlugin:80 - create IPUIPlugin
2024-03-14 17:18:08,715 [INFO] IPUIPlugin:80 - create IPUIPlugin
2024-03-14 17:18:08,716 [INFO] IPUIPlugin:80 - create IPUIPlugin
2024-03-14 17:18:08,717 [INFO] IPUIPlugin:80 - create IPUIPlugin
2024-03-14 17:18:08,718 [INFO] IPUIPlugin:80 - create IPUIPlugin
2024-03-14 17:18:08,719 [INFO] IPUIPlugin:80 - create IPUIPlugin
2024-03-14 17:18:08,720 [INFO] IPUIPlugin:80 - create IPUIPlugin
2024-03-14 17:18:08,721 [INFO] IPUIPlugin:80 - create IPUIPlugin
2024-03-14 17:18:08,722 [INFO] IPUIPlugin:80 - create IPUIPlugin
2024-03-14 17:18:08,724 [INFO] IPUIPlugin:80 - create IPUIPlugin
2024-03-14 17:18:08,725 [INFO] IPUIPlugin:80 - create IPUIPlugin
2024-03-14 17:18:08,726 [INFO] IPUIPlugin:80 - create IPUIPlugin
2024-03-14 17:18:08,727 [INFO] IPUIPlugin:80 - create IPUIPlugin
2024-03-14 17:18:08,728 [INFO] IPUIPlugin:80 - create IPUIPlugin
2024-03-14 17:18:08,729 [INFO] IPUIPlugin:80 - create IPUIPlugin
2024-03-14 17:18:08,730 [INFO] IPUIPlugin:80 - create IPUIPlugin
2024-03-14 17:18:08,731 [INFO] IPUIPlugin:80 - create IPUIPlugin
2024-03-14 17:18:08,732 [INFO] IPUIPlugin:80 - create IPUIPlugin
2024-03-14 17:18:08,733 [INFO] IPUIPlugin:80 - create IPUIPlugin
2024-03-14 17:18:08,734 [INFO] IPUIPlugin:80 - create IPUIPlugin
2024-03-14 17:18:08,736 [INFO] IPUIPlugin:80 - create IPUIPlugin
2024-03-14 17:18:08,737 [INFO] IPUIPlugin:80 - create IPUIPlugin
2024-03-14 17:18:08,738 [INFO] IPUIPlugin:80 - create IPUIPlugin
2024-03-14 17:18:08,739 [INFO] IPUIPlugin:80 - create IPUIPlugin
2024-03-14 17:18:08,740 [INFO] IPUIPlugin:80 - create IPUIPlugin
2024-03-14 17:18:08,742 [INFO] IPUIPlugin:80 - create IPUIPlugin
2024-03-14 17:18:08,743 [INFO] IPUIPlugin:80 - create IPUIPlugin
2024-03-14 17:18:08,744 [INFO] IPUIPlugin:80 - create IPUIPlugin
2024-03-14 17:18:08,745 [INFO] IPUIPlugin:80 - create IPUIPlugin
2024-03-14 17:18:08,746 [INFO] IPUIPlugin:80 - create IPUIPlugin
2024-03-14 17:18:08,747 [INFO] IPUIPlugin:80 - create IPUIPlugin
2024-03-14 17:18:08,749 [INFO] IPUIPlugin:80 - create IPUIPlugin
2024-03-14 17:18:08,750 [INFO] IPUIPlugin:80 - create IPUIPlugin
2024-03-14 17:18:08,751 [INFO] IPUIPlugin:80 - create IPUIPlugin
2024-03-14 17:18:08,752 [INFO] IPUIPlugin:80 - create IPUIPlugin
2024-03-14 17:18:08,753 [INFO] IPUIPlugin:80 - create IPUIPlugin
2024-03-14 17:18:08,755 [INFO] IPUIPlugin:80 - create IPUIPlugin
2024-03-14 17:18:08,756 [INFO] IPUIPlugin:80 - create IPUIPlugin
2024-03-14 17:18:08,757 [INFO] IPUIPlugin:80 - create IPUIPlugin
2024-03-14 17:18:08,759 [INFO] IPUIPlugin:80 - create IPUIPlugin
2024-03-14 17:18:08,760 [INFO] IPUIPlugin:80 - create IPUIPlugin
2024-03-14 17:18:08,761 [INFO] IPUIPlugin:80 - create IPUIPlugin
2024-03-14 17:18:08,762 [INFO] IPUIPlugin:80 - create IPUIPlugin
2024-03-14 17:18:08,764 [INFO] IPUIPlugin:80 - create IPUIPlugin
2024-03-14 17:18:08,765 [INFO] IPUIPlugin:80 - create IPUIPlugin
2024-03-14 17:18:08,766 [INFO] IPUIPlugin:80 - create IPUIPlugin
2024-03-14 17:18:08,767 [INFO] IPUIPlugin:80 - create IPUIPlugin
2024-03-14 17:18:08,768 [INFO] IPUIPlugin:80 - create IPUIPlugin
2024-03-14 17:18:08,769 [INFO] IPUIPlugin:80 - create IPUIPlugin
2024-03-14 17:18:08,771 [INFO] IPUIPlugin:80 - create IPUIPlugin
2024-03-14 17:18:08,772 [INFO] IPUIPlugin:80 - create IPUIPlugin
2024-03-14 17:18:08,773 [INFO] IPUIPlugin:80 - create IPUIPlugin
2024-03-14 17:18:08,775 [INFO] IPUIPlugin:80 - create IPUIPlugin
2024-03-14 17:18:08,776 [INFO] IPUIPlugin:80 - create IPUIPlugin
2024-03-14 17:18:08,778 [INFO] IPUIPlugin:80 - create IPUIPlugin
2024-03-14 17:18:08,779 [INFO] IPUIPlugin:80 - create IPUIPlugin
2024-03-14 17:18:08,780 [INFO] IPUIPlugin:80 - create IPUIPlugin
2024-03-14 17:18:08,782 [INFO] IPUIPlugin:80 - create IPUIPlugin
2024-03-14 17:18:08,783 [INFO] IPUIPlugin:80 - create IPUIPlugin
2024-03-14 17:18:08,784 [INFO] IPUIPlugin:80 - create IPUIPlugin
2024-03-14 17:18:09,005 [INFO] CADModel:165 - CPN selected for project levelSTM32L4R5ZIT6P
2024-03-14 17:18:09,006 [INFO] CADModel:114 - Register for checkConnection events
2024-03-14 17:18:09,064 [INFO] OpenFileManager:343 - Restore cursor
2024-03-14 17:34:41,603 [INFO] UtilMem:75 - End SaveConfig() Used Memory: 318377152 Bytes (771751936)
2024-03-14 17:34:58,006 [INFO] UtilMem:75 - End SaveConfig() Used Memory: 355917048 Bytes (771751936)
2024-03-14 17:35:14,532 [INFO] UtilMem:75 - End SaveConfig() Used Memory: 402854560 Bytes (771751936)
2024-03-14 17:35:28,008 [INFO] BlockDiagram:2759 - set Specific Code input for plugin: SYS
2024-03-14 17:35:28,009 [INFO] BlockDiagram:2759 - set Specific Code input for plugin: RCC
2024-03-14 17:35:28,010 [INFO] BlockDiagram:2759 - set Specific Code input for plugin: I2C
2024-03-14 17:35:28,012 [INFO] BlockDiagram:2759 - set Specific Code input for plugin: NVIC
2024-03-14 17:35:28,013 [INFO] BlockDiagram:2759 - set Specific Code input for plugin: GPIO
2024-03-14 17:35:28,050 [INFO] CodeGenerator:807 - code generatio: config db path: C:\ST\STM32CubeIDE_1.14.0\STM32CubeIDE\plugins\com.st.stm32cube.common.mx_6.10.0.202311202037\\db\
2024-03-14 17:35:28,332 [INFO] CodeEngine:255 - oldGeneratedFile, N:\project_2\Project_attempt\MXTmpFiles\license.tmp_save
2024-03-14 17:35:28,895 [INFO] CodeEngine:279 - Generated code: N:\project_2\Project_attempt\MXTmpFiles\license.tmp
2024-03-14 17:35:29,378 [INFO] CodeEngine:255 - oldGeneratedFile, N:\project_2\Project_attempt\MXTmpFiles\gpio.tmp_save
2024-03-14 17:35:29,684 [INFO] CodeEngine:279 - Generated code: N:\project_2\Project_attempt\MXTmpFiles\gpio.tmp
2024-03-14 17:35:30,310 [INFO] CodeEngine:255 - oldGeneratedFile, N:\project_2\Project_attempt\Core\Src\stm32l4xx_it.c_save
2024-03-14 17:35:30,735 [INFO] CodeEngine:279 - Generated code: N:\project_2\Project_attempt\Core\Src\stm32l4xx_it.c
2024-03-14 17:35:30,941 [INFO] CodeEngine:255 - oldGeneratedFile, N:\project_2\Project_attempt\Core\Inc\stm32l4xx_it.h_save
2024-03-14 17:35:31,214 [INFO] CodeEngine:279 - Generated code: N:\project_2\Project_attempt\Core\Inc\stm32l4xx_it.h
2024-03-14 17:35:31,439 [INFO] CodeEngine:255 - oldGeneratedFile, N:\project_2\Project_attempt\Core\Src\stm32l4xx_hal_msp.c_save
2024-03-14 17:35:31,841 [INFO] CodeEngine:279 - Generated code: N:\project_2\Project_attempt\Core\Src\stm32l4xx_hal_msp.c
2024-03-14 17:35:31,957 [INFO] CodeEngine:255 - oldGeneratedFile, N:\project_2\Project_attempt\MXTmpFiles\system.tmp_save
2024-03-14 17:35:32,104 [INFO] CodeEngine:279 - Generated code: N:\project_2\Project_attempt\MXTmpFiles\system.tmp
2024-03-14 17:35:32,367 [INFO] CodeEngine:311 - oldGeneratedFile, N:\project_2\Project_attempt\Core\Inc\stm32l4xx_hal_conf.h_save
2024-03-14 17:35:32,840 [INFO] CodeEngine:335 - Generated code: N:\project_2\Project_attempt\Core\Inc\stm32l4xx_hal_conf.h
2024-03-14 17:35:33,210 [INFO] CodeEngine:255 - oldGeneratedFile, N:\project_2\Project_attempt\Core\Inc\main.h_save
2024-03-14 17:35:33,602 [INFO] CodeEngine:279 - Generated code: N:\project_2\Project_attempt\Core\Inc\main.h
2024-03-14 17:35:33,767 [INFO] CodeEngine:255 - oldGeneratedFile, N:\project_2\Project_attempt\Core\Src\main.c_save
2024-03-14 17:35:34,231 [INFO] CodeEngine:279 - Generated code: N:\project_2\Project_attempt\Core\Src\main.c
2024-03-14 17:35:42,265 [INFO] ProjectBuilder:3076 - Time for Copy HAL[1] : 7304mS.
2024-03-14 17:35:42,284 [INFO] ProjectBuilder:4485 - Project Generator version: 4.2.0-B44
2024-03-14 17:35:42,440 [INFO] ConfigFileManager:1495 - The Die is : DIE470
2024-03-14 17:35:42,461 [INFO] ApiDbMcu:508 - Load IP Config File for FATFS
2024-03-14 17:35:42,473 [INFO] ApiDbMcu:508 - Load IP Config File for FREERTOS
2024-03-14 17:35:42,488 [INFO] ApiDbMcu:508 - Load IP Config File for TOUCHSENSING
2024-03-14 17:35:42,498 [INFO] ApiDbMcu:508 - Load IP Config File for USB_DEVICE
2024-03-14 17:35:42,507 [INFO] ApiDbMcu:508 - Load IP Config File for USB_HOST
2024-03-14 17:35:43,549 [INFO] LogOutputStream:77 - [STDOUT_REDIRECT] 
2024-03-14 17:35:49,292 [INFO] ProjectBuilder:4747 - Time for Generating toolchain IDE Files: 7007mS.
2024-03-14 17:35:49,335 [INFO] ProjectBuilder:2947 - Time for Copy CMSIS : 41mS.
2024-03-14 17:35:49,344 [INFO] ProjectBuilder:2947 - Time for Copy CMSIS : 0mS.
2024-03-14 17:53:44,021 [INFO] NvicIntPanel:101 - NVIC parent = com.st.microxplorer.plugins.ip.nvic.MultiNvicIntPanel[,0,0,0x0,invalid,layout=javax.swing.BoxLayout,alignmentX=0.0,alignmentY=0.0,border=,flags=9,maximumSize=,minimumSize=,preferredSize=]
2024-03-14 17:55:22,627 [INFO] NvicIntPanel:101 - NVIC parent = com.st.microxplorer.plugins.ip.nvic.MultiNvicIntPanel[,0,0,0x0,invalid,layout=javax.swing.BoxLayout,alignmentX=0.0,alignmentY=0.0,border=,flags=9,maximumSize=,minimumSize=,preferredSize=]
2024-03-14 17:55:30,397 [INFO] NvicIntPanel:101 - NVIC parent = com.st.microxplorer.plugins.ip.nvic.MultiNvicIntPanel[,0,0,0x0,invalid,layout=javax.swing.BoxLayout,alignmentX=0.0,alignmentY=0.0,border=,flags=9,maximumSize=,minimumSize=,preferredSize=]
2024-03-14 17:57:41,044 [INFO] UtilMem:75 - End SaveConfig() Used Memory: 586359792 Bytes (1001390080)
2024-03-14 17:58:02,641 [INFO] UtilMem:75 - End SaveConfig() Used Memory: 608169568 Bytes (1001390080)
2024-03-14 17:58:43,336 [INFO] UtilMem:75 - End SaveConfig() Used Memory: 704638560 Bytes (1001390080)
2024-03-14 17:58:56,749 [INFO] BlockDiagram:2759 - set Specific Code input for plugin: TIM1_8L4
2024-03-14 17:58:56,750 [INFO] BlockDiagram:2759 - set Specific Code input for plugin: SYS
2024-03-14 17:58:56,752 [INFO] BlockDiagram:2759 - set Specific Code input for plugin: RCC
2024-03-14 17:58:56,753 [INFO] BlockDiagram:2759 - set Specific Code input for plugin: I2C
2024-03-14 17:58:56,754 [INFO] BlockDiagram:2759 - set Specific Code input for plugin: NVIC
2024-03-14 17:58:56,755 [INFO] BlockDiagram:2759 - set Specific Code input for plugin: GPIO
2024-03-14 17:58:56,779 [INFO] CodeGenerator:807 - code generatio: config db path: C:\ST\STM32CubeIDE_1.14.0\STM32CubeIDE\plugins\com.st.stm32cube.common.mx_6.10.0.202311202037\\db\
2024-03-14 17:58:56,960 [INFO] CodeEngine:255 - oldGeneratedFile, N:\project_2\Project_attempt\MXTmpFiles\license.tmp_save
2024-03-14 17:58:57,208 [INFO] CodeEngine:279 - Generated code: N:\project_2\Project_attempt\MXTmpFiles\license.tmp
2024-03-14 17:58:57,490 [INFO] CodeEngine:255 - oldGeneratedFile, N:\project_2\Project_attempt\MXTmpFiles\gpio.tmp_save
2024-03-14 17:58:57,740 [INFO] CodeEngine:279 - Generated code: N:\project_2\Project_attempt\MXTmpFiles\gpio.tmp
2024-03-14 17:58:58,426 [INFO] CodeEngine:255 - oldGeneratedFile, N:\project_2\Project_attempt\Core\Src\stm32l4xx_it.c_save
2024-03-14 17:58:58,807 [INFO] CodeEngine:279 - Generated code: N:\project_2\Project_attempt\Core\Src\stm32l4xx_it.c
2024-03-14 17:58:58,910 [INFO] CodeEngine:255 - oldGeneratedFile, N:\project_2\Project_attempt\Core\Inc\stm32l4xx_it.h_save
2024-03-14 17:58:59,170 [INFO] CodeEngine:279 - Generated code: N:\project_2\Project_attempt\Core\Inc\stm32l4xx_it.h
2024-03-14 17:58:59,429 [INFO] CodeEngine:255 - oldGeneratedFile, N:\project_2\Project_attempt\Core\Src\stm32l4xx_hal_msp.c_save
2024-03-14 17:58:59,854 [INFO] CodeEngine:279 - Generated code: N:\project_2\Project_attempt\Core\Src\stm32l4xx_hal_msp.c
2024-03-14 17:59:00,049 [INFO] CodeEngine:255 - oldGeneratedFile, N:\project_2\Project_attempt\MXTmpFiles\system.tmp_save
2024-03-14 17:59:00,192 [INFO] CodeEngine:279 - Generated code: N:\project_2\Project_attempt\MXTmpFiles\system.tmp
2024-03-14 17:59:00,440 [INFO] CodeEngine:311 - oldGeneratedFile, N:\project_2\Project_attempt\Core\Inc\stm32l4xx_hal_conf.h_save
2024-03-14 17:59:00,944 [INFO] CodeEngine:335 - Generated code: N:\project_2\Project_attempt\Core\Inc\stm32l4xx_hal_conf.h
2024-03-14 17:59:01,238 [WARN] IPConfigManager:3440 - IP not found : TIM
2024-03-14 17:59:01,241 [WARN] CodeGenerator:3939 - IP not found : null
2024-03-14 17:59:01,331 [INFO] CodeEngine:255 - oldGeneratedFile, N:\project_2\Project_attempt\Core\Inc\main.h_save
2024-03-14 17:59:01,745 [INFO] CodeEngine:279 - Generated code: N:\project_2\Project_attempt\Core\Inc\main.h
2024-03-14 17:59:01,953 [INFO] CodeEngine:255 - oldGeneratedFile, N:\project_2\Project_attempt\Core\Src\main.c_save
2024-03-14 17:59:02,371 [INFO] CodeEngine:279 - Generated code: N:\project_2\Project_attempt\Core\Src\main.c
2024-03-14 17:59:09,222 [INFO] ProjectBuilder:3076 - Time for Copy HAL[1] : 6270mS.
2024-03-14 17:59:09,240 [INFO] ProjectBuilder:4485 - Project Generator version: 4.2.0-B44
2024-03-14 17:59:09,380 [INFO] ConfigFileManager:1495 - The Die is : DIE470
2024-03-14 17:59:14,464 [INFO] ProjectBuilder:4747 - Time for Generating toolchain IDE Files: 5224mS.
2024-03-14 17:59:14,501 [INFO] ProjectBuilder:2947 - Time for Copy CMSIS : 35mS.
2024-03-14 17:59:14,516 [INFO] ProjectBuilder:2947 - Time for Copy CMSIS : 0mS.
2024-03-14 18:26:26,837 [INFO] NvicIntPanel:101 - NVIC parent = com.st.microxplorer.plugins.ip.nvic.MultiNvicIntPanel[,0,0,0x0,invalid,layout=javax.swing.BoxLayout,alignmentX=0.0,alignmentY=0.0,border=,flags=9,maximumSize=,minimumSize=,preferredSize=]
2024-03-14 18:26:52,933 [INFO] Gpio:277 - dependency for GPIO [I2C1, TIM4]
2024-03-14 18:27:22,063 [INFO] UtilMem:75 - End SaveConfig() Used Memory: 308269040 Bytes (1073741824)
2024-03-14 18:27:33,623 [INFO] UtilMem:75 - End SaveConfig() Used Memory: 335529968 Bytes (1073741824)
2024-03-14 18:27:47,328 [INFO] UtilMem:75 - End SaveConfig() Used Memory: 459788272 Bytes (1073741824)
2024-03-14 18:27:58,196 [INFO] BlockDiagram:2759 - set Specific Code input for plugin: TIM1_8L4
2024-03-14 18:27:58,197 [INFO] BlockDiagram:2759 - set Specific Code input for plugin: SYS
2024-03-14 18:27:58,199 [INFO] BlockDiagram:2759 - set Specific Code input for plugin: RCC
2024-03-14 18:27:58,199 [INFO] BlockDiagram:2759 - set Specific Code input for plugin: I2C
2024-03-14 18:27:58,200 [INFO] BlockDiagram:2759 - set Specific Code input for plugin: NVIC
2024-03-14 18:27:58,202 [INFO] BlockDiagram:2759 - set Specific Code input for plugin: GPIO
2024-03-14 18:27:58,241 [INFO] CodeGenerator:807 - code generatio: config db path: C:\ST\STM32CubeIDE_1.14.0\STM32CubeIDE\plugins\com.st.stm32cube.common.mx_6.10.0.202311202037\\db\
2024-03-14 18:27:58,429 [INFO] CodeEngine:255 - oldGeneratedFile, N:\project_2\Project_attempt\MXTmpFiles\license.tmp_save
2024-03-14 18:27:58,655 [INFO] CodeEngine:279 - Generated code: N:\project_2\Project_attempt\MXTmpFiles\license.tmp
2024-03-14 18:27:58,934 [INFO] CodeEngine:255 - oldGeneratedFile, N:\project_2\Project_attempt\MXTmpFiles\gpio.tmp_save
2024-03-14 18:27:59,208 [INFO] CodeEngine:279 - Generated code: N:\project_2\Project_attempt\MXTmpFiles\gpio.tmp
2024-03-14 18:27:59,813 [INFO] CodeEngine:255 - oldGeneratedFile, N:\project_2\Project_attempt\Core\Src\stm32l4xx_it.c_save
2024-03-14 18:28:00,257 [INFO] CodeEngine:279 - Generated code: N:\project_2\Project_attempt\Core\Src\stm32l4xx_it.c
2024-03-14 18:28:00,404 [INFO] CodeEngine:255 - oldGeneratedFile, N:\project_2\Project_attempt\Core\Inc\stm32l4xx_it.h_save
2024-03-14 18:28:00,708 [INFO] CodeEngine:279 - Generated code: N:\project_2\Project_attempt\Core\Inc\stm32l4xx_it.h
2024-03-14 18:28:00,935 [INFO] CodeEngine:255 - oldGeneratedFile, N:\project_2\Project_attempt\Core\Src\stm32l4xx_hal_msp.c_save
2024-03-14 18:28:01,279 [INFO] CodeEngine:279 - Generated code: N:\project_2\Project_attempt\Core\Src\stm32l4xx_hal_msp.c
2024-03-14 18:28:01,385 [INFO] CodeEngine:255 - oldGeneratedFile, N:\project_2\Project_attempt\MXTmpFiles\system.tmp_save
2024-03-14 18:28:01,538 [INFO] CodeEngine:279 - Generated code: N:\project_2\Project_attempt\MXTmpFiles\system.tmp
2024-03-14 18:28:01,721 [INFO] CodeEngine:311 - oldGeneratedFile, N:\project_2\Project_attempt\Core\Inc\stm32l4xx_hal_conf.h_save
2024-03-14 18:28:02,066 [INFO] CodeEngine:335 - Generated code: N:\project_2\Project_attempt\Core\Inc\stm32l4xx_hal_conf.h
2024-03-14 18:28:02,267 [WARN] IPConfigManager:3440 - IP not found : TIM
2024-03-14 18:28:02,269 [WARN] CodeGenerator:3939 - IP not found : null
2024-03-14 18:28:02,357 [INFO] CodeEngine:255 - oldGeneratedFile, N:\project_2\Project_attempt\Core\Inc\main.h_save
2024-03-14 18:28:02,672 [INFO] CodeEngine:279 - Generated code: N:\project_2\Project_attempt\Core\Inc\main.h
2024-03-14 18:28:02,800 [INFO] CodeEngine:255 - oldGeneratedFile, N:\project_2\Project_attempt\Core\Src\main.c_save
2024-03-14 18:28:03,200 [INFO] CodeEngine:279 - Generated code: N:\project_2\Project_attempt\Core\Src\main.c
2024-03-14 18:28:08,990 [INFO] ProjectBuilder:3076 - Time for Copy HAL[1] : 5130mS.
2024-03-14 18:28:09,004 [INFO] ProjectBuilder:4485 - Project Generator version: 4.2.0-B44
2024-03-14 18:28:09,162 [INFO] ConfigFileManager:1495 - The Die is : DIE470
2024-03-14 18:28:14,302 [INFO] ProjectBuilder:4747 - Time for Generating toolchain IDE Files: 5299mS.
2024-03-14 18:28:14,339 [INFO] ProjectBuilder:2947 - Time for Copy CMSIS : 36mS.
2024-03-14 18:28:14,351 [INFO] ProjectBuilder:2947 - Time for Copy CMSIS : 0mS.
2024-03-14 18:31:12,020 [INFO] UtilMem:75 - End SaveConfig() Used Memory: 500924904 Bytes (1073741824)
2024-03-14 18:31:23,849 [INFO] UtilMem:75 - End SaveConfig() Used Memory: 527543624 Bytes (1073741824)
2024-03-14 18:31:43,794 [INFO] UtilMem:75 - End SaveConfig() Used Memory: 683259208 Bytes (1073741824)
2024-03-14 18:31:54,745 [INFO] BlockDiagram:2759 - set Specific Code input for plugin: TIM1_8L4
2024-03-14 18:31:54,747 [INFO] BlockDiagram:2759 - set Specific Code input for plugin: SYS
2024-03-14 18:31:54,748 [INFO] BlockDiagram:2759 - set Specific Code input for plugin: RCC
2024-03-14 18:31:54,749 [INFO] BlockDiagram:2759 - set Specific Code input for plugin: I2C
2024-03-14 18:31:54,750 [INFO] BlockDiagram:2759 - set Specific Code input for plugin: NVIC
2024-03-14 18:31:54,752 [INFO] BlockDiagram:2759 - set Specific Code input for plugin: GPIO
2024-03-14 18:31:54,800 [INFO] CodeGenerator:807 - code generatio: config db path: C:\ST\STM32CubeIDE_1.14.0\STM32CubeIDE\plugins\com.st.stm32cube.common.mx_6.10.0.202311202037\\db\
2024-03-14 18:31:54,999 [INFO] CodeEngine:255 - oldGeneratedFile, N:\project_2\Project_attempt\MXTmpFiles\license.tmp_save
2024-03-14 18:31:55,215 [INFO] CodeEngine:279 - Generated code: N:\project_2\Project_attempt\MXTmpFiles\license.tmp
2024-03-14 18:31:55,488 [INFO] CodeEngine:255 - oldGeneratedFile, N:\project_2\Project_attempt\MXTmpFiles\gpio.tmp_save
2024-03-14 18:31:55,718 [INFO] CodeEngine:279 - Generated code: N:\project_2\Project_attempt\MXTmpFiles\gpio.tmp
2024-03-14 18:31:56,316 [INFO] CodeEngine:255 - oldGeneratedFile, N:\project_2\Project_attempt\Core\Src\stm32l4xx_it.c_save
2024-03-14 18:31:56,624 [INFO] CodeEngine:279 - Generated code: N:\project_2\Project_attempt\Core\Src\stm32l4xx_it.c
2024-03-14 18:31:56,730 [INFO] CodeEngine:255 - oldGeneratedFile, N:\project_2\Project_attempt\Core\Inc\stm32l4xx_it.h_save
2024-03-14 18:31:56,984 [INFO] CodeEngine:279 - Generated code: N:\project_2\Project_attempt\Core\Inc\stm32l4xx_it.h
2024-03-14 18:31:57,207 [INFO] CodeEngine:255 - oldGeneratedFile, N:\project_2\Project_attempt\Core\Src\stm32l4xx_hal_msp.c_save
2024-03-14 18:31:57,522 [INFO] CodeEngine:279 - Generated code: N:\project_2\Project_attempt\Core\Src\stm32l4xx_hal_msp.c
2024-03-14 18:31:57,605 [INFO] CodeEngine:255 - oldGeneratedFile, N:\project_2\Project_attempt\MXTmpFiles\system.tmp_save
2024-03-14 18:31:57,778 [INFO] CodeEngine:279 - Generated code: N:\project_2\Project_attempt\MXTmpFiles\system.tmp
2024-03-14 18:31:57,968 [INFO] CodeEngine:311 - oldGeneratedFile, N:\project_2\Project_attempt\Core\Inc\stm32l4xx_hal_conf.h_save
2024-03-14 18:31:58,315 [INFO] CodeEngine:335 - Generated code: N:\project_2\Project_attempt\Core\Inc\stm32l4xx_hal_conf.h
2024-03-14 18:31:58,506 [WARN] IPConfigManager:3440 - IP not found : TIM
2024-03-14 18:31:58,508 [WARN] CodeGenerator:3939 - IP not found : null
2024-03-14 18:31:58,594 [INFO] CodeEngine:255 - oldGeneratedFile, N:\project_2\Project_attempt\Core\Inc\main.h_save
2024-03-14 18:31:58,875 [INFO] CodeEngine:279 - Generated code: N:\project_2\Project_attempt\Core\Inc\main.h
2024-03-14 18:31:58,995 [INFO] CodeEngine:255 - oldGeneratedFile, N:\project_2\Project_attempt\Core\Src\main.c_save
2024-03-14 18:31:59,390 [INFO] CodeEngine:279 - Generated code: N:\project_2\Project_attempt\Core\Src\main.c
2024-03-14 18:32:04,731 [INFO] ProjectBuilder:3076 - Time for Copy HAL[1] : 4742mS.
2024-03-14 18:32:04,739 [INFO] ProjectBuilder:4485 - Project Generator version: 4.2.0-B44
2024-03-14 18:32:04,895 [INFO] ConfigFileManager:1495 - The Die is : DIE470
2024-03-14 18:32:07,576 [INFO] ProjectBuilder:4747 - Time for Generating toolchain IDE Files: 2837mS.
2024-03-14 18:32:07,616 [INFO] ProjectBuilder:2947 - Time for Copy CMSIS : 37mS.
2024-03-14 18:32:07,636 [INFO] ProjectBuilder:2947 - Time for Copy CMSIS : 1mS.
2024-03-14 18:32:45,230 [INFO] UtilMem:75 - End SaveConfig() Used Memory: 636573384 Bytes (1073741824)
2024-03-14 18:32:56,092 [INFO] UtilMem:75 - End SaveConfig() Used Memory: 663310024 Bytes (1073741824)
2024-03-14 18:33:11,311 [INFO] UtilMem:75 - End SaveConfig() Used Memory: 758730440 Bytes (1073741824)
2024-03-14 18:33:22,325 [INFO] BlockDiagram:2759 - set Specific Code input for plugin: TIM1_8L4
2024-03-14 18:33:22,327 [INFO] BlockDiagram:2759 - set Specific Code input for plugin: SYS
2024-03-14 18:33:22,328 [INFO] BlockDiagram:2759 - set Specific Code input for plugin: RCC
2024-03-14 18:33:22,329 [INFO] BlockDiagram:2759 - set Specific Code input for plugin: I2C
2024-03-14 18:33:22,330 [INFO] BlockDiagram:2759 - set Specific Code input for plugin: NVIC
2024-03-14 18:33:22,360 [INFO] BlockDiagram:2759 - set Specific Code input for plugin: GPIO
2024-03-14 18:33:22,383 [INFO] CodeGenerator:807 - code generatio: config db path: C:\ST\STM32CubeIDE_1.14.0\STM32CubeIDE\plugins\com.st.stm32cube.common.mx_6.10.0.202311202037\\db\
2024-03-14 18:33:22,572 [INFO] CodeEngine:255 - oldGeneratedFile, N:\project_2\Project_attempt\MXTmpFiles\license.tmp_save
2024-03-14 18:33:22,805 [INFO] CodeEngine:279 - Generated code: N:\project_2\Project_attempt\MXTmpFiles\license.tmp
2024-03-14 18:33:23,077 [INFO] CodeEngine:255 - oldGeneratedFile, N:\project_2\Project_attempt\MXTmpFiles\gpio.tmp_save
2024-03-14 18:33:23,301 [INFO] CodeEngine:279 - Generated code: N:\project_2\Project_attempt\MXTmpFiles\gpio.tmp
2024-03-14 18:33:23,963 [INFO] CodeEngine:255 - oldGeneratedFile, N:\project_2\Project_attempt\Core\Src\stm32l4xx_it.c_save
2024-03-14 18:33:24,267 [INFO] CodeEngine:279 - Generated code: N:\project_2\Project_attempt\Core\Src\stm32l4xx_it.c
2024-03-14 18:33:24,383 [INFO] CodeEngine:255 - oldGeneratedFile, N:\project_2\Project_attempt\Core\Inc\stm32l4xx_it.h_save
2024-03-14 18:33:24,636 [INFO] CodeEngine:279 - Generated code: N:\project_2\Project_attempt\Core\Inc\stm32l4xx_it.h
2024-03-14 18:33:25,059 [INFO] CodeEngine:255 - oldGeneratedFile, N:\project_2\Project_attempt\Core\Src\stm32l4xx_hal_msp.c_save
2024-03-14 18:33:25,388 [INFO] CodeEngine:279 - Generated code: N:\project_2\Project_attempt\Core\Src\stm32l4xx_hal_msp.c
2024-03-14 18:33:25,483 [INFO] CodeEngine:255 - oldGeneratedFile, N:\project_2\Project_attempt\MXTmpFiles\system.tmp_save
2024-03-14 18:33:25,639 [INFO] CodeEngine:279 - Generated code: N:\project_2\Project_attempt\MXTmpFiles\system.tmp
2024-03-14 18:33:25,830 [INFO] CodeEngine:311 - oldGeneratedFile, N:\project_2\Project_attempt\Core\Inc\stm32l4xx_hal_conf.h_save
2024-03-14 18:33:26,158 [INFO] CodeEngine:335 - Generated code: N:\project_2\Project_attempt\Core\Inc\stm32l4xx_hal_conf.h
2024-03-14 18:33:26,347 [WARN] IPConfigManager:3440 - IP not found : TIM
2024-03-14 18:33:26,349 [WARN] CodeGenerator:3939 - IP not found : null
2024-03-14 18:33:26,434 [INFO] CodeEngine:255 - oldGeneratedFile, N:\project_2\Project_attempt\Core\Inc\main.h_save
2024-03-14 18:33:26,722 [INFO] CodeEngine:279 - Generated code: N:\project_2\Project_attempt\Core\Inc\main.h
2024-03-14 18:33:26,849 [INFO] CodeEngine:255 - oldGeneratedFile, N:\project_2\Project_attempt\Core\Src\main.c_save
2024-03-14 18:33:27,240 [INFO] CodeEngine:279 - Generated code: N:\project_2\Project_attempt\Core\Src\main.c
2024-03-14 18:33:32,672 [INFO] ProjectBuilder:3076 - Time for Copy HAL[1] : 4796mS.
2024-03-14 18:33:32,695 [INFO] ProjectBuilder:4485 - Project Generator version: 4.2.0-B44
2024-03-14 18:33:32,852 [INFO] ConfigFileManager:1495 - The Die is : DIE470
2024-03-14 18:33:35,594 [INFO] ProjectBuilder:4747 - Time for Generating toolchain IDE Files: 2899mS.
2024-03-14 18:33:35,633 [INFO] ProjectBuilder:2947 - Time for Copy CMSIS : 37mS.
2024-03-14 18:33:35,646 [INFO] ProjectBuilder:2947 - Time for Copy CMSIS : 0mS.
2024-03-14 18:42:31,624 [INFO] Gpio:277 - dependency for GPIO [I2C1, TIM4]
2024-03-14 18:42:59,422 [INFO] UtilMem:75 - End SaveConfig() Used Memory: 718064544 Bytes (1006632960)
2024-03-14 18:43:10,396 [INFO] UtilMem:75 - End SaveConfig() Used Memory: 737461152 Bytes (1006632960)
2024-03-14 18:43:27,548 [INFO] UtilMem:75 - End SaveConfig() Used Memory: 816630688 Bytes (1006632960)
2024-03-14 18:43:39,994 [INFO] BlockDiagram:2759 - set Specific Code input for plugin: TIM1_8L4
2024-03-14 18:43:39,996 [INFO] BlockDiagram:2759 - set Specific Code input for plugin: SYS
2024-03-14 18:43:39,997 [INFO] BlockDiagram:2759 - set Specific Code input for plugin: RCC
2024-03-14 18:43:39,998 [INFO] BlockDiagram:2759 - set Specific Code input for plugin: I2C
2024-03-14 18:43:39,999 [INFO] BlockDiagram:2759 - set Specific Code input for plugin: NVIC
2024-03-14 18:43:40,001 [INFO] BlockDiagram:2759 - set Specific Code input for plugin: GPIO
2024-03-14 18:43:40,028 [INFO] CodeGenerator:807 - code generatio: config db path: C:\ST\STM32CubeIDE_1.14.0\STM32CubeIDE\plugins\com.st.stm32cube.common.mx_6.10.0.202311202037\\db\
2024-03-14 18:43:40,211 [INFO] CodeEngine:255 - oldGeneratedFile, N:\project_2\Project_attempt\MXTmpFiles\license.tmp_save
2024-03-14 18:43:40,482 [INFO] CodeEngine:279 - Generated code: N:\project_2\Project_attempt\MXTmpFiles\license.tmp
2024-03-14 18:43:40,822 [INFO] CodeEngine:255 - oldGeneratedFile, N:\project_2\Project_attempt\MXTmpFiles\gpio.tmp_save
2024-03-14 18:43:41,059 [INFO] CodeEngine:279 - Generated code: N:\project_2\Project_attempt\MXTmpFiles\gpio.tmp
2024-03-14 18:43:41,664 [INFO] CodeEngine:255 - oldGeneratedFile, N:\project_2\Project_attempt\Core\Src\stm32l4xx_it.c_save
2024-03-14 18:43:41,959 [INFO] CodeEngine:279 - Generated code: N:\project_2\Project_attempt\Core\Src\stm32l4xx_it.c
2024-03-14 18:43:42,101 [INFO] CodeEngine:255 - oldGeneratedFile, N:\project_2\Project_attempt\Core\Inc\stm32l4xx_it.h_save
2024-03-14 18:43:42,362 [INFO] CodeEngine:279 - Generated code: N:\project_2\Project_attempt\Core\Inc\stm32l4xx_it.h
2024-03-14 18:43:42,599 [INFO] CodeEngine:255 - oldGeneratedFile, N:\project_2\Project_attempt\Core\Src\stm32l4xx_hal_msp.c_save
2024-03-14 18:43:42,908 [INFO] CodeEngine:279 - Generated code: N:\project_2\Project_attempt\Core\Src\stm32l4xx_hal_msp.c
2024-03-14 18:43:43,021 [INFO] CodeEngine:255 - oldGeneratedFile, N:\project_2\Project_attempt\MXTmpFiles\system.tmp_save
2024-03-14 18:43:43,182 [INFO] CodeEngine:279 - Generated code: N:\project_2\Project_attempt\MXTmpFiles\system.tmp
2024-03-14 18:43:43,399 [INFO] CodeEngine:311 - oldGeneratedFile, N:\project_2\Project_attempt\Core\Inc\stm32l4xx_hal_conf.h_save
2024-03-14 18:43:43,740 [INFO] CodeEngine:335 - Generated code: N:\project_2\Project_attempt\Core\Inc\stm32l4xx_hal_conf.h
2024-03-14 18:43:43,970 [WARN] IPConfigManager:3440 - IP not found : TIM
2024-03-14 18:43:43,972 [WARN] CodeGenerator:3939 - IP not found : null
2024-03-14 18:43:44,088 [INFO] CodeEngine:255 - oldGeneratedFile, N:\project_2\Project_attempt\Core\Inc\main.h_save
2024-03-14 18:43:44,378 [INFO] CodeEngine:279 - Generated code: N:\project_2\Project_attempt\Core\Inc\main.h
2024-03-14 18:43:44,493 [INFO] CodeEngine:255 - oldGeneratedFile, N:\project_2\Project_attempt\Core\Src\main.c_save
2024-03-14 18:43:44,888 [INFO] CodeEngine:279 - Generated code: N:\project_2\Project_attempt\Core\Src\main.c
2024-03-14 18:43:51,540 [INFO] ProjectBuilder:3076 - Time for Copy HAL[1] : 6078mS.
2024-03-14 18:43:51,552 [INFO] ProjectBuilder:4485 - Project Generator version: 4.2.0-B44
2024-03-14 18:43:51,693 [INFO] ConfigFileManager:1495 - The Die is : DIE470
2024-03-14 18:43:54,230 [INFO] ProjectBuilder:4747 - Time for Generating toolchain IDE Files: 2678mS.
2024-03-14 18:43:54,268 [INFO] ProjectBuilder:2947 - Time for Copy CMSIS : 36mS.
2024-03-14 18:43:54,279 [INFO] ProjectBuilder:2947 - Time for Copy CMSIS : 0mS.
2024-03-14 18:48:19,093 [INFO] NvicIntPanel:101 - NVIC parent = com.st.microxplorer.plugins.ip.nvic.MultiNvicIntPanel[,0,0,0x0,invalid,layout=javax.swing.BoxLayout,alignmentX=0.0,alignmentY=0.0,border=,flags=9,maximumSize=,minimumSize=,preferredSize=]
2024-03-14 18:49:07,563 [INFO] UtilMem:75 - End SaveConfig() Used Memory: 594074080 Bytes (1073741824)
2024-03-14 18:49:21,576 [INFO] UtilMem:75 - End SaveConfig() Used Memory: 612948448 Bytes (1073741824)
2024-03-14 18:49:39,751 [INFO] UtilMem:75 - End SaveConfig() Used Memory: 695785952 Bytes (1073741824)
2024-03-14 18:49:53,314 [INFO] BlockDiagram:2759 - set Specific Code input for plugin: TIM1_8L4
2024-03-14 18:49:53,315 [INFO] BlockDiagram:2759 - set Specific Code input for plugin: SYS
2024-03-14 18:49:53,316 [INFO] BlockDiagram:2759 - set Specific Code input for plugin: RCC
2024-03-14 18:49:53,317 [INFO] BlockDiagram:2759 - set Specific Code input for plugin: I2C
2024-03-14 18:49:53,318 [INFO] BlockDiagram:2759 - set Specific Code input for plugin: NVIC
2024-03-14 18:49:53,320 [INFO] BlockDiagram:2759 - set Specific Code input for plugin: GPIO
2024-03-14 18:49:53,344 [INFO] CodeGenerator:807 - code generatio: config db path: C:\ST\STM32CubeIDE_1.14.0\STM32CubeIDE\plugins\com.st.stm32cube.common.mx_6.10.0.202311202037\\db\
2024-03-14 18:49:53,525 [INFO] CodeEngine:255 - oldGeneratedFile, N:\project_2\Project_attempt\MXTmpFiles\license.tmp_save
2024-03-14 18:49:53,750 [INFO] CodeEngine:279 - Generated code: N:\project_2\Project_attempt\MXTmpFiles\license.tmp
2024-03-14 18:49:54,050 [INFO] CodeEngine:255 - oldGeneratedFile, N:\project_2\Project_attempt\MXTmpFiles\gpio.tmp_save
2024-03-14 18:49:54,289 [INFO] CodeEngine:279 - Generated code: N:\project_2\Project_attempt\MXTmpFiles\gpio.tmp
2024-03-14 18:49:54,983 [INFO] CodeEngine:255 - oldGeneratedFile, N:\project_2\Project_attempt\Core\Src\stm32l4xx_it.c_save
2024-03-14 18:49:55,305 [INFO] CodeEngine:279 - Generated code: N:\project_2\Project_attempt\Core\Src\stm32l4xx_it.c
2024-03-14 18:49:55,422 [INFO] CodeEngine:255 - oldGeneratedFile, N:\project_2\Project_attempt\Core\Inc\stm32l4xx_it.h_save
2024-03-14 18:49:55,699 [INFO] CodeEngine:279 - Generated code: N:\project_2\Project_attempt\Core\Inc\stm32l4xx_it.h
2024-03-14 18:49:55,966 [INFO] CodeEngine:255 - oldGeneratedFile, N:\project_2\Project_attempt\Core\Src\stm32l4xx_hal_msp.c_save
2024-03-14 18:49:56,428 [INFO] CodeEngine:279 - Generated code: N:\project_2\Project_attempt\Core\Src\stm32l4xx_hal_msp.c
2024-03-14 18:49:56,599 [INFO] CodeEngine:255 - oldGeneratedFile, N:\project_2\Project_attempt\MXTmpFiles\system.tmp_save
2024-03-14 18:49:56,736 [INFO] CodeEngine:279 - Generated code: N:\project_2\Project_attempt\MXTmpFiles\system.tmp
2024-03-14 18:49:56,951 [INFO] CodeEngine:311 - oldGeneratedFile, N:\project_2\Project_attempt\Core\Inc\stm32l4xx_hal_conf.h_save
2024-03-14 18:49:57,321 [INFO] CodeEngine:335 - Generated code: N:\project_2\Project_attempt\Core\Inc\stm32l4xx_hal_conf.h
2024-03-14 18:49:57,529 [WARN] IPConfigManager:3440 - IP not found : TIM
2024-03-14 18:49:57,531 [WARN] CodeGenerator:3939 - IP not found : null
2024-03-14 18:49:57,620 [INFO] CodeEngine:255 - oldGeneratedFile, N:\project_2\Project_attempt\Core\Inc\main.h_save
2024-03-14 18:49:57,928 [INFO] CodeEngine:279 - Generated code: N:\project_2\Project_attempt\Core\Inc\main.h
2024-03-14 18:49:58,071 [INFO] CodeEngine:255 - oldGeneratedFile, N:\project_2\Project_attempt\Core\Src\main.c_save
2024-03-14 18:49:58,457 [INFO] CodeEngine:279 - Generated code: N:\project_2\Project_attempt\Core\Src\main.c
2024-03-14 18:50:05,553 [INFO] ProjectBuilder:3076 - Time for Copy HAL[1] : 6502mS.
2024-03-14 18:50:05,568 [INFO] ProjectBuilder:4485 - Project Generator version: 4.2.0-B44
2024-03-14 18:50:05,709 [INFO] ConfigFileManager:1495 - The Die is : DIE470
2024-03-14 18:50:07,970 [INFO] ProjectBuilder:4747 - Time for Generating toolchain IDE Files: 2401mS.
2024-03-14 18:50:08,008 [INFO] ProjectBuilder:2947 - Time for Copy CMSIS : 37mS.
2024-03-14 18:50:08,018 [INFO] ProjectBuilder:2947 - Time for Copy CMSIS : 1mS.
2024-03-14 18:56:55,144 [INFO] NvicIntPanel:101 - NVIC parent = com.st.microxplorer.plugins.ip.nvic.MultiNvicIntPanel[,0,0,0x0,invalid,layout=javax.swing.BoxLayout,alignmentX=0.0,alignmentY=0.0,border=,flags=9,maximumSize=,minimumSize=,preferredSize=]
2024-03-14 18:57:00,652 [INFO] NvicIntPanel:101 - NVIC parent = com.st.microxplorer.plugins.ip.nvic.MultiNvicIntPanel[,0,0,0x0,invalid,layout=javax.swing.BoxLayout,alignmentX=0.0,alignmentY=0.0,border=,flags=9,maximumSize=,minimumSize=,preferredSize=]
2024-03-14 18:57:18,928 [INFO] UtilMem:75 - End SaveConfig() Used Memory: 481532808 Bytes (1073741824)
2024-03-14 18:57:33,376 [INFO] UtilMem:75 - End SaveConfig() Used Memory: 500955704 Bytes (1073741824)
2024-03-14 18:58:41,173 [INFO] UtilMem:75 - End SaveConfig() Used Memory: 584249944 Bytes (1073741824)
2024-03-14 18:58:56,227 [INFO] BlockDiagram:2759 - set Specific Code input for plugin: TIM1_8L4
2024-03-14 18:58:56,229 [INFO] BlockDiagram:2759 - set Specific Code input for plugin: TIM1_8L4
2024-03-14 18:58:56,230 [INFO] BlockDiagram:2759 - set Specific Code input for plugin: SYS
2024-03-14 18:58:56,231 [INFO] BlockDiagram:2759 - set Specific Code input for plugin: RCC
2024-03-14 18:58:56,232 [INFO] BlockDiagram:2759 - set Specific Code input for plugin: I2C
2024-03-14 18:58:56,233 [INFO] BlockDiagram:2759 - set Specific Code input for plugin: NVIC
2024-03-14 18:58:56,235 [INFO] BlockDiagram:2759 - set Specific Code input for plugin: GPIO
2024-03-14 18:58:56,261 [INFO] CodeGenerator:807 - code generatio: config db path: C:\ST\STM32CubeIDE_1.14.0\STM32CubeIDE\plugins\com.st.stm32cube.common.mx_6.10.0.202311202037\\db\
2024-03-14 18:58:56,452 [INFO] CodeEngine:255 - oldGeneratedFile, N:\project_2\Project_attempt\MXTmpFiles\license.tmp_save
2024-03-14 18:58:56,688 [INFO] CodeEngine:279 - Generated code: N:\project_2\Project_attempt\MXTmpFiles\license.tmp
2024-03-14 18:58:57,001 [INFO] CodeEngine:255 - oldGeneratedFile, N:\project_2\Project_attempt\MXTmpFiles\gpio.tmp_save
2024-03-14 18:58:57,230 [INFO] CodeEngine:279 - Generated code: N:\project_2\Project_attempt\MXTmpFiles\gpio.tmp
2024-03-14 18:58:57,955 [INFO] CodeEngine:255 - oldGeneratedFile, N:\project_2\Project_attempt\Core\Src\stm32l4xx_it.c_save
2024-03-14 18:58:58,271 [INFO] CodeEngine:279 - Generated code: N:\project_2\Project_attempt\Core\Src\stm32l4xx_it.c
2024-03-14 18:58:58,435 [INFO] CodeEngine:255 - oldGeneratedFile, N:\project_2\Project_attempt\Core\Inc\stm32l4xx_it.h_save
2024-03-14 18:58:58,745 [INFO] CodeEngine:279 - Generated code: N:\project_2\Project_attempt\Core\Inc\stm32l4xx_it.h
2024-03-14 18:58:59,031 [INFO] CodeEngine:255 - oldGeneratedFile, N:\project_2\Project_attempt\Core\Src\stm32l4xx_hal_msp.c_save
2024-03-14 18:58:59,519 [INFO] CodeEngine:279 - Generated code: N:\project_2\Project_attempt\Core\Src\stm32l4xx_hal_msp.c
2024-03-14 18:58:59,669 [INFO] CodeEngine:255 - oldGeneratedFile, N:\project_2\Project_attempt\MXTmpFiles\system.tmp_save
2024-03-14 18:58:59,805 [INFO] CodeEngine:279 - Generated code: N:\project_2\Project_attempt\MXTmpFiles\system.tmp
2024-03-14 18:59:00,040 [INFO] CodeEngine:311 - oldGeneratedFile, N:\project_2\Project_attempt\Core\Inc\stm32l4xx_hal_conf.h_save
2024-03-14 18:59:00,376 [INFO] CodeEngine:335 - Generated code: N:\project_2\Project_attempt\Core\Inc\stm32l4xx_hal_conf.h
2024-03-14 18:59:00,647 [WARN] IPConfigManager:3440 - IP not found : TIM
2024-03-14 18:59:00,649 [WARN] CodeGenerator:3939 - IP not found : null
2024-03-14 18:59:00,738 [INFO] CodeEngine:255 - oldGeneratedFile, N:\project_2\Project_attempt\Core\Inc\main.h_save
2024-03-14 18:59:01,069 [INFO] CodeEngine:279 - Generated code: N:\project_2\Project_attempt\Core\Inc\main.h
2024-03-14 18:59:01,338 [INFO] CodeEngine:255 - oldGeneratedFile, N:\project_2\Project_attempt\Core\Src\main.c_save
2024-03-14 18:59:01,775 [INFO] CodeEngine:279 - Generated code: N:\project_2\Project_attempt\Core\Src\main.c
2024-03-14 18:59:08,509 [INFO] ProjectBuilder:3076 - Time for Copy HAL[1] : 6162mS.
2024-03-14 18:59:08,530 [INFO] ProjectBuilder:4485 - Project Generator version: 4.2.0-B44
2024-03-14 18:59:08,675 [INFO] ConfigFileManager:1495 - The Die is : DIE470
2024-03-14 18:59:11,298 [INFO] ProjectBuilder:4747 - Time for Generating toolchain IDE Files: 2768mS.
2024-03-14 18:59:11,338 [INFO] ProjectBuilder:2947 - Time for Copy CMSIS : 38mS.
2024-03-14 18:59:11,348 [INFO] ProjectBuilder:2947 - Time for Copy CMSIS : 0mS.
2024-03-14 19:24:02,740 [ERROR] LogOutputStream:75 - [STDERR_REDIRECT] 
