2024-04-12 14:15:55,217 [INFO] Activator:176 - 


2024-04-12 14:15:55,254 [INFO] Activator:177 - !SESSION log4j initialized
2024-04-12 14:16:01,011 [INFO] LogOutputStream:77 - [STDOUT_REDIRECT] 
2024-04-12 14:16:04,842 [INFO] ApplicationProperties:184 - Using Application install path: C:\ST\STM32CubeIDE_1.14.0\STM32CubeIDE\plugins\com.st.stm32cube.common.mx_6.10.0.202311202037
2024-04-12 14:16:04,862 [INFO] DbMcusXml:78 - Set database path to: C:\ST\STM32CubeIDE_1.14.0\STM32CubeIDE\plugins\com.st.stm32cube.common.mx_6.10.0.202311202037\\db\/mcu/
2024-04-12 14:16:04,876 [INFO] ApiDb:274 - Set plugin database path to: C:\ST\STM32CubeIDE_1.14.0\STM32CubeIDE\plugins\com.st.stm32cube.common.mx_6.10.0.202311202037\\db\/plugins/boardmanager/
2024-04-12 14:16:04,877 [WARN] ApiDb:259 - Overriding images path with different value:  => C:\ST\STM32CubeIDE_1.14.0\STM32CubeIDE\plugins\com.st.stm32cube.common.mx_6.10.0.202311202037\\db\/plugins/mcufinder/images/
2024-04-12 14:16:04,883 [INFO] ApiDb:250 - Set database path to: C:\Users\korb\.stmcufinder\plugins\mcufinder//mcu/
2024-04-12 14:16:04,907 [INFO] DbMcusAds:125 - Set database path to: C:\Users\korb\.stmcufinder\plugins\mcufinder//mcu/
2024-04-12 14:16:04,937 [INFO] CrossReferenceDbSqlite:203 - Set database path to: C:\Users\korb\.stmcufinder\plugins\mcufinder//mcu/cs/
2024-04-12 14:16:05,053 [INFO] RulesReader:64 - Compatibility file has been processed (297 Rules)
2024-04-12 14:16:05,130 [INFO] DbMcusXml:78 - Set database path to: C:\ST\STM32CubeIDE_1.14.0\STM32CubeIDE\plugins\com.st.stm32cube.common.mx_6.10.0.202311202037\\db\/mcu/
2024-04-12 14:16:05,132 [INFO] ApiDb:274 - Set plugin database path to: C:\ST\STM32CubeIDE_1.14.0\STM32CubeIDE\plugins\com.st.stm32cube.common.mx_6.10.0.202311202037\\db\/plugins/boardmanager/
2024-04-12 14:16:05,133 [INFO] ApiDb:261 - Set plugin images path to: C:\ST\STM32CubeIDE_1.14.0\STM32CubeIDE\plugins\com.st.stm32cube.common.mx_6.10.0.202311202037\\db\/plugins/mcufinder/images/
2024-04-12 14:16:05,134 [WARN] DbFile:41 - Overriding database path with different value: C:\Users\korb\.stmcufinder\plugins\mcufinder/ => C:\Users\korb\.stmcufinder\plugins\mcufinder
2024-04-12 14:16:05,135 [INFO] ApiDb:250 - Set database path to: C:\Users\korb\.stmcufinder\plugins\mcufinder//mcu/
2024-04-12 14:16:05,136 [WARN] DbFile:41 - Overriding database path with different value: C:\Users\korb\.stmcufinder\plugins\mcufinder/ => C:\Users\korb\.stmcufinder\plugins\mcufinder
2024-04-12 14:16:05,138 [INFO] DbMcusAds:125 - Set database path to: C:\Users\korb\.stmcufinder\plugins\mcufinder//mcu/
2024-04-12 14:16:05,139 [WARN] DbFile:41 - Overriding database path with different value: C:\Users\korb\.stmcufinder\plugins\mcufinder/ => C:\Users\korb\.stmcufinder\plugins\mcufinder
2024-04-12 14:16:05,140 [WARN] DbFile:41 - Overriding database path with different value: C:\Users\korb\.stmcufinder\plugins\mcufinder/ => C:\Users\korb\.stmcufinder\plugins\mcufinder
2024-04-12 14:16:05,141 [INFO] CrossReferenceDbSqlite:203 - Set database path to: C:\Users\korb\.stmcufinder\plugins\mcufinder//mcu/cs/
2024-04-12 14:16:05,214 [INFO] MainPanel:264 - HeapMemory: 268435456
2024-04-12 14:16:05,279 [INFO] DbMcusXml:78 - Set database path to: C:\ST\STM32CubeIDE_1.14.0\STM32CubeIDE\plugins\com.st.stm32cube.common.mx_6.10.0.202311202037\\db\/mcu/
2024-04-12 14:16:05,281 [INFO] ApiDb:274 - Set plugin database path to: C:\ST\STM32CubeIDE_1.14.0\STM32CubeIDE\plugins\com.st.stm32cube.common.mx_6.10.0.202311202037\\db\/plugins/boardmanager/
2024-04-12 14:16:05,282 [INFO] ApiDb:261 - Set plugin images path to: C:\ST\STM32CubeIDE_1.14.0\STM32CubeIDE\plugins\com.st.stm32cube.common.mx_6.10.0.202311202037\\db\/plugins/mcufinder/images/
2024-04-12 14:16:05,283 [WARN] DbFile:41 - Overriding database path with different value: C:\Users\korb\.stmcufinder\plugins\mcufinder/ => C:\Users\korb\.stmcufinder\plugins\mcufinder
2024-04-12 14:16:05,284 [INFO] ApiDb:250 - Set database path to: C:\Users\korb\.stmcufinder\plugins\mcufinder//mcu/
2024-04-12 14:16:05,286 [WARN] DbFile:41 - Overriding database path with different value: C:\Users\korb\.stmcufinder\plugins\mcufinder/ => C:\Users\korb\.stmcufinder\plugins\mcufinder
2024-04-12 14:16:05,287 [INFO] DbMcusAds:125 - Set database path to: C:\Users\korb\.stmcufinder\plugins\mcufinder//mcu/
2024-04-12 14:16:05,288 [WARN] DbFile:41 - Overriding database path with different value: C:\Users\korb\.stmcufinder\plugins\mcufinder/ => C:\Users\korb\.stmcufinder\plugins\mcufinder
2024-04-12 14:16:05,289 [WARN] DbFile:41 - Overriding database path with different value: C:\Users\korb\.stmcufinder\plugins\mcufinder/ => C:\Users\korb\.stmcufinder\plugins\mcufinder
2024-04-12 14:16:05,291 [INFO] CrossReferenceDbSqlite:203 - Set database path to: C:\Users\korb\.stmcufinder\plugins\mcufinder//mcu/cs/
2024-04-12 14:16:05,317 [INFO] ApplicationProperties:184 - Using Application install path: C:\ST\STM32CubeIDE_1.14.0\STM32CubeIDE\plugins\com.st.stm32cube.common.mx_6.10.0.202311202037
2024-04-12 14:16:05,321 [INFO] PluginManage:196 - Search for loadable plugins [exclusion list=, ]
2024-04-12 14:16:05,324 [INFO] PluginManage:310 - Check plugin analytics
2024-04-12 14:16:05,616 [INFO] AnalyticsPlugin:253 - Accepted Software Licenses: 
2024-04-12 14:16:05,618 [INFO] AnalyticsPlugin:255 - Accepted CMSIS Pack Licenses: 
2024-04-12 14:16:05,619 [INFO] AnalyticsPlugin:257 - Accepted Firmware Licenses: 
2024-04-12 14:16:05,624 [INFO] PluginManage:359 - Loaded plugin analytics (category:tool,tabindex:-1)
2024-04-12 14:16:05,625 [INFO] PluginManage:310 - Check plugin cadmodel
2024-04-12 14:16:05,639 [INFO] CADModel:105 - Init CAD model plugin
2024-04-12 14:16:05,641 [INFO] PluginManage:359 - Loaded plugin cadmodel (category:power,tabindex:5)
2024-04-12 14:16:05,642 [INFO] PluginManage:310 - Check plugin clock
2024-04-12 14:16:05,664 [INFO] PluginManage:359 - Loaded plugin clock (category:base,tabindex:2)
2024-04-12 14:16:05,698 [INFO] PluginManage:310 - Check plugin ddr
2024-04-12 14:16:05,701 [INFO] PluginManage:359 - Loaded plugin ddr (category:tool,tabindex:6)
2024-04-12 14:16:05,703 [INFO] PluginManage:310 - Check plugin filemanager
2024-04-12 14:16:05,889 [INFO] PluginManage:359 - Loaded plugin filemanager (category:base,tabindex:10)
2024-04-12 14:16:05,890 [INFO] PluginManage:310 - Check plugin ipmanager
2024-04-12 14:16:05,900 [INFO] PluginManage:359 - Loaded plugin ipmanager (category:base,tabindex:5)
2024-04-12 14:16:05,901 [INFO] PluginManage:310 - Check plugin lpbam
2024-04-12 14:16:05,933 [INFO] PluginManage:359 - Loaded plugin lpbam (category:base,tabindex:0)
2024-04-12 14:16:05,938 [INFO] PluginManage:310 - Check plugin memorymap
2024-04-12 14:16:05,962 [INFO] PluginManage:359 - Loaded plugin memorymap (category:base,tabindex:4)
2024-04-12 14:16:05,964 [INFO] PluginManage:310 - Check plugin pinoutandconfiguration
2024-04-12 14:16:05,980 [INFO] PluginManage:359 - Loaded plugin pinoutandconfiguration (category:base,tabindex:1)
2024-04-12 14:16:05,981 [INFO] PluginManage:310 - Check plugin pinoutconfig
2024-04-12 14:16:06,080 [WARN] SupportedApi:132 - Cannot load RTOS API schema: s4s-elt-must-match.1: The content of 'definitions' must match (annotation?, (simpleType | complexType)?, (unique | key | keyref)*)). A problem was found starting at: attribute.
2024-04-12 14:16:06,238 [INFO] PluginManage:359 - Loaded plugin pinoutconfig (category:base,tabindex:0)
2024-04-12 14:16:06,240 [INFO] PluginManage:310 - Check plugin power
2024-04-12 14:16:06,260 [INFO] PluginManage:359 - Loaded plugin power (category:power,tabindex:4)
2024-04-12 14:16:06,260 [INFO] PluginManage:310 - Check plugin projectmanager
2024-04-12 14:16:06,280 [INFO] PluginManage:359 - Loaded plugin projectmanager (category:projectmanager,tabindex:3)
2024-04-12 14:16:06,282 [INFO] PluginManage:310 - Check plugin thirdparty
2024-04-12 14:16:06,568 [INFO] PluginManage:359 - Loaded plugin thirdparty (category:base,tabindex:-1)
2024-04-12 14:16:06,567 [WARN] IntegrityCheckThread:84 - waiting for thirdparty lock release [integrity check]
2024-04-12 14:16:06,569 [INFO] PluginManage:310 - Check plugin tools
2024-04-12 14:16:06,570 [INFO] IntegrityCheckThread:86 - entering critical section [integrity check]
2024-04-12 14:16:06,573 [INFO] ThirdPartyUpdaterWithRetryManager:70 - Updater plugin not ready yet. [1/15]
2024-04-12 14:16:06,607 [INFO] PluginManage:359 - Loaded plugin tools (category:base,tabindex:7)
2024-04-12 14:16:06,608 [INFO] PluginManage:310 - Check plugin tutovideos
2024-04-12 14:16:06,933 [INFO] PluginManage:359 - Loaded plugin tutovideos (category:base,tabindex:-1)
2024-04-12 14:16:06,948 [INFO] PluginManage:310 - Check plugin updater
2024-04-12 14:16:06,957 [INFO] PluginManage:359 - Loaded plugin updater (category:base,tabindex:12)
2024-04-12 14:16:06,991 [INFO] PluginManage:310 - Check plugin userauth
2024-04-12 14:16:06,998 [INFO] UserAuth:114 - Init User Auth plugin
2024-04-12 14:16:06,999 [INFO] PluginManage:359 - Loaded plugin userauth (category:base,tabindex:14)
2024-04-12 14:16:07,000 [INFO] PluginManage:283 - PluginManage : Loaded plugins [17]
2024-04-12 14:16:07,240 [INFO] PinOutPanel:1499 - setPackage(No Configuration,No Configuration)
2024-04-12 14:16:07,321 [INFO] CADModel:165 - CPN selected for project level
2024-04-12 14:16:07,323 [INFO] CADModel:114 - Register for checkConnection events
2024-04-12 14:16:07,346 [INFO] IPUIPlugin:80 - create IPUIPlugin
2024-04-12 14:16:07,347 [INFO] PluginManager:220 - loadIPPluginJar : add adc
2024-04-12 14:16:07,409 [INFO] IPUIPlugin:80 - create IPUIPlugin
2024-04-12 14:16:07,446 [INFO] PluginManager:220 - loadIPPluginJar : add aes
2024-04-12 14:16:07,490 [INFO] IPUIPlugin:80 - create IPUIPlugin
2024-04-12 14:16:07,491 [INFO] PluginManager:220 - loadIPPluginJar : add can
2024-04-12 14:16:07,530 [INFO] IPUIPlugin:80 - create IPUIPlugin
2024-04-12 14:16:07,531 [INFO] PluginManager:220 - loadIPPluginJar : add comp
2024-04-12 14:16:07,577 [INFO] IPUIPlugin:80 - create IPUIPlugin
2024-04-12 14:16:07,579 [INFO] PluginManager:220 - loadIPPluginJar : add cryp
2024-04-12 14:16:07,611 [INFO] IPUIPlugin:80 - create IPUIPlugin
2024-04-12 14:16:07,612 [INFO] PluginManager:220 - loadIPPluginJar : add dfsdm
2024-04-12 14:16:07,636 [INFO] IPUIPlugin:80 - create IPUIPlugin
2024-04-12 14:16:07,638 [INFO] PluginManager:220 - loadIPPluginJar : add dma
2024-04-12 14:16:07,700 [INFO] IPUIPlugin:80 - create IPUIPlugin
2024-04-12 14:16:07,701 [INFO] PluginManager:220 - loadIPPluginJar : add dma3
2024-04-12 14:16:07,722 [INFO] IPUIPlugin:80 - create IPUIPlugin
2024-04-12 14:16:07,724 [INFO] PluginManager:220 - loadIPPluginJar : add fatfs
2024-04-12 14:16:07,786 [INFO] IPUIPlugin:80 - create IPUIPlugin
2024-04-12 14:16:07,787 [INFO] PluginManager:220 - loadIPPluginJar : add fmc
2024-04-12 14:16:07,800 [INFO] IPUIPlugin:80 - create IPUIPlugin
2024-04-12 14:16:07,802 [INFO] PluginManager:220 - loadIPPluginJar : add freertos
2024-04-12 14:16:07,823 [INFO] IPUIPlugin:80 - create IPUIPlugin
2024-04-12 14:16:07,824 [INFO] PluginManager:220 - loadIPPluginJar : add genericplugin
2024-04-12 14:16:07,921 [INFO] IPUIPlugin:80 - create IPUIPlugin
2024-04-12 14:16:07,922 [INFO] PluginManager:220 - loadIPPluginJar : add gfxmmu
2024-04-12 14:16:08,110 [INFO] IPUIPlugin:80 - create IPUIPlugin
2024-04-12 14:16:08,111 [INFO] PluginManager:220 - loadIPPluginJar : add gic
2024-04-12 14:16:08,130 [INFO] IPUIPlugin:80 - create IPUIPlugin
2024-04-12 14:16:08,132 [INFO] PluginManager:220 - loadIPPluginJar : add gpio
2024-04-12 14:16:08,247 [INFO] IPUIPlugin:80 - create IPUIPlugin
2024-04-12 14:16:08,248 [INFO] PluginManager:220 - loadIPPluginJar : add gtzc
2024-04-12 14:16:08,284 [INFO] IPUIPlugin:80 - create IPUIPlugin
2024-04-12 14:16:08,285 [INFO] PluginManager:220 - loadIPPluginJar : add hash
2024-04-12 14:16:08,345 [INFO] IPUIPlugin:80 - create IPUIPlugin
2024-04-12 14:16:08,346 [INFO] PluginManager:220 - loadIPPluginJar : add i2c
2024-04-12 14:16:08,388 [INFO] IPUIPlugin:80 - create IPUIPlugin
2024-04-12 14:16:08,389 [INFO] PluginManager:220 - loadIPPluginJar : add i2s
2024-04-12 14:16:08,435 [INFO] IPUIPlugin:80 - create IPUIPlugin
2024-04-12 14:16:08,437 [INFO] PluginManager:220 - loadIPPluginJar : add i3c
2024-04-12 14:16:08,549 [INFO] IPUIPlugin:80 - create IPUIPlugin
2024-04-12 14:16:08,550 [INFO] PluginManager:220 - loadIPPluginJar : add ipddr
2024-04-12 14:16:08,651 [INFO] IPUIPlugin:80 - create IPUIPlugin
2024-04-12 14:16:08,652 [INFO] PluginManager:220 - loadIPPluginJar : add linkedlist
2024-04-12 14:16:08,712 [INFO] IPUIPlugin:80 - create IPUIPlugin
2024-04-12 14:16:08,713 [INFO] PluginManager:220 - loadIPPluginJar : add lorawan
2024-04-12 14:16:08,777 [INFO] IPUIPlugin:80 - create IPUIPlugin
2024-04-12 14:16:08,778 [INFO] PluginManager:220 - loadIPPluginJar : add ltdc
2024-04-12 14:16:08,793 [INFO] IPUIPlugin:80 - create IPUIPlugin
2024-04-12 14:16:08,794 [INFO] PluginManager:220 - loadIPPluginJar : add mdma
2024-04-12 14:16:08,810 [INFO] IPUIPlugin:80 - create IPUIPlugin
2024-04-12 14:16:08,811 [INFO] PluginManager:220 - loadIPPluginJar : add nvic
2024-04-12 14:16:08,851 [INFO] IPUIPlugin:80 - create IPUIPlugin
2024-04-12 14:16:08,852 [INFO] PluginManager:220 - loadIPPluginJar : add opamp
2024-04-12 14:16:08,948 [INFO] IPUIPlugin:80 - create IPUIPlugin
2024-04-12 14:16:08,950 [INFO] PluginManager:220 - loadIPPluginJar : add openamp
2024-04-12 14:16:09,009 [INFO] IPUIPlugin:80 - create IPUIPlugin
2024-04-12 14:16:09,010 [INFO] PluginManager:220 - loadIPPluginJar : add pdm2pcm
2024-04-12 14:16:09,025 [INFO] IPUIPlugin:80 - create IPUIPlugin
2024-04-12 14:16:09,029 [INFO] PluginManager:220 - loadIPPluginJar : add plateformsettings
2024-04-12 14:16:09,053 [INFO] IPUIPlugin:80 - create IPUIPlugin
2024-04-12 14:16:09,054 [INFO] PluginManager:220 - loadIPPluginJar : add quadspi
2024-04-12 14:16:09,068 [INFO] IPUIPlugin:80 - create IPUIPlugin
2024-04-12 14:16:09,069 [INFO] PluginManager:220 - loadIPPluginJar : add resmgrutility
2024-04-12 14:16:09,142 [INFO] IPUIPlugin:80 - create IPUIPlugin
2024-04-12 14:16:09,160 [INFO] PluginManager:220 - loadIPPluginJar : add sai
2024-04-12 14:16:09,199 [INFO] IPUIPlugin:80 - create IPUIPlugin
2024-04-12 14:16:09,200 [INFO] PluginManager:220 - loadIPPluginJar : add spi
2024-04-12 14:16:09,274 [INFO] IPUIPlugin:80 - create IPUIPlugin
2024-04-12 14:16:09,301 [INFO] PluginManager:220 - loadIPPluginJar : add stm32_wpan
2024-04-12 14:16:09,325 [INFO] IPUIPlugin:80 - create IPUIPlugin
2024-04-12 14:16:09,326 [INFO] PluginManager:220 - loadIPPluginJar : add tim
2024-04-12 14:16:09,397 [INFO] IPUIPlugin:80 - create IPUIPlugin
2024-04-12 14:16:09,398 [INFO] PluginManager:220 - loadIPPluginJar : add touchsensing
2024-04-12 14:16:09,432 [INFO] IPUIPlugin:80 - create IPUIPlugin
2024-04-12 14:16:09,433 [INFO] PluginManager:220 - loadIPPluginJar : add tracer_emb
2024-04-12 14:16:09,459 [INFO] IPUIPlugin:80 - create IPUIPlugin
2024-04-12 14:16:09,460 [INFO] PluginManager:220 - loadIPPluginJar : add ts
2024-04-12 14:16:09,484 [INFO] IPUIPlugin:80 - create IPUIPlugin
2024-04-12 14:16:09,486 [INFO] PluginManager:220 - loadIPPluginJar : add tsc
2024-04-12 14:16:09,521 [INFO] IPUIPlugin:80 - create IPUIPlugin
2024-04-12 14:16:09,522 [INFO] PluginManager:220 - loadIPPluginJar : add ucpd
2024-04-12 14:16:09,577 [INFO] ThirdPartyUpdaterWithRetryManager:70 - Updater plugin not ready yet. [2/15]
2024-04-12 14:16:09,606 [INFO] IPUIPlugin:80 - create IPUIPlugin
2024-04-12 14:16:09,615 [INFO] PluginManager:220 - loadIPPluginJar : add usart
2024-04-12 14:16:09,670 [INFO] IPUIPlugin:80 - create IPUIPlugin
2024-04-12 14:16:09,671 [INFO] PluginManager:220 - loadIPPluginJar : add usbx
2024-04-12 14:16:09,811 [INFO] CADModel:165 - CPN selected for project level
2024-04-12 14:16:09,812 [INFO] CADModel:114 - Register for checkConnection events
2024-04-12 14:16:09,813 [FATAL] Updater:308 - Updater called before beeing initialized
2024-04-12 14:16:09,814 [ERROR] CADModel:125 - Updater not yet initialized, retry later 
2024-04-12 14:16:09,947 [INFO] CADModel:165 - CPN selected for project level
2024-04-12 14:16:09,948 [INFO] CADModel:114 - Register for checkConnection events
2024-04-12 14:16:09,949 [FATAL] Updater:308 - Updater called before beeing initialized
2024-04-12 14:16:09,950 [ERROR] CADModel:125 - Updater not yet initialized, retry later 
2024-04-12 14:16:09,956 [FATAL] Updater:308 - Updater called before beeing initialized
2024-04-12 14:16:10,070 [FATAL] Updater:308 - Updater called before beeing initialized
2024-04-12 14:16:10,095 [INFO] DbMcusAds:53 - JSON generation date=Thu Sep 30 02:55:09 EDT 2021 (1632984909247)
2024-04-12 14:16:10,096 [FATAL] Updater:308 - Updater called before beeing initialized
2024-04-12 14:16:10,189 [WARN] DetailPanel:346 - Failed to get advertising image, set to default
2024-04-12 14:16:10,335 [FATAL] Updater:308 - Updater called before beeing initialized
2024-04-12 14:16:10,339 [FATAL] Updater:308 - Updater called before beeing initialized
2024-04-12 14:16:10,340 [FATAL] Updater:308 - Updater called before beeing initialized
2024-04-12 14:16:10,341 [WARN] DetailPanel:346 - Failed to get advertising image, set to default
2024-04-12 14:16:10,343 [FATAL] Updater:308 - Updater called before beeing initialized
2024-04-12 14:16:10,436 [ERROR] Updater:1120 - MainUpdater not yet initialized. External WinMGr cannot be set.
2024-04-12 14:16:10,449 [INFO] Updater:1056 - Updater Version found : 6.10.0
2024-04-12 14:16:10,465 [INFO] ApplicationProperties:184 - Using Application install path: C:\ST\STM32CubeIDE_1.14.0\STM32CubeIDE\plugins\com.st.stm32cube.common.mx_6.10.0.202311202037
2024-04-12 14:16:12,055 [ERROR] LogOutputStream:75 - [STDERR_REDIRECT] Apr 12, 2024 2:16:12 PM java.util.prefs.WindowsPreferences <init>
2024-04-12 14:16:12,058 [ERROR] LogOutputStream:75 - [STDERR_REDIRECT] WARNING: Could not open/create prefs root node Software\JavaSoft\Prefs at root 0xffffffff80000002. Windows RegCreateKeyEx(...) returned error code 5.
2024-04-12 14:16:12,060 [ERROR] LogOutputStream:75 - [STDERR_REDIRECT] 
2024-04-12 14:16:12,413 [INFO] MainUpdater:2873 - connection check result : 10
2024-04-12 14:16:12,415 [INFO] MainUpdater:290 - Updater Check For Update Now.
2024-04-12 14:16:12,416 [INFO] MicroXplorer:498 - Change Database Version : DB.6.0.100
2024-04-12 14:16:12,432 [INFO] McuFinderGlobals:63 - Set McuFinder mode to 2 (CubeIDE integrated)
2024-04-12 14:16:12,433 [INFO] UserAuth:180 - activating auth plugin
2024-04-12 14:16:12,437 [INFO] UserAuth:404 - Internet connection configuration mode: 1
2024-04-12 14:16:12,461 [INFO] JxBrowserEngine:152 - Initiate JxBrowser Engine with user profile folder
2024-04-12 14:16:12,615 [WARN] MainUpdater:1194 - Updater busy. Cannot search thirdparties
2024-04-12 14:16:12,616 [INFO] ThirdPartyUpdaterWithRetryManager:96 - Updater plugin is busy. [1/15]
2024-04-12 14:16:12,642 [INFO] CheckServerUpdateThread:120 - End of CheckServer Thread
2024-04-12 14:16:15,872 [INFO] WebApp:161 - Instantiating new browser for Auth
2024-04-12 14:16:15,892 [WARN] PackLoader:240 - Cannot read IP mode file for STMicroelectronics.X-CUBE-SMBUS.2.1.0
2024-04-12 14:16:15,919 [WARN] PackLoader:240 - Cannot read IP mode file for STMicroelectronics.X-CUBE-TOUCHGFX.4.23.2
2024-04-12 14:16:15,977 [WARN] PackLoader:240 - Cannot read IP mode file for STMicroelectronics.X-CUBE-AZRTOS-F7.1.1.0
2024-04-12 14:16:16,005 [WARN] PackLoader:240 - Cannot read IP mode file for STMicroelectronics.FP-SNS-FLIGHT1.5.0.2
2024-04-12 14:16:16,032 [WARN] PackLoader:240 - Cannot read IP mode file for STMicroelectronics.X-CUBE-DISPLAY.3.0.0
2024-04-12 14:16:16,069 [WARN] PackLoader:240 - Cannot read IP mode file for STMicroelectronics.X-CUBE-BLE1.7.0.0
2024-04-12 14:16:16,094 [WARN] PackLoader:240 - Cannot read IP mode file for emotas.I-CUBE-CANOPEN.1.3.0
2024-04-12 14:16:16,125 [WARN] PackLoader:240 - Cannot read IP mode file for STMicroelectronics.X-CUBE-BLEMGR.3.1.0
2024-04-12 14:16:16,150 [WARN] PackLoader:240 - Cannot read IP mode file for STMicroelectronics.FP-SNS-SMARTAG2.1.2.0
2024-04-12 14:16:16,181 [INFO] LogOutputStream:77 - [STDOUT_REDIRECT] 1 : Invalid condition id : UX_CORESTACK_Condition cause : null
2024-04-12 14:16:16,183 [INFO] LogOutputStream:77 - [STDOUT_REDIRECT] 1 : Invalid condition id : UX_CORESTACK_Condition cause : null
2024-04-12 14:16:16,187 [INFO] LogOutputStream:77 - [STDOUT_REDIRECT] 1 : Invalid condition id : UX_CORESTACK_Condition cause : null
2024-04-12 14:16:16,189 [INFO] LogOutputStream:77 - [STDOUT_REDIRECT] 1 : Invalid condition id : UX_CORESTACK_Condition cause : null
2024-04-12 14:16:16,193 [INFO] LogOutputStream:77 - [STDOUT_REDIRECT] 1 : Invalid condition id : UX_CORESTACK_Condition cause : null
2024-04-12 14:16:16,197 [WARN] PackLoader:240 - Cannot read IP mode file for STMicroelectronics.X-CUBE-AZRTOS-WL.2.0.0
2024-04-12 14:16:16,217 [WARN] PackLoader:240 - Cannot read IP mode file for STMicroelectronics.FP-SNS-MOTENV1.5.0.0
2024-04-12 14:16:16,238 [WARN] PackLoader:240 - Cannot read IP mode file for WES.I-CUBE-Cesium.1.3.0
2024-04-12 14:16:16,252 [WARN] PackLoader:240 - Cannot read IP mode file for STMicroelectronics.X-CUBE-BLE2.3.3.0
2024-04-12 14:16:16,286 [WARN] PackLoader:240 - Cannot read IP mode file for STMicroelectronics.X-CUBE-TCPP.4.1.0
2024-04-12 14:16:16,302 [WARN] PackLoader:240 - Cannot read IP mode file for STMicroelectronics.X-CUBE-ALGOBUILD.1.3.0
2024-04-12 14:16:16,333 [WARN] PackLoader:240 - Cannot read IP mode file for STMicroelectronics.X-CUBE-AZRTOS-G0.1.1.0
2024-04-12 14:16:16,348 [WARN] PackLoader:240 - Cannot read IP mode file for STMicroelectronics.X-CUBE-SAFEA1.1.2.2
2024-04-12 14:16:16,361 [WARN] PackLoader:240 - Cannot read IP mode file for STMicroelectronics.X-CUBE-NFC4.3.0.0
2024-04-12 14:16:16,373 [WARN] PackLoader:240 - Cannot read IP mode file for wolfSSL.I-CUBE-wolfSSL.5.7.0
2024-04-12 14:16:16,388 [WARN] PackLoader:240 - Cannot read IP mode file for STMicroelectronics.FP-ATR-SIGFOX1.3.2.0
2024-04-12 14:16:16,401 [WARN] PackLoader:240 - Cannot read IP mode file for STMicroelectronics.X-CUBE-EEPRMA1.5.1.0
2024-04-12 14:16:16,419 [WARN] PackLoader:240 - Cannot read IP mode file for ITTIA_DB.I-CUBE-ITTIADB.8.9.0
2024-04-12 14:16:16,469 [WARN] PackLoader:240 - Cannot read IP mode file for SEGGER.I-CUBE-embOS.1.3.1
2024-04-12 14:16:16,549 [WARN] PackLoader:240 - Cannot read IP mode file for STMicroelectronics.X-CUBE-GNSS1.6.0.0
2024-04-12 14:16:16,594 [WARN] PackLoader:240 - Cannot read IP mode file for STMicroelectronics.X-CUBE-AZRTOS-F4.1.1.0
2024-04-12 14:16:16,632 [WARN] PackLoader:240 - Cannot read IP mode file for STMicroelectronics.X-CUBE-AZRTOS-L5.2.0.0
2024-04-12 14:16:16,655 [WARN] PackLoader:240 - Cannot read IP mode file for STMicroelectronics.X-CUBE-NFC6.3.1.0
2024-04-12 14:16:16,680 [WARN] PackLoader:240 - Cannot read IP mode file for STMicroelectronics.X-CUBE-NFC7.1.0.1
2024-04-12 14:16:16,708 [WARN] PackLoader:240 - Cannot read IP mode file for STMicroelectronics.X-CUBE-AI.8.1.0
2024-04-12 14:16:16,740 [WARN] ConditionMgr:438 - getConditionDescription Invalid condition id : LAN8742 Phy interface Condition cause : null
2024-04-12 14:16:16,741 [WARN] PackLoader:240 - Cannot read IP mode file for STMicroelectronics.X-CUBE-AZRTOS-L4.2.0.0
2024-04-12 14:16:16,743 [WARN] ConditionMgr:1039 - genDependencies : Invalid condition id : LAN8742 Phy interface Condition cause : null
2024-04-12 14:16:16,745 [WARN] ConditionMgr:1039 - genDependencies : Invalid condition id : LAN8742 Phy interface Condition cause : null
2024-04-12 14:16:16,746 [WARN] ConditionMgr:1039 - genDependencies : Invalid condition id : LAN8742 Phy interface Condition cause : null
2024-04-12 14:16:16,764 [WARN] PackLoader:240 - Cannot read IP mode file for STMicroelectronics.X-CUBE-SFXS2LP1.4.0.0
2024-04-12 14:16:16,787 [WARN] ConditionMgr:438 - getConditionDescription Invalid condition id : UX DEVICE CLASS RTOS Condition cause : null
2024-04-12 14:16:16,789 [WARN] ConditionMgr:438 - getConditionDescription Invalid condition id : UX DEVICE CLASS RTOS Condition cause : null
2024-04-12 14:16:16,791 [WARN] PackLoader:240 - Cannot read IP mode file for STMicroelectronics.X-CUBE-AZRTOS-WB.2.0.0
2024-04-12 14:16:16,793 [WARN] ConditionMgr:1039 - genDependencies : Invalid condition id : UX DEVICE CLASS RTOS Condition cause : null
2024-04-12 14:16:16,794 [WARN] ConditionMgr:1039 - genDependencies : Invalid condition id : UX DEVICE CLASS RTOS Condition cause : null
2024-04-12 14:16:16,796 [WARN] ConditionMgr:1039 - genDependencies : Invalid condition id : UX DEVICE CLASS RTOS Condition cause : null
2024-04-12 14:16:16,797 [WARN] ConditionMgr:1039 - genDependencies : Invalid condition id : UX DEVICE CLASS RTOS Condition cause : null
2024-04-12 14:16:16,798 [WARN] ConditionMgr:1039 - genDependencies : Invalid condition id : UX DEVICE CLASS RTOS Condition cause : null
2024-04-12 14:16:16,819 [WARN] PackLoader:240 - Cannot read IP mode file for STMicroelectronics.X-CUBE-SUBG2.5.0.0
2024-04-12 14:16:16,851 [WARN] PackLoader:240 - Cannot read IP mode file for STMicroelectronics.X-CUBE-AZRTOS-G4.2.0.0
2024-04-12 14:16:16,864 [WARN] PackLoader:240 - Cannot read IP mode file for STMicroelectronics.FP-SNS-MOTENVWB1.1.3.1
2024-04-12 14:16:16,876 [WARN] PackLoader:240 - Cannot read IP mode file for STMicroelectronics.X-CUBE-ISPU.2.0.0
2024-04-12 14:16:16,889 [INFO] WebApp:780 - Register for checkConnection events
2024-04-12 14:16:16,890 [INFO] WebApp:414 - Apply proxy settings
2024-04-12 14:16:16,892 [INFO] WebApp:499 - Chromium requires no authentication
2024-04-12 14:16:16,900 [INFO] WebApp:442 - Direct internet connection detected
2024-04-12 14:16:16,930 [WARN] PackLoader:240 - Cannot read IP mode file for STMicroelectronics.X-CUBE-MEMS1.10.0.0
2024-04-12 14:16:17,050 [WARN] PackLoader:240 - Cannot read IP mode file for STMicroelectronics.X-CUBE-FREERTOS.1.1.0
2024-04-12 14:16:17,080 [WARN] PackLoader:240 - Cannot read IP mode file for portGmbH.I-Cube-SoM-uGOAL.1.1.0
2024-04-12 14:16:17,091 [WARN] PackLoader:240 - Cannot read IP mode file for STMicroelectronics.X-CUBE-ALS.1.0.1
2024-04-12 14:16:17,110 [WARN] PackLoader:240 - Cannot read IP mode file for STMicroelectronics.FP-ATR-ASTRA1.2.0.0
2024-04-12 14:16:17,158 [WARN] PackLoader:240 - Cannot read IP mode file for STMicroelectronics.X-CUBE-TOF1.3.4.1
2024-04-12 14:16:17,192 [WARN] PackLoader:240 - Cannot read IP mode file for STMicroelectronics.X-CUBE-AZRTOS-H7.3.2.0
2024-04-12 14:16:17,214 [WARN] PackLoader:240 - Cannot read IP mode file for Infineon.AIROC-Wi-Fi-Bluetooth-STM32.1.6.0
2024-04-12 14:16:17,219 [INFO] ThirdParty:978 - Integrity check success = true
2024-04-12 14:16:17,220 [INFO] IntegrityCheckThread:100 - exiting critical section [integrity check]
2024-04-12 14:16:17,221 [INFO] IntegrityCheckThread:103 - End integrity checks thread
2024-04-12 14:16:17,222 [INFO] WebApp:192 - Starting web application
2024-04-12 14:16:17,223 [INFO] WebApp:544 - Web application path used C:\ST\STM32CubeIDE_1.14.0\STM32CubeIDE\plugins\com.st.stm32cube.common.mx_6.10.0.202311202037\db\plugins\mcufinder\reactClient1\index.html
2024-04-12 14:16:24,821 [ERROR] LogOutputStream:75 - [STDERR_REDIRECT] SLF4J: Failed to load class "org.slf4j.impl.StaticLoggerBinder".
2024-04-12 14:16:24,823 [ERROR] LogOutputStream:75 - [STDERR_REDIRECT] SLF4J: Defaulting to no-operation (NOP) logger implementation
2024-04-12 14:16:24,825 [ERROR] LogOutputStream:75 - [STDERR_REDIRECT] SLF4J: See http://www.slf4j.org/codes.html#StaticLoggerBinder for further details.
2024-04-12 14:17:34,210 [INFO] McuFinderGlobals:63 - Set McuFinder mode to 2 (CubeIDE integrated)
2024-04-12 14:17:34,314 [INFO] MainUpdater:2873 - connection check result : 10
2024-04-12 14:17:34,426 [INFO] MicroXplorer:468 - Change Database Path : 
2024-04-12 14:17:34,427 [INFO] MicroXplorer:498 - Change Database Version : DB.6.0.100
2024-04-12 14:17:34,431 [WARN] ThirdParty:871 - waiting for thirdparty lock release [close project]
2024-04-12 14:17:34,432 [INFO] ThirdParty:873 - entering critical section [close project]
2024-04-12 14:17:34,434 [INFO] ThirdParty:883 - exiting critical section [close project]
2024-04-12 14:17:34,436 [INFO] PinOutPanel:1499 - setPackage(No Configuration,No Configuration)
2024-04-12 14:17:34,441 [INFO] UtilMem:75 - Begin LoadConfig() Used Memory: 737522040 Bytes (1053818880)
2024-04-12 14:17:34,443 [INFO] MicroXplorer:468 - Change Database Path : 
2024-04-12 14:17:34,444 [INFO] MicroXplorer:498 - Change Database Version : DB.6.0.100
2024-04-12 14:17:34,445 [INFO] OpenFileManager:312 - Change cursor
2024-04-12 14:17:34,478 [INFO] Mcu:2016 - Initializing MCU STM32L4R5ZITxP STM32L4R5ZITxP STM32L4R5ZIT6P
2024-04-12 14:17:37,400 [INFO] Context:659 - Trying to add GPIOservice into a context  which must be forbidden
2024-04-12 14:17:38,314 [INFO] RtosManager:555 - Registered RTOS mode: class=CMSIS, group=RTOS, mode=CMSIS_V1, owner=FREERTOS
2024-04-12 14:17:38,316 [INFO] RtosManager:555 - Registered RTOS mode: class=CMSIS, group=RTOS2, mode=CMSIS_V2, owner=FREERTOS
2024-04-12 14:17:38,317 [INFO] RtosManager:555 - Registered RTOS mode: class=RTOS, group=Core, mode=CMSIS_V1, owner=FREERTOS
2024-04-12 14:17:38,318 [INFO] RtosManager:555 - Registered RTOS mode: class=RTOS, group=Core, mode=CMSIS_V2, owner=FREERTOS
2024-04-12 14:17:38,319 [WARN] ModelIntegratedComponent:184 - Missing modes for component STMicroelectronics:FreeRTOS:0.0.1:STMicroelectronics:RTOS:FreeRTOS:Core:::10.2.0:
2024-04-12 14:17:38,333 [WARN] ModelIntegratedComponent:63 - No mode defined for component null
2024-04-12 14:17:38,334 [WARN] ModelIntegratedComponent:63 - No mode defined for component null
2024-04-12 14:17:38,335 [WARN] ModelIntegratedComponent:63 - No mode defined for component null
2024-04-12 14:17:38,336 [WARN] ModelIntegratedComponent:63 - No mode defined for component null
2024-04-12 14:17:38,337 [WARN] ModelIntegratedComponent:63 - No mode defined for component null
2024-04-12 14:17:38,339 [WARN] ModelIntegratedComponent:63 - No mode defined for component null
2024-04-12 14:17:38,340 [WARN] ModelIntegratedComponent:63 - No mode defined for component null
2024-04-12 14:17:38,341 [WARN] ModelIntegratedComponent:63 - No mode defined for component null
2024-04-12 14:17:38,342 [WARN] ModelIntegratedComponent:63 - No mode defined for component null
2024-04-12 14:17:38,343 [WARN] ModelIntegratedComponent:63 - No mode defined for component null
2024-04-12 14:17:38,344 [WARN] ModelIntegratedComponent:63 - No mode defined for component null
2024-04-12 14:17:38,345 [WARN] ModelIntegratedComponent:63 - No mode defined for component null
2024-04-12 14:17:38,346 [WARN] ModelIntegratedComponent:63 - No mode defined for component null
2024-04-12 14:17:38,347 [WARN] ModelIntegratedComponent:63 - No mode defined for component null
2024-04-12 14:17:38,348 [WARN] ModelIntegratedComponent:63 - No mode defined for component null
2024-04-12 14:17:38,349 [WARN] ModelIntegratedComponent:63 - No mode defined for component null
2024-04-12 14:17:38,350 [WARN] ModelIntegratedComponent:63 - No mode defined for component null
2024-04-12 14:17:38,351 [WARN] ModelIntegratedComponent:63 - No mode defined for component null
2024-04-12 14:17:38,352 [WARN] ModelIntegratedComponent:63 - No mode defined for component null
2024-04-12 14:17:38,353 [WARN] ModelIntegratedComponent:63 - No mode defined for component null
2024-04-12 14:17:38,354 [WARN] ModelIntegratedComponent:63 - No mode defined for component null
2024-04-12 14:17:38,355 [WARN] ModelIntegratedComponent:63 - No mode defined for component null
2024-04-12 14:17:38,356 [WARN] ModelIntegratedComponent:63 - No mode defined for component null
2024-04-12 14:17:38,357 [WARN] ModelIntegratedComponent:63 - No mode defined for component null
2024-04-12 14:17:38,358 [WARN] ModelIntegratedComponent:63 - No mode defined for component null
2024-04-12 14:17:38,359 [WARN] ModelIntegratedComponent:63 - No mode defined for component null
2024-04-12 14:17:38,360 [WARN] ModelIntegratedComponent:63 - No mode defined for component null
2024-04-12 14:17:38,361 [WARN] ModelIntegratedComponent:63 - No mode defined for component null
2024-04-12 14:17:38,362 [WARN] ModelIntegratedComponent:63 - No mode defined for component null
2024-04-12 14:17:38,363 [WARN] ModelIntegratedComponent:63 - No mode defined for component null
2024-04-12 14:17:38,364 [WARN] ModelIntegratedComponent:63 - No mode defined for component null
2024-04-12 14:17:38,365 [WARN] ModelIntegratedComponent:63 - No mode defined for component null
2024-04-12 14:17:38,377 [WARN] ModelIntegratedComponent:63 - No mode defined for component null
2024-04-12 14:17:38,480 [INFO] ThirdPartyModel:298 - Start build external matchings
2024-04-12 14:17:38,728 [INFO] ThirdPartyModel:316 - End build external matchings
2024-04-12 14:17:39,217 [INFO] UtilMem:75 - End LoadConfig() Used Memory: 697740592 Bytes (1073741824)
2024-04-12 14:17:39,355 [INFO] ApiDb:581 - Connected to CubeFinder SQLite database (C:\Users\korb\.stmcufinder\plugins\mcufinder\mcu\cube-finder-db.db)
2024-04-12 14:17:39,451 [INFO] ApiDb:668 - CubeFinder database Data Model version=2.1
2024-04-12 14:17:39,452 [INFO] ApiDb:669 - CubeFinder database Configuration version=3.0.39
2024-04-12 14:17:39,453 [INFO] ApiDb:670 - CubeFinder database generation date=2023-11-06 (1699269565)
2024-04-12 14:17:39,454 [INFO] ApiDb:671 - CubeFinder database FW Pack versions=[FP-ATR-ASTRA1_V2.0.0, FP-SNS-FLIGHT1_V5.0.1, FP-SNS-FLIGHT1_V5.0.2, FP-SNS-MOTENV1_V4.3.1, FP-SNS-MOTENV1_V4.3.2, FP-SNS-MOTENVWB1_V1.3.0, FP-SNS-SMARTAG2_V1.2.0, STM32Cube_FW_C0_V1.1.0, STM32Cube_FW_F4_V1.28.0, STM32Cube_FW_F7_V1.17.0, STM32Cube_FW_G0_V1.6.1, STM32Cube_FW_G4_V1.5.1, STM32Cube_FW_H5_V0.5.1, STM32Cube_FW_H5_V1.1.1, STM32Cube_FW_H5_V1.2.0RC2, STM32Cube_FW_H7_V1.11.0, STM32Cube_FW_L0_V1.12.2, STM32Cube_FW_L5_V1.5.0, STM32Cube_FW_U5_V1.3.0RC4, STM32Cube_FW_U5_V1.4.0, STM32Cube_FW_WBA_V1.0.0RC1, STM32Cube_FW_WBA_V1.1.0RC1, STM32Cube_FW_WBA_V1.2.0, STM32Cube_FW_WBA_V1.2.0RC2, STM32Cube_FW_WB_V1.15.0RC1, STM32Cube_FW_WB_V1.16.0, STM32Cube_FW_WB_V1.16.0RC2, STM32Cube_FW_WB_V1.18.0, STM32Cube_FW_WL_V1.3.0, X-CUBE-ALGOBUILD_V1.3.0, X-CUBE-ALS_V1.0.1, X-CUBE-AZRTOS-F4_V1.1.0, X-CUBE-AZRTOS-F7_V1.1.0, X-CUBE-AZRTOS-G0_V1.1.0, X-CUBE-AZRTOS-G4_V2.0.0, X-CUBE-AZRTOS-H7_V3.1.0, X-CUBE-AZRTOS-L4_V1.0.0, X-CUBE-AZRTOS-L4_V2.0.0, X-CUBE-AZRTOS-L5_V1.1.0, X-CUBE-AZRTOS-WB_V2.0.0, X-CUBE-AZRTOS-WL_V2.0.0, X-CUBE-BLE1_V7.0.0, X-CUBE-BLE2_V3.3.0, X-CUBE-BLEMGR_V2.0.0, X-CUBE-EEPRMA1_V4.1.0, X-CUBE-EEPRMA1_V4.2.0, X-CUBE-FREERTOS_V1.1.0, X-CUBE-GNSS1_V6.0.0, X-CUBE-MEMS1_V10.0.0, X-CUBE-MEMS1_V9.1.0, X-CUBE-MEMS1_V9.4.0, X-CUBE-MEMS1_V9.6.0, X-CUBE-NFC4_V3.0.0, X-CUBE-NFC7_V1.0.1, X-CUBE-SFXS2LP1_V4.0.0, X-CUBE-SUBG2_V5.0.0, X-CUBE-TOF1_V3.3.1]
2024-04-12 14:17:41,723 [INFO] ApiDb:240 - Found 371 in-development CPN: [B-G473E-ZEST1S, B-WB1M-WPAN1, B-WL5M-SUBG1, NUCLEO-C031C6, NUCLEO-H503RB, NUCLEO-H563ZI, NUCLEO-U545RE-Q, NUCLEO-U5A5ZJ-Q, NUCLEO-WBA52CG, NUCLEO-WBA55CG, STEVAL-MKBOXPRO, STEVAL-PROTEUS1, STEVAL-STWINBX1, STM320518-EVAL, STM32C0116-DK, STM32C011D6Y3TR, STM32C011D6Y6TR, STM32C011F4P3, STM32C011F4P6, STM32C011F4U3, STM32C011F4U6TR, STM32C011F6P3, STM32C011F6P6, STM32C011F6U3, STM32C011F6U6TR, STM32C011J4M3, STM32C011J4M6, STM32C011J6M3, STM32C011J6M6, STM32C0316-DK, STM32C031C4T3, STM32C031C4T6, STM32C031C4U3, STM32C031C4U6, STM32C031C6T3, STM32C031C6T6, STM32C031C6U3, STM32C031C6U6, STM32C031F4P3, STM32C031F4P6, STM32C031F6P3, STM32C031F6P6, STM32C031G4U3, STM32C031G4U6, STM32C031G6U3, STM32C031G6U6, STM32C031K4T3, STM32C031K4T6, STM32C031K4U3, STM32C031K4U6, STM32C031K6T3, STM32C031K6T6, STM32C031K6U3, STM32C031K6U6, STM32G071K8TXN, STM32G071K8UXN, STM32G081GBU6N, STM32G081KBT6N, STM32G081KBUXN, STM32G0B1CCT6N, STM32G0B1KCT6, STM32G0B1NEY6TR, STM32G0B1RCT6N, STM32G0C1CCT6, STM32G0C1CCT6N, STM32G0C1CCU6N, STM32G0C1CET6N, STM32G0C1CEU6N, STM32G0C1KCT6, STM32G0C1NEY6TR, STM32G0C1RCI6N, STM32G0C1RCT6N, STM32G0C1REI6N, STM32G0C1RET6N, STM32G0C1VCI6, STM32G0C1VEI6, STM32G471CCT6, STM32G471CCU6, STM32G471CET3, STM32G471CET6, STM32G471CEU3, STM32G471CEU6, STM32G471MCT6, STM32G471MET3, STM32G471MET6, STM32G471MEY6TR, STM32G471QCT6, STM32G471QET3, STM32G471RCT6, STM32G471RET3, STM32G471RET6, STM32G471VCH6, STM32G471VCI6, STM32G471VCT6, STM32G471VEH3, STM32G471VEH6, STM32G471VEI3, STM32G471VEI6, STM32G471VET3, STM32G471VET6, STM32G474CCT6, STM32H503CBT6, STM32H503CBU6, STM32H503EBY6TR, STM32H503KBU6, STM32H503RBT6, STM32H562AGI6, STM32H562AII6, STM32H562IGK6, STM32H562IGT6, STM32H562IIK6, STM32H562IIT6, STM32H562RGT6, STM32H562RGV6, STM32H562RIT6, STM32H562RIV6, STM32H562VGT6, STM32H562VIT6, STM32H562ZGT6, STM32H562ZIT6, STM32H563AGI6, STM32H563AII3Q, STM32H563AII6, STM32H563IGK6, STM32H563IGT6, STM32H563IIK3Q, STM32H563IIK6, STM32H563IIT3Q, STM32H563IIT6, STM32H563MIY3QTR, STM32H563RGT6, STM32H563RGV6, STM32H563RIT6, STM32H563RIV6, STM32H563VGT6, STM32H563VIT3Q, STM32H563VIT6, STM32H563ZGT6, STM32H563ZIT3Q, STM32H563ZIT6, STM32H573AII3Q, STM32H573AII6, STM32H573I-DK, STM32H573IIK3Q, STM32H573IIK6, STM32H573IIT3Q, STM32H573IIT6, STM32H573MIY3QTR, STM32H573RIT6, STM32H573RIV6, STM32H573VIT3Q, STM32H573VIT6, STM32H573ZIT3Q, STM32H573ZIT6, STM32L4R5QGI6STR, STM32MP131AAE3, STM32MP131AAF3, STM32MP131AAG3, STM32MP131CAE3, STM32MP131CAF3, STM32MP131CAG3, STM32MP131DAE7, STM32MP131DAF7, STM32MP131DAG7, STM32MP131FAE7, STM32MP131FAF7, STM32MP131FAG7, STM32MP133AAE3, STM32MP133AAF3, STM32MP133AAG3, STM32MP133CAE3, STM32MP133CAF3, STM32MP133CAG3, STM32MP133DAE7, STM32MP133DAF7, STM32MP133DAG7, STM32MP133FAE7, STM32MP133FAF7, STM32MP133FAG7, STM32MP135AAE3, STM32MP135AAF3, STM32MP135AAG3, STM32MP135CAE3, STM32MP135CAF3, STM32MP135CAG3, STM32MP135DAE7, STM32MP135DAF7, STM32MP135DAG7, STM32MP135F-DK, STM32MP135FAE7, STM32MP135FAF7, STM32MP135FAF7T, STM32MP135FAF7U, STM32MP135FAG7, STM32U535CBT6, STM32U535CBT6Q, STM32U535CBU6, STM32U535CBU6Q, STM32U535CCT6, STM32U535CCT6Q, STM32U535CCU6, STM32U535CCU6Q, STM32U535CET6, STM32U535CET6Q, STM32U535CEU6, STM32U535CEU6Q, STM32U535JEY6QTR, STM32U535NCY6QTR, STM32U535NEY6QTR, STM32U535RBI6, STM32U535RBI6Q, STM32U535RBT6, STM32U535RBT6Q, STM32U535RCI6, STM32U535RCI6Q, STM32U535RCT6, STM32U535RCT6Q, STM32U535REI6, STM32U535REI6Q, STM32U535RET6, STM32U535RET6Q, STM32U535VCI6, STM32U535VCI6Q, STM32U535VCT6, STM32U535VCT6Q, STM32U535VEI6, STM32U535VEI6Q, STM32U535VET6, STM32U535VET6Q, STM32U545CET6, STM32U545CET6Q, STM32U545CEU6, STM32U545CEU6Q, STM32U545JEY6QTR, STM32U545NEY6QTR, STM32U545REI6, STM32U545REI6Q, STM32U545RET6, STM32U545RET6Q, STM32U545VEI6, STM32U545VEI6Q, STM32U545VET6, STM32U545VET6Q, STM32U595AIH6, STM32U595AIH6Q, STM32U595AJH6, STM32U595AJH6Q, STM32U595QII6, STM32U595QII6Q, STM32U595QJI6, STM32U595QJI6Q, STM32U595RIT6, STM32U595RIT6Q, STM32U595RJT6, STM32U595RJT6Q, STM32U595VIT6, STM32U595VIT6Q, STM32U595VJT6, STM32U595VJT6Q, STM32U595ZIT6, STM32U595ZIT6Q, STM32U595ZIY6QTR, STM32U595ZJT6, STM32U595ZJT6Q, STM32U595ZJY6QTR, STM32U599BJY6QTR, STM32U599NIH6Q, STM32U599NJH6Q, STM32U599VIT6Q, STM32U599VJT6, STM32U599VJT6Q, STM32U599ZIT6Q, STM32U599ZIY6QTR, STM32U599ZJT6Q, STM32U599ZJY6QTR, STM32U5A5AJH6, STM32U5A5AJH6Q, STM32U5A5QJI6, STM32U5A5QJI6Q, STM32U5A5RJT6, STM32U5A5RJT6Q, STM32U5A5VJT6, STM32U5A5VJT6Q, STM32U5A5ZJT6, STM32U5A5ZJT6Q, STM32U5A5ZJY6QTR, STM32U5A9BJY6QTR, STM32U5A9J-DK, STM32U5A9NJH6Q, STM32U5A9VJT6Q, STM32U5A9ZJT6Q, STM32U5A9ZJY6QTR, STM32U5F7VIT6, STM32U5F7VIT6Q, STM32U5F7VJT6, STM32U5F7VJT6Q, STM32U5F9BJY6QTR, STM32U5F9NJH6Q, STM32U5F9VIT6Q, STM32U5F9VJT6Q, STM32U5F9ZIJ6QTR, STM32U5F9ZIT6Q, STM32U5F9ZJJ6QTR, STM32U5F9ZJT6Q, STM32U5G7VJT6, STM32U5G7VJT6Q, STM32U5G9BJY6QTR, STM32U5G9J-DK1, STM32U5G9J-DK2, STM32U5G9NJH6Q, STM32U5G9VJT6Q, STM32U5G9ZJJ6QTR, STM32U5G9ZJT6Q, STM32WB1MMCH6, STM32WBA50KEU6, STM32WBA50KEU6TR, STM32WBA50KGU6, STM32WBA50KGU6TR, STM32WBA52CEU6, STM32WBA52CEU6TR, STM32WBA52CEU7, STM32WBA52CEU7TR, STM32WBA52CGU6, STM32WBA52CGU6TR, STM32WBA52CGU6U, STM32WBA52CGU7, STM32WBA52CGU7TR, STM32WBA52KEU6, STM32WBA52KEU6TR, STM32WBA52KGU6, STM32WBA52KGU6TR, STM32WBA54CEU6, STM32WBA54CEU6TR, STM32WBA54CEU7, STM32WBA54CEU7TR, STM32WBA54CGU6, STM32WBA54CGU6TR, STM32WBA54CGU7, STM32WBA54CGU7TR, STM32WBA54KEU6, STM32WBA54KEU6TR, STM32WBA54KEU7, STM32WBA54KEU7TR, STM32WBA54KGU6, STM32WBA54KGU6TR, STM32WBA54KGU7, STM32WBA54KGU7TR, STM32WBA55CEU6, STM32WBA55CEU6TR, STM32WBA55CEU7, STM32WBA55CEU7TR, STM32WBA55CGU6, STM32WBA55CGU6TR, STM32WBA55CGU6U, STM32WBA55CGU7, STM32WBA55CGU7TR, STM32WBA55G-DK1, STM32WBA55HEF6, STM32WBA55HEF7, STM32WBA55HGF6, STM32WBA55HGF7, STM32WBA55UEI6, STM32WBA55UEI6TR, STM32WBA55UEI7, STM32WBA55UEI7TR, STM32WBA55UGI6, STM32WBA55UGI6TR, STM32WBA55UGI7, STM32WBA55UGI7TR, STM32WL5MOCH6, STM32WL5MOCH6TR]
2024-04-12 14:17:41,727 [INFO] DbMcus:218 - Found 3930 MCUs, 3930 are supported
2024-04-12 14:17:41,728 [INFO] ApiDb:414 - User favorites file not found: C:\Users\korb/.stm32cubeide/favorites.mcus.txt
2024-04-12 14:17:41,730 [INFO] DbMcus:224 - Set 0 / 0 favorites MCUs
2024-04-12 14:17:42,085 [INFO] MicroXplorer:468 - Change Database Path : 
2024-04-12 14:17:42,087 [INFO] MicroXplorer:498 - Change Database Version : DB.6.0.100
2024-04-12 14:17:42,088 [WARN] ThirdParty:833 - waiting for thirdparty lock release [change project]
2024-04-12 14:17:42,089 [INFO] ThirdParty:835 - entering critical section [change project]
2024-04-12 14:17:42,091 [INFO] ThirdParty:1030 - CMSIS Pack Vendor :STMicroelectronics USBPD 4.1
2024-04-12 14:17:42,092 [INFO] ThirdParty:1030 - CMSIS Pack Vendor :STMicroelectronics X-CUBE-GNSS1 6.0.0
2024-04-12 14:17:42,093 [INFO] ThirdParty:1030 - CMSIS Pack Vendor :STMicroelectronics USB_HOST 2.0.0
2024-04-12 14:17:42,094 [INFO] ThirdParty:1030 - CMSIS Pack Vendor :STMicroelectronics X-CUBE-AZRTOS-F4 1.1.0
2024-04-12 14:17:42,095 [INFO] ThirdParty:1030 - CMSIS Pack Vendor :STMicroelectronics LIBJPEG 8.0.0
2024-04-12 14:17:42,096 [INFO] ThirdParty:1030 - CMSIS Pack Vendor :STMicroelectronics X-CUBE-SMBUS 2.1.0
2024-04-12 14:17:42,097 [INFO] ThirdParty:1030 - CMSIS Pack Vendor :STMicroelectronics USB_DEVICE 3.0.0
2024-04-12 14:17:42,098 [INFO] ThirdParty:1030 - CMSIS Pack Vendor :STMicroelectronics X-CUBE-TCPP 4.1.0
2024-04-12 14:17:42,099 [INFO] ThirdParty:1030 - CMSIS Pack Vendor :STMicroelectronics X-CUBE-AZRTOS-WB 2.0.0
2024-04-12 14:17:42,100 [INFO] ThirdParty:1030 - CMSIS Pack Vendor :STMicroelectronics X-CUBE-TOUCHGFX 4.23.2
2024-04-12 14:17:42,101 [INFO] ThirdParty:1030 - CMSIS Pack Vendor :STMicroelectronics X-CUBE-AZRTOS-F7 1.1.0
2024-04-12 14:17:42,102 [INFO] ThirdParty:1030 - CMSIS Pack Vendor :STMicroelectronics X-CUBE-AZRTOS-L5 2.0.0
2024-04-12 14:17:42,103 [INFO] ThirdParty:1030 - CMSIS Pack Vendor :STMicroelectronics USB_DEVICE 2.0.0
2024-04-12 14:17:42,104 [INFO] ThirdParty:1030 - CMSIS Pack Vendor :STMicroelectronics X-CUBE-NFC6 3.1.0
2024-04-12 14:17:42,105 [INFO] ThirdParty:1030 - CMSIS Pack Vendor :STMicroelectronics X-CUBE-ALGOBUILD 1.3.0
2024-04-12 14:17:42,106 [INFO] ThirdParty:1030 - CMSIS Pack Vendor :STMicroelectronics FreeRTOS 0.0.1
2024-04-12 14:17:42,107 [INFO] ThirdParty:1030 - CMSIS Pack Vendor :STMicroelectronics X-CUBE-AZRTOS-G0 1.1.0
2024-04-12 14:17:42,108 [INFO] ThirdParty:1030 - CMSIS Pack Vendor :STMicroelectronics X-CUBE-SAFEA1 1.2.2
2024-04-12 14:17:42,109 [INFO] ThirdParty:1030 - CMSIS Pack Vendor :STMicroelectronics X-CUBE-NFC4 3.0.0
2024-04-12 14:17:42,110 [INFO] ThirdParty:1030 - CMSIS Pack Vendor :STMicroelectronics X-CUBE-SUBG2 5.0.0
2024-04-12 14:17:42,111 [INFO] ThirdParty:1030 - CMSIS Pack Vendor :STMicroelectronics STM32_WPAN 1.0.0
2024-04-12 14:17:42,112 [INFO] ThirdParty:1030 - CMSIS Pack Vendor :STMicroelectronics lwIP 2.0.3
2024-04-12 14:17:42,114 [INFO] ThirdParty:1030 - CMSIS Pack Vendor :STMicroelectronics FP-SNS-FLIGHT1 5.0.2
2024-04-12 14:17:42,115 [INFO] ThirdParty:1030 - CMSIS Pack Vendor :STMicroelectronics USB_HOST 1.0.0
2024-04-12 14:17:42,116 [INFO] ThirdParty:1030 - CMSIS Pack Vendor :STMicroelectronics X-CUBE-AZRTOS-G4 2.0.0
2024-04-12 14:17:42,117 [INFO] ThirdParty:1030 - CMSIS Pack Vendor :STMicroelectronics PDM2PCM 3.1.0
2024-04-12 14:17:42,118 [INFO] ThirdParty:1030 - CMSIS Pack Vendor :STMicroelectronics PDM2PCM 3.3.0
2024-04-12 14:17:42,119 [INFO] ThirdParty:1030 - CMSIS Pack Vendor :STMicroelectronics X-CUBE-DISPLAY 3.0.0
2024-04-12 14:17:42,120 [INFO] ThirdParty:1030 - CMSIS Pack Vendor :wolfSSL I-CUBE-wolfSSL 5.7.0
2024-04-12 14:17:42,121 [INFO] ThirdParty:1030 - CMSIS Pack Vendor :STMicroelectronics FP-SNS-MOTENVWB1 1.3.1
2024-04-12 14:17:42,122 [INFO] ThirdParty:1030 - CMSIS Pack Vendor :STMicroelectronics X-CUBE-BLE1 7.0.0
2024-04-12 14:17:42,123 [INFO] ThirdParty:1030 - CMSIS Pack Vendor :STMicroelectronics FP-ATR-SIGFOX1 3.2.0
2024-04-12 14:17:42,124 [INFO] ThirdParty:1030 - CMSIS Pack Vendor :STMicroelectronics X-CUBE-ISPU 2.0.0
2024-04-12 14:17:42,125 [INFO] ThirdParty:1030 - CMSIS Pack Vendor :STMicroelectronics X-CUBE-EEPRMA1 5.1.0
2024-04-12 14:17:42,126 [INFO] ThirdParty:1030 - CMSIS Pack Vendor :STMicroelectronics HAL Drivers 0.0.0
2024-04-12 14:17:42,127 [INFO] ThirdParty:1030 - CMSIS Pack Vendor :STMicroelectronics MBEDTLS 2.16.2
2024-04-12 14:17:42,128 [INFO] ThirdParty:1030 - CMSIS Pack Vendor :emotas I-CUBE-CANOPEN 1.3.0
2024-04-12 14:17:42,129 [INFO] ThirdParty:1030 - CMSIS Pack Vendor :STMicroelectronics X-CUBE-MEMS1 10.0.0
2024-04-12 14:17:42,131 [INFO] ThirdParty:1030 - CMSIS Pack Vendor :STMicroelectronics X-CUBE-FREERTOS 1.1.0
2024-04-12 14:17:42,132 [INFO] ThirdParty:1030 - CMSIS Pack Vendor :STMicroelectronics X-CUBE-NFC7 1.0.1
2024-04-12 14:17:42,133 [INFO] ThirdParty:1030 - CMSIS Pack Vendor :STMicroelectronics MBEDTLS 2.14.1
2024-04-12 14:17:42,134 [INFO] ThirdParty:1030 - CMSIS Pack Vendor :ITTIA_DB I-CUBE-ITTIADB 8.9.0
2024-04-12 14:17:42,135 [INFO] ThirdParty:1030 - CMSIS Pack Vendor :portGmbH I-Cube-SoM-uGOAL 1.1.0
2024-04-12 14:17:42,136 [INFO] ThirdParty:1030 - CMSIS Pack Vendor :STMicroelectronics X-CUBE-ALS 1.0.1
2024-04-12 14:17:42,137 [INFO] ThirdParty:1030 - CMSIS Pack Vendor :STMicroelectronics X-CUBE-BLEMGR 3.1.0
2024-04-12 14:17:42,139 [INFO] ThirdParty:1030 - CMSIS Pack Vendor :STMicroelectronics ThreadX 1.0.0
2024-04-12 14:17:42,140 [INFO] ThirdParty:1030 - CMSIS Pack Vendor :STMicroelectronics FP-SNS-SMARTAG2 1.2.0
2024-04-12 14:17:42,141 [INFO] ThirdParty:1030 - CMSIS Pack Vendor :STMicroelectronics X-CUBE-AZRTOS-WL 2.0.0
2024-04-12 14:17:42,142 [INFO] ThirdParty:1030 - CMSIS Pack Vendor :SEGGER I-CUBE-embOS 1.3.1
2024-04-12 14:17:42,143 [INFO] ThirdParty:1030 - CMSIS Pack Vendor :STMicroelectronics FP-SNS-MOTENV1 5.0.0
2024-04-12 14:17:42,144 [INFO] ThirdParty:1030 - CMSIS Pack Vendor :STMicroelectronics USB_DEVICE 1.0.0
2024-04-12 14:17:42,145 [INFO] ThirdParty:1030 - CMSIS Pack Vendor :STMicroelectronics X-CUBE-AI 8.1.0
2024-04-12 14:17:42,146 [INFO] ThirdParty:1030 - CMSIS Pack Vendor :STMicroelectronics X-CUBE-AZRTOS-L4 2.0.0
2024-04-12 14:17:42,147 [INFO] ThirdParty:1030 - CMSIS Pack Vendor :STMicroelectronics ThreadX 0.0.2
2024-04-12 14:17:42,149 [INFO] ThirdParty:1030 - CMSIS Pack Vendor :WES I-CUBE-Cesium 1.3.0
2024-04-12 14:17:42,150 [INFO] ThirdParty:1030 - CMSIS Pack Vendor :STMicroelectronics FP-ATR-ASTRA1 2.0.0
2024-04-12 14:17:42,151 [INFO] ThirdParty:1030 - CMSIS Pack Vendor :STMicroelectronics lwIP 2.1.2
2024-04-12 14:17:42,152 [INFO] ThirdParty:1030 - CMSIS Pack Vendor :STMicroelectronics X-CUBE-SFXS2LP1 4.0.0
2024-04-12 14:17:42,153 [INFO] ThirdParty:1030 - CMSIS Pack Vendor :STMicroelectronics X-CUBE-BLE2 3.3.0
2024-04-12 14:17:42,154 [INFO] ThirdParty:1030 - CMSIS Pack Vendor :STMicroelectronics X-CUBE-TOF1 3.4.1
2024-04-12 14:17:42,155 [INFO] ThirdParty:1030 - CMSIS Pack Vendor :STMicroelectronics X-CUBE-AZRTOS-H7 3.2.0
2024-04-12 14:17:42,156 [INFO] ThirdParty:1030 - CMSIS Pack Vendor :Infineon AIROC-Wi-Fi-Bluetooth-STM32 1.6.0
2024-04-12 14:17:42,157 [INFO] ThirdParty:1030 - CMSIS Pack Vendor :STMicroelectronics PDM2PCM 3.2.0
2024-04-12 14:17:42,158 [INFO] ThirdParty:841 - exiting critical section [change project]
2024-04-12 14:17:42,739 [INFO] PinOutPanel:1499 - setPackage(No Configuration,No Configuration)
2024-04-12 14:17:42,761 [INFO] PinOutPanel:1499 - setPackage(STM32L4R5ZITxP,LQFP144)
2024-04-12 14:17:43,361 [INFO] UtilMem:75 - Before build in PCC Used Memory: 662512704 Bytes (1073741824)
2024-04-12 14:17:44,474 [INFO] UtilMem:75 - After build in PCC Used Memory: 798865192 Bytes (1073741824)
2024-04-12 14:17:44,516 [INFO] IPUIPlugin:80 - create IPUIPlugin
2024-04-12 14:17:44,518 [INFO] IPUIPlugin:80 - create IPUIPlugin
2024-04-12 14:17:44,521 [INFO] IPUIPlugin:80 - create IPUIPlugin
2024-04-12 14:17:44,522 [INFO] IPUIPlugin:80 - create IPUIPlugin
2024-04-12 14:17:44,523 [INFO] IPUIPlugin:80 - create IPUIPlugin
2024-04-12 14:17:44,526 [INFO] IPUIPlugin:80 - create IPUIPlugin
2024-04-12 14:17:44,528 [INFO] IPUIPlugin:80 - create IPUIPlugin
2024-04-12 14:17:44,531 [INFO] IPUIPlugin:80 - create IPUIPlugin
2024-04-12 14:17:44,532 [INFO] IPUIPlugin:80 - create IPUIPlugin
2024-04-12 14:17:44,533 [INFO] IPUIPlugin:80 - create IPUIPlugin
2024-04-12 14:17:44,534 [INFO] IPUIPlugin:80 - create IPUIPlugin
2024-04-12 14:17:44,535 [INFO] IPUIPlugin:80 - create IPUIPlugin
2024-04-12 14:17:44,537 [INFO] IPUIPlugin:80 - create IPUIPlugin
2024-04-12 14:17:44,538 [INFO] IPUIPlugin:80 - create IPUIPlugin
2024-04-12 14:17:44,539 [INFO] IPUIPlugin:80 - create IPUIPlugin
2024-04-12 14:17:44,540 [INFO] IPUIPlugin:80 - create IPUIPlugin
2024-04-12 14:17:44,541 [INFO] IPUIPlugin:80 - create IPUIPlugin
2024-04-12 14:17:44,542 [INFO] IPUIPlugin:80 - create IPUIPlugin
2024-04-12 14:17:44,543 [INFO] IPUIPlugin:80 - create IPUIPlugin
2024-04-12 14:17:44,544 [INFO] IPUIPlugin:80 - create IPUIPlugin
2024-04-12 14:17:44,545 [INFO] IPUIPlugin:80 - create IPUIPlugin
2024-04-12 14:17:44,546 [INFO] IPUIPlugin:80 - create IPUIPlugin
2024-04-12 14:17:44,547 [INFO] IPUIPlugin:80 - create IPUIPlugin
2024-04-12 14:17:44,548 [INFO] IPUIPlugin:80 - create IPUIPlugin
2024-04-12 14:17:44,550 [INFO] IPUIPlugin:80 - create IPUIPlugin
2024-04-12 14:17:44,551 [INFO] IPUIPlugin:80 - create IPUIPlugin
2024-04-12 14:17:44,552 [INFO] IPUIPlugin:80 - create IPUIPlugin
2024-04-12 14:17:44,554 [INFO] IPUIPlugin:80 - create IPUIPlugin
2024-04-12 14:17:44,555 [INFO] IPUIPlugin:80 - create IPUIPlugin
2024-04-12 14:17:44,556 [INFO] IPUIPlugin:80 - create IPUIPlugin
2024-04-12 14:17:44,557 [INFO] IPUIPlugin:80 - create IPUIPlugin
2024-04-12 14:17:44,558 [INFO] IPUIPlugin:80 - create IPUIPlugin
2024-04-12 14:17:44,560 [INFO] IPUIPlugin:80 - create IPUIPlugin
2024-04-12 14:17:44,561 [INFO] IPUIPlugin:80 - create IPUIPlugin
2024-04-12 14:17:44,563 [INFO] IPUIPlugin:80 - create IPUIPlugin
2024-04-12 14:17:44,564 [INFO] IPUIPlugin:80 - create IPUIPlugin
2024-04-12 14:17:44,565 [INFO] IPUIPlugin:80 - create IPUIPlugin
2024-04-12 14:17:44,567 [INFO] IPUIPlugin:80 - create IPUIPlugin
2024-04-12 14:17:44,568 [INFO] IPUIPlugin:80 - create IPUIPlugin
2024-04-12 14:17:44,569 [INFO] IPUIPlugin:80 - create IPUIPlugin
2024-04-12 14:17:44,571 [INFO] IPUIPlugin:80 - create IPUIPlugin
2024-04-12 14:17:44,572 [INFO] IPUIPlugin:80 - create IPUIPlugin
2024-04-12 14:17:44,573 [INFO] IPUIPlugin:80 - create IPUIPlugin
2024-04-12 14:17:44,575 [INFO] IPUIPlugin:80 - create IPUIPlugin
2024-04-12 14:17:44,576 [INFO] IPUIPlugin:80 - create IPUIPlugin
2024-04-12 14:17:44,577 [INFO] IPUIPlugin:80 - create IPUIPlugin
2024-04-12 14:17:44,578 [INFO] IPUIPlugin:80 - create IPUIPlugin
2024-04-12 14:17:44,580 [INFO] IPUIPlugin:80 - create IPUIPlugin
2024-04-12 14:17:44,581 [INFO] IPUIPlugin:80 - create IPUIPlugin
2024-04-12 14:17:44,582 [INFO] IPUIPlugin:80 - create IPUIPlugin
2024-04-12 14:17:44,584 [INFO] IPUIPlugin:80 - create IPUIPlugin
2024-04-12 14:17:44,585 [INFO] IPUIPlugin:80 - create IPUIPlugin
2024-04-12 14:17:44,587 [INFO] IPUIPlugin:80 - create IPUIPlugin
2024-04-12 14:17:44,588 [INFO] IPUIPlugin:80 - create IPUIPlugin
2024-04-12 14:17:44,589 [INFO] IPUIPlugin:80 - create IPUIPlugin
2024-04-12 14:17:44,591 [INFO] IPUIPlugin:80 - create IPUIPlugin
2024-04-12 14:17:44,592 [INFO] IPUIPlugin:80 - create IPUIPlugin
2024-04-12 14:17:44,593 [INFO] IPUIPlugin:80 - create IPUIPlugin
2024-04-12 14:17:44,595 [INFO] IPUIPlugin:80 - create IPUIPlugin
2024-04-12 14:17:44,596 [INFO] IPUIPlugin:80 - create IPUIPlugin
2024-04-12 14:17:44,597 [INFO] IPUIPlugin:80 - create IPUIPlugin
2024-04-12 14:17:44,868 [INFO] CADModel:165 - CPN selected for project levelSTM32L4R5ZIT6P
2024-04-12 14:17:44,880 [INFO] CADModel:114 - Register for checkConnection events
2024-04-12 14:17:44,932 [INFO] OpenFileManager:343 - Restore cursor
2024-04-12 15:18:59,011 [INFO] MainUpdater:2873 - connection check result : 10
2024-04-12 15:18:59,056 [INFO] I2cTimingTraitement:330 - 0x00000E50
2024-04-12 15:18:59,060 [INFO] MicroXplorer:468 - Change Database Path : 
2024-04-12 15:18:59,063 [INFO] MicroXplorer:498 - Change Database Version : DB.6.0.100
2024-04-12 15:18:59,082 [ERROR] ProjectManagerView:394 - 
java.lang.NullPointerException: Cannot invoke "javax.swing.JTextField.getText()" because the return value of "java.util.List.get(int)" is null
	at com.st.microxplorer.plugins.projectmanager.gui.ProjectChoiceTab$10.caretUpdate(ProjectChoiceTab.java:2493) ~[filemanager.jar:?]
	at javax.swing.text.JTextComponent.fireCaretUpdate(JTextComponent.java:412) ~[?:?]
	at javax.swing.text.JTextComponent$MutableCaretEvent.fire(JTextComponent.java:4491) ~[?:?]
	at javax.swing.text.JTextComponent$MutableCaretEvent.stateChanged(JTextComponent.java:4513) ~[?:?]
	at javax.swing.text.DefaultCaret.fireStateChanged(DefaultCaret.java:842) ~[?:?]
	at javax.swing.text.DefaultCaret.changeCaretPosition(DefaultCaret.java:1313) ~[?:?]
	at javax.swing.text.DefaultCaret.handleSetDot(DefaultCaret.java:1212) ~[?:?]
	at javax.swing.text.DefaultCaret.setDot(DefaultCaret.java:1193) ~[?:?]
	at javax.swing.text.DefaultCaret$Handler.insertUpdate(DefaultCaret.java:1789) ~[?:?]
	at javax.swing.text.AbstractDocument.fireInsertUpdate(AbstractDocument.java:226) ~[?:?]
	at javax.swing.text.AbstractDocument.handleInsertString(AbstractDocument.java:780) ~[?:?]
	at javax.swing.text.AbstractDocument.insertString(AbstractDocument.java:739) ~[?:?]
	at javax.swing.text.PlainDocument.insertString(PlainDocument.java:131) ~[?:?]
	at javax.swing.text.AbstractDocument.replace(AbstractDocument.java:698) ~[?:?]
	at javax.swing.text.JTextComponent.setText(JTextComponent.java:1729) ~[?:?]
	at com.st.microxplorer.plugins.projectmanager.gui.ProjectChoiceTab.createHeapStackFields(ProjectChoiceTab.java:933) ~[filemanager.jar:?]
	at com.st.microxplorer.plugins.projectmanager.gui.ProjectChoiceTab.buildLinkSettingsPanel(ProjectChoiceTab.java:3426) ~[filemanager.jar:?]
	at com.st.microxplorer.plugins.projectmanager.gui.ProjectChoiceTab.defineWindowsFields(ProjectChoiceTab.java:1813) ~[filemanager.jar:?]
	at com.st.microxplorer.plugins.projectmanager.gui.ProjectChoiceTab.updateSettings(ProjectChoiceTab.java:533) ~[filemanager.jar:?]
	at com.st.microxplorer.plugins.projectmanager.gui.ProjectSettingsPanel.UpdateDialog(ProjectSettingsPanel.java:244) ~[filemanager.jar:?]
	at com.st.microxplorer.plugins.projectmanager.ProjectManagerView.propertyChange(ProjectManagerView.java:391) ~[filemanager.jar:?]
	at java.beans.PropertyChangeSupport.fire(PropertyChangeSupport.java:343) ~[?:?]
	at java.beans.PropertyChangeSupport.firePropertyChange(PropertyChangeSupport.java:335) ~[?:?]
	at java.beans.PropertyChangeSupport.firePropertyChange(PropertyChangeSupport.java:268) ~[?:?]
	at com.st.microxplorer.util.MXPropertyChangeSupport.firePropertyChange(MXPropertyChangeSupport.java:54) ~[STM32CubeMX.jar:?]
	at com.st.microxplorer.mxsystem.MxSystem.closeConfig(MxSystem.java:900) ~[STM32CubeMX.jar:?]
	at com.st.microxplorer.maingui.MainPanel.closeConfig(MainPanel.java:776) ~[STM32CubeMX.jar:?]
	at com.st.microxplorer.plugins.filemanager.engine.OpenFileManager.loadConfigurationFile(OpenFileManager.java:245) ~[filemanager.jar:?]
	at com.st.microxplorer.plugins.filemanager.engine.MainFileManager.userLoadConfig(MainFileManager.java:290) ~[filemanager.jar:?]
	at com.st.microxplorer.plugins.filemanager.FileManagerView.getSpecificTask(FileManagerView.java:247) ~[filemanager.jar:?]
	at com.st.stm32cube.common.mx.editor.CubeMxEditor.getMxTabbedPaneInstance(CubeMxEditor.java:1184) ~[com.st.stm32cube.common.mx_6.10.0.202311202037/:?]
	at com.st.stm32cube.common.mx.editor.CubeMxEditor$12$1.createSwingComponent(CubeMxEditor.java:1065) ~[com.st.stm32cube.common.mx_6.10.0.202311202037/:?]
	at com.st.stm32cube.common.mx.oss.core.awtswtbridge.EmbeddedSwingComposite.doComponentCreation(EmbeddedSwingComposite.java:492) ~[com.st.stm32cube.common.mx.oss_6.10.0.202311202037/:?]
	at com.st.stm32cube.common.mx.oss.core.awtswtbridge.EmbeddedSwingComposite$4.run(EmbeddedSwingComposite.java:291) ~[com.st.stm32cube.common.mx.oss_6.10.0.202311202037/:?]
	at com.st.stm32cube.common.mx.oss.core.awtswtbridge.AwtEnvironment$2.run(AwtEnvironment.java:166) ~[com.st.stm32cube.common.mx.oss_6.10.0.202311202037/:?]
	at java.awt.event.InvocationEvent.dispatch(InvocationEvent.java:318) ~[?:?]
	at java.awt.EventQueue.dispatchEventImpl(EventQueue.java:773) ~[?:?]
	at java.awt.EventQueue$4.run(EventQueue.java:720) ~[?:?]
	at java.awt.EventQueue$4.run(EventQueue.java:714) ~[?:?]
	at java.security.AccessController.doPrivileged(AccessController.java:399) ~[?:?]
	at java.security.ProtectionDomain$JavaSecurityAccessImpl.doIntersectionPrivilege(ProtectionDomain.java:86) ~[?:?]
	at java.awt.EventQueue.dispatchEvent(EventQueue.java:742) ~[?:?]
	at java.awt.EventDispatchThread.pumpOneEventForFilters(EventDispatchThread.java:203) ~[?:?]
	at java.awt.EventDispatchThread.pumpEventsForFilter(EventDispatchThread.java:124) ~[?:?]
	at java.awt.EventDispatchThread.pumpEventsForHierarchy(EventDispatchThread.java:113) ~[?:?]
	at java.awt.EventDispatchThread.pumpEvents(EventDispatchThread.java:109) ~[?:?]
	at java.awt.EventDispatchThread.pumpEvents(EventDispatchThread.java:101) ~[?:?]
	at java.awt.EventDispatchThread.run(EventDispatchThread.java:90) ~[?:?]
2024-04-12 15:18:59,095 [WARN] ThirdParty:871 - waiting for thirdparty lock release [close project]
2024-04-12 15:18:59,099 [INFO] ThirdParty:873 - entering critical section [close project]
2024-04-12 15:18:59,100 [INFO] ThirdParty:883 - exiting critical section [close project]
2024-04-12 15:18:59,104 [INFO] PinOutPanel:1499 - setPackage(No Configuration,No Configuration)
2024-04-12 15:18:59,119 [INFO] UtilMem:75 - Begin LoadConfig() Used Memory: 675443768 Bytes (1073741824)
2024-04-12 15:18:59,134 [INFO] MicroXplorer:468 - Change Database Path : 
2024-04-12 15:18:59,135 [INFO] MicroXplorer:498 - Change Database Version : DB.6.0.100
2024-04-12 15:18:59,137 [INFO] OpenFileManager:312 - Change cursor
2024-04-12 15:19:08,616 [INFO] Mcu:2016 - Initializing MCU STM32L4R5ZITxP STM32L4R5ZITxP STM32L4R5ZIT6P
2024-04-12 15:19:11,097 [INFO] Context:659 - Trying to add GPIOservice into a context  which must be forbidden
2024-04-12 15:19:11,543 [ERROR] Mcu:920 - ThirdParty IPModes/IPconfigs doesn't exist for :C:/Users/korb/.stm32cubemx/plugins/thirdparty/db//STMicroelectronics/X-CUBE-TOUCHGFX/4.22.1/STMicroelectronics.X-CUBE-TOUCHGFX.4.22.1_Modes.xml
2024-04-12 15:19:11,545 [ERROR] Mcu:6425 - ThirdParty IPModes/IPconfigs doesn't exist for :STMicroelectronics.X-CUBE-TOUCHGFX.4.22.1
2024-04-12 15:19:11,550 [INFO] ImportTextPane:194 - (OptionalMessage_ERROR) Pin70 (VP_STMicroelectronics.X-CUBE-TOUCHGFX_VS_GraphicsJjApplication_4.22.1) cannot be retrieved for this MCU
2024-04-12 15:19:11,605 [INFO] RtosManager:555 - Registered RTOS mode: class=CMSIS, group=RTOS, mode=CMSIS_V1, owner=FREERTOS
2024-04-12 15:19:11,632 [INFO] RtosManager:555 - Registered RTOS mode: class=CMSIS, group=RTOS2, mode=CMSIS_V2, owner=FREERTOS
2024-04-12 15:19:11,644 [INFO] RtosManager:555 - Registered RTOS mode: class=RTOS, group=Core, mode=CMSIS_V1, owner=FREERTOS
2024-04-12 15:19:11,657 [INFO] RtosManager:555 - Registered RTOS mode: class=RTOS, group=Core, mode=CMSIS_V2, owner=FREERTOS
2024-04-12 15:19:11,659 [WARN] ModelIntegratedComponent:184 - Missing modes for component STMicroelectronics:FreeRTOS:0.0.1:STMicroelectronics:RTOS:FreeRTOS:Core:::10.2.0:
2024-04-12 15:19:11,677 [WARN] ModelIntegratedComponent:63 - No mode defined for component null
2024-04-12 15:19:11,678 [WARN] ModelIntegratedComponent:63 - No mode defined for component null
2024-04-12 15:19:11,679 [WARN] ModelIntegratedComponent:63 - No mode defined for component null
2024-04-12 15:19:11,680 [WARN] ModelIntegratedComponent:63 - No mode defined for component null
2024-04-12 15:19:11,681 [WARN] ModelIntegratedComponent:63 - No mode defined for component null
2024-04-12 15:19:11,685 [WARN] ModelIntegratedComponent:63 - No mode defined for component null
2024-04-12 15:19:11,688 [WARN] ModelIntegratedComponent:63 - No mode defined for component null
2024-04-12 15:19:11,689 [WARN] ModelIntegratedComponent:63 - No mode defined for component null
2024-04-12 15:19:11,690 [WARN] ModelIntegratedComponent:63 - No mode defined for component null
2024-04-12 15:19:11,691 [WARN] ModelIntegratedComponent:63 - No mode defined for component null
2024-04-12 15:19:11,692 [WARN] ModelIntegratedComponent:63 - No mode defined for component null
2024-04-12 15:19:11,693 [WARN] ModelIntegratedComponent:63 - No mode defined for component null
2024-04-12 15:19:11,694 [WARN] ModelIntegratedComponent:63 - No mode defined for component null
2024-04-12 15:19:11,695 [WARN] ModelIntegratedComponent:63 - No mode defined for component null
2024-04-12 15:19:11,696 [WARN] ModelIntegratedComponent:63 - No mode defined for component null
2024-04-12 15:19:11,697 [WARN] ModelIntegratedComponent:63 - No mode defined for component null
2024-04-12 15:19:11,698 [WARN] ModelIntegratedComponent:63 - No mode defined for component null
2024-04-12 15:19:11,699 [WARN] ModelIntegratedComponent:63 - No mode defined for component null
2024-04-12 15:19:11,700 [WARN] ModelIntegratedComponent:63 - No mode defined for component null
2024-04-12 15:19:11,701 [WARN] ModelIntegratedComponent:63 - No mode defined for component null
2024-04-12 15:19:11,702 [WARN] ModelIntegratedComponent:63 - No mode defined for component null
2024-04-12 15:19:11,703 [WARN] ModelIntegratedComponent:63 - No mode defined for component null
2024-04-12 15:19:11,704 [WARN] ModelIntegratedComponent:63 - No mode defined for component null
2024-04-12 15:19:11,705 [WARN] ModelIntegratedComponent:63 - No mode defined for component null
2024-04-12 15:19:11,720 [WARN] ModelIntegratedComponent:63 - No mode defined for component null
2024-04-12 15:19:11,722 [WARN] ModelIntegratedComponent:63 - No mode defined for component null
2024-04-12 15:19:11,723 [WARN] ModelIntegratedComponent:63 - No mode defined for component null
2024-04-12 15:19:11,724 [WARN] ModelIntegratedComponent:63 - No mode defined for component null
2024-04-12 15:19:11,726 [WARN] ModelIntegratedComponent:63 - No mode defined for component null
2024-04-12 15:19:11,727 [WARN] ModelIntegratedComponent:63 - No mode defined for component null
2024-04-12 15:19:11,728 [WARN] ModelIntegratedComponent:63 - No mode defined for component null
2024-04-12 15:19:11,729 [WARN] ModelIntegratedComponent:63 - No mode defined for component null
2024-04-12 15:19:11,730 [WARN] ModelIntegratedComponent:63 - No mode defined for component null
2024-04-12 15:19:11,820 [INFO] ThirdPartyModel:298 - Start build external matchings
2024-04-12 15:19:12,166 [INFO] ThirdPartyModel:316 - End build external matchings
2024-04-12 15:19:12,192 [INFO] ImportTextPane:194 - (OptionalMessage_ERROR) IP (DMA) : Parameter (Instance) has Id (SPI2_TX) currently not set
2024-04-12 15:19:12,193 [INFO] ImportTextPane:194 - (OptionalMessage_ERROR) IP (DMA) : Parameter (Request) has Id (SPI2_TX) currently not set
2024-04-12 15:19:12,194 [INFO] ImportTextPane:194 - (OptionalMessage_ERROR) IP (DMA) : Parameter (Direction) has Id (SPI2_TX) currently not set
2024-04-12 15:19:12,196 [INFO] ImportTextPane:194 - (OptionalMessage_ERROR) IP (DMA) : Parameter (PeriphInc) has Id (SPI2_TX) currently not set
2024-04-12 15:19:12,197 [INFO] ImportTextPane:194 - (OptionalMessage_ERROR) IP (DMA) : Parameter (MemInc) has Id (SPI2_TX) currently not set
2024-04-12 15:19:12,199 [INFO] ImportTextPane:194 - (OptionalMessage_ERROR) IP (DMA) : Parameter (PeriphDataAlignment) has Id (SPI2_TX) currently not set
2024-04-12 15:19:12,200 [INFO] ImportTextPane:194 - (OptionalMessage_ERROR) IP (DMA) : Parameter (MemDataAlignment) has Id (SPI2_TX) currently not set
2024-04-12 15:19:12,201 [INFO] ImportTextPane:194 - (OptionalMessage_ERROR) IP (DMA) : Parameter (Mode) has Id (SPI2_TX) currently not set
2024-04-12 15:19:12,202 [INFO] ImportTextPane:194 - (OptionalMessage_ERROR) IP (DMA) : Parameter (Priority) has Id (SPI2_TX) currently not set
2024-04-12 15:19:12,203 [INFO] ImportTextPane:194 - (OptionalMessage_ERROR) IP (DMA) : Parameter (SignalID) has Id (SPI2_TX) currently not set
2024-04-12 15:19:12,204 [INFO] ImportTextPane:194 - (OptionalMessage_ERROR) IP (DMA) : Parameter (Polarity) has Id (SPI2_TX) currently not set
2024-04-12 15:19:12,205 [INFO] ImportTextPane:194 - (OptionalMessage_ERROR) IP (DMA) : Parameter (RequestNumber) has Id (SPI2_TX) currently not set
2024-04-12 15:19:12,207 [INFO] ImportTextPane:194 - (OptionalMessage_ERROR) IP (DMA) : Parameter (SyncSignalID) has Id (SPI2_TX) currently not set
2024-04-12 15:19:12,208 [INFO] ImportTextPane:194 - (OptionalMessage_ERROR) IP (DMA) : Parameter (SyncPolarity) has Id (SPI2_TX) currently not set
2024-04-12 15:19:12,209 [INFO] ImportTextPane:194 - (OptionalMessage_ERROR) IP (DMA) : Parameter (SyncEnable) has Id (SPI2_TX) currently not set
2024-04-12 15:19:12,210 [INFO] ImportTextPane:194 - (OptionalMessage_ERROR) IP (DMA) : Parameter (EventEnable) has Id (SPI2_TX) currently not set
2024-04-12 15:19:12,211 [INFO] ImportTextPane:194 - (OptionalMessage_ERROR) IP (DMA) : Parameter (SyncRequestNumber) has Id (SPI2_TX) currently not set
2024-04-12 15:19:12,212 [INFO] ImportTextPane:194 - (OptionalMessage_ERROR) IP (DMA) : Parameter (Instance) has Id (SPI1_TX) currently not set
2024-04-12 15:19:12,213 [INFO] ImportTextPane:194 - (OptionalMessage_ERROR) IP (DMA) : Parameter (Request) has Id (SPI1_TX) currently not set
2024-04-12 15:19:12,214 [INFO] ImportTextPane:194 - (OptionalMessage_ERROR) IP (DMA) : Parameter (Direction) has Id (SPI1_TX) currently not set
2024-04-12 15:19:12,215 [INFO] ImportTextPane:194 - (OptionalMessage_ERROR) IP (DMA) : Parameter (PeriphInc) has Id (SPI1_TX) currently not set
2024-04-12 15:19:12,216 [INFO] ImportTextPane:194 - (OptionalMessage_ERROR) IP (DMA) : Parameter (MemInc) has Id (SPI1_TX) currently not set
2024-04-12 15:19:12,217 [INFO] ImportTextPane:194 - (OptionalMessage_ERROR) IP (DMA) : Parameter (PeriphDataAlignment) has Id (SPI1_TX) currently not set
2024-04-12 15:19:12,218 [INFO] ImportTextPane:194 - (OptionalMessage_ERROR) IP (DMA) : Parameter (MemDataAlignment) has Id (SPI1_TX) currently not set
2024-04-12 15:19:12,219 [INFO] ImportTextPane:194 - (OptionalMessage_ERROR) IP (DMA) : Parameter (Mode) has Id (SPI1_TX) currently not set
2024-04-12 15:19:12,220 [INFO] ImportTextPane:194 - (OptionalMessage_ERROR) IP (DMA) : Parameter (Priority) has Id (SPI1_TX) currently not set
2024-04-12 15:19:12,221 [INFO] ImportTextPane:194 - (OptionalMessage_ERROR) IP (DMA) : Parameter (SignalID) has Id (SPI1_TX) currently not set
2024-04-12 15:19:12,222 [INFO] ImportTextPane:194 - (OptionalMessage_ERROR) IP (DMA) : Parameter (Polarity) has Id (SPI1_TX) currently not set
2024-04-12 15:19:12,223 [INFO] ImportTextPane:194 - (OptionalMessage_ERROR) IP (DMA) : Parameter (RequestNumber) has Id (SPI1_TX) currently not set
2024-04-12 15:19:12,224 [INFO] ImportTextPane:194 - (OptionalMessage_ERROR) IP (DMA) : Parameter (SyncSignalID) has Id (SPI1_TX) currently not set
2024-04-12 15:19:12,225 [INFO] ImportTextPane:194 - (OptionalMessage_ERROR) IP (DMA) : Parameter (SyncPolarity) has Id (SPI1_TX) currently not set
2024-04-12 15:19:12,226 [INFO] ImportTextPane:194 - (OptionalMessage_ERROR) IP (DMA) : Parameter (SyncEnable) has Id (SPI1_TX) currently not set
2024-04-12 15:19:12,227 [INFO] ImportTextPane:194 - (OptionalMessage_ERROR) IP (DMA) : Parameter (EventEnable) has Id (SPI1_TX) currently not set
2024-04-12 15:19:12,228 [INFO] ImportTextPane:194 - (OptionalMessage_ERROR) IP (DMA) : Parameter (SyncRequestNumber) has Id (SPI1_TX) currently not set
2024-04-12 15:19:12,231 [INFO] ImportTextPane:194 - (OptionalMessage_ERROR) IP (RCC) : Invalid parameter (FamilyName)
2024-04-12 15:19:12,233 [INFO] ImportTextPane:194 - (OptionalMessage_ERROR) IP (RCC) : Parameter (PLLDSIVCOFreq_Value) has invalid value (320000000)
2024-04-12 15:19:12,617 [INFO] ApiDb:668 - CubeFinder database Data Model version=2.1
2024-04-12 15:19:12,618 [INFO] ApiDb:669 - CubeFinder database Configuration version=3.0.39
2024-04-12 15:19:12,619 [INFO] ApiDb:670 - CubeFinder database generation date=2023-11-06 (1699269565)
2024-04-12 15:19:12,620 [INFO] ApiDb:671 - CubeFinder database FW Pack versions=[FP-ATR-ASTRA1_V2.0.0, FP-SNS-FLIGHT1_V5.0.1, FP-SNS-FLIGHT1_V5.0.2, FP-SNS-MOTENV1_V4.3.1, FP-SNS-MOTENV1_V4.3.2, FP-SNS-MOTENVWB1_V1.3.0, FP-SNS-SMARTAG2_V1.2.0, STM32Cube_FW_C0_V1.1.0, STM32Cube_FW_F4_V1.28.0, STM32Cube_FW_F7_V1.17.0, STM32Cube_FW_G0_V1.6.1, STM32Cube_FW_G4_V1.5.1, STM32Cube_FW_H5_V0.5.1, STM32Cube_FW_H5_V1.1.1, STM32Cube_FW_H5_V1.2.0RC2, STM32Cube_FW_H7_V1.11.0, STM32Cube_FW_L0_V1.12.2, STM32Cube_FW_L5_V1.5.0, STM32Cube_FW_U5_V1.3.0RC4, STM32Cube_FW_U5_V1.4.0, STM32Cube_FW_WBA_V1.0.0RC1, STM32Cube_FW_WBA_V1.1.0RC1, STM32Cube_FW_WBA_V1.2.0, STM32Cube_FW_WBA_V1.2.0RC2, STM32Cube_FW_WB_V1.15.0RC1, STM32Cube_FW_WB_V1.16.0, STM32Cube_FW_WB_V1.16.0RC2, STM32Cube_FW_WB_V1.18.0, STM32Cube_FW_WL_V1.3.0, X-CUBE-ALGOBUILD_V1.3.0, X-CUBE-ALS_V1.0.1, X-CUBE-AZRTOS-F4_V1.1.0, X-CUBE-AZRTOS-F7_V1.1.0, X-CUBE-AZRTOS-G0_V1.1.0, X-CUBE-AZRTOS-G4_V2.0.0, X-CUBE-AZRTOS-H7_V3.1.0, X-CUBE-AZRTOS-L4_V1.0.0, X-CUBE-AZRTOS-L4_V2.0.0, X-CUBE-AZRTOS-L5_V1.1.0, X-CUBE-AZRTOS-WB_V2.0.0, X-CUBE-AZRTOS-WL_V2.0.0, X-CUBE-BLE1_V7.0.0, X-CUBE-BLE2_V3.3.0, X-CUBE-BLEMGR_V2.0.0, X-CUBE-EEPRMA1_V4.1.0, X-CUBE-EEPRMA1_V4.2.0, X-CUBE-FREERTOS_V1.1.0, X-CUBE-GNSS1_V6.0.0, X-CUBE-MEMS1_V10.0.0, X-CUBE-MEMS1_V9.1.0, X-CUBE-MEMS1_V9.4.0, X-CUBE-MEMS1_V9.6.0, X-CUBE-NFC4_V3.0.0, X-CUBE-NFC7_V1.0.1, X-CUBE-SFXS2LP1_V4.0.0, X-CUBE-SUBG2_V5.0.0, X-CUBE-TOF1_V3.3.1]
2024-04-12 15:19:12,704 [INFO] DbBoardsSqlite:226 - include board P-NUCLEO-WB55-NUCLEO as a kit item of type 'Nucleo-64'
2024-04-12 15:19:12,706 [INFO] DbBoardsSqlite:226 - include board P-NUCLEO-WB55-USBDONGLE as a kit item of type 'Nucleo USB Dongle'
2024-04-12 15:19:12,707 [INFO] DbBoardsSqlite:226 - include board STEVAL-IDP005V1 as a kit item of type 'Evaluation Board'
2024-04-12 15:19:12,708 [INFO] DbBoardsSqlite:226 - include board STEVAL-IDP005V2 as a kit item of type 'Evaluation Board'
2024-04-12 15:19:12,770 [INFO] ApiDb:240 - Found 371 in-development CPN: [B-G473E-ZEST1S, B-WB1M-WPAN1, B-WL5M-SUBG1, NUCLEO-C031C6, NUCLEO-H503RB, NUCLEO-H563ZI, NUCLEO-U545RE-Q, NUCLEO-U5A5ZJ-Q, NUCLEO-WBA52CG, NUCLEO-WBA55CG, STEVAL-MKBOXPRO, STEVAL-PROTEUS1, STEVAL-STWINBX1, STM320518-EVAL, STM32C0116-DK, STM32C011D6Y3TR, STM32C011D6Y6TR, STM32C011F4P3, STM32C011F4P6, STM32C011F4U3, STM32C011F4U6TR, STM32C011F6P3, STM32C011F6P6, STM32C011F6U3, STM32C011F6U6TR, STM32C011J4M3, STM32C011J4M6, STM32C011J6M3, STM32C011J6M6, STM32C0316-DK, STM32C031C4T3, STM32C031C4T6, STM32C031C4U3, STM32C031C4U6, STM32C031C6T3, STM32C031C6T6, STM32C031C6U3, STM32C031C6U6, STM32C031F4P3, STM32C031F4P6, STM32C031F6P3, STM32C031F6P6, STM32C031G4U3, STM32C031G4U6, STM32C031G6U3, STM32C031G6U6, STM32C031K4T3, STM32C031K4T6, STM32C031K4U3, STM32C031K4U6, STM32C031K6T3, STM32C031K6T6, STM32C031K6U3, STM32C031K6U6, STM32G071K8TXN, STM32G071K8UXN, STM32G081GBU6N, STM32G081KBT6N, STM32G081KBUXN, STM32G0B1CCT6N, STM32G0B1KCT6, STM32G0B1NEY6TR, STM32G0B1RCT6N, STM32G0C1CCT6, STM32G0C1CCT6N, STM32G0C1CCU6N, STM32G0C1CET6N, STM32G0C1CEU6N, STM32G0C1KCT6, STM32G0C1NEY6TR, STM32G0C1RCI6N, STM32G0C1RCT6N, STM32G0C1REI6N, STM32G0C1RET6N, STM32G0C1VCI6, STM32G0C1VEI6, STM32G471CCT6, STM32G471CCU6, STM32G471CET3, STM32G471CET6, STM32G471CEU3, STM32G471CEU6, STM32G471MCT6, STM32G471MET3, STM32G471MET6, STM32G471MEY6TR, STM32G471QCT6, STM32G471QET3, STM32G471RCT6, STM32G471RET3, STM32G471RET6, STM32G471VCH6, STM32G471VCI6, STM32G471VCT6, STM32G471VEH3, STM32G471VEH6, STM32G471VEI3, STM32G471VEI6, STM32G471VET3, STM32G471VET6, STM32G474CCT6, STM32H503CBT6, STM32H503CBU6, STM32H503EBY6TR, STM32H503KBU6, STM32H503RBT6, STM32H562AGI6, STM32H562AII6, STM32H562IGK6, STM32H562IGT6, STM32H562IIK6, STM32H562IIT6, STM32H562RGT6, STM32H562RGV6, STM32H562RIT6, STM32H562RIV6, STM32H562VGT6, STM32H562VIT6, STM32H562ZGT6, STM32H562ZIT6, STM32H563AGI6, STM32H563AII3Q, STM32H563AII6, STM32H563IGK6, STM32H563IGT6, STM32H563IIK3Q, STM32H563IIK6, STM32H563IIT3Q, STM32H563IIT6, STM32H563MIY3QTR, STM32H563RGT6, STM32H563RGV6, STM32H563RIT6, STM32H563RIV6, STM32H563VGT6, STM32H563VIT3Q, STM32H563VIT6, STM32H563ZGT6, STM32H563ZIT3Q, STM32H563ZIT6, STM32H573AII3Q, STM32H573AII6, STM32H573I-DK, STM32H573IIK3Q, STM32H573IIK6, STM32H573IIT3Q, STM32H573IIT6, STM32H573MIY3QTR, STM32H573RIT6, STM32H573RIV6, STM32H573VIT3Q, STM32H573VIT6, STM32H573ZIT3Q, STM32H573ZIT6, STM32L4R5QGI6STR, STM32MP131AAE3, STM32MP131AAF3, STM32MP131AAG3, STM32MP131CAE3, STM32MP131CAF3, STM32MP131CAG3, STM32MP131DAE7, STM32MP131DAF7, STM32MP131DAG7, STM32MP131FAE7, STM32MP131FAF7, STM32MP131FAG7, STM32MP133AAE3, STM32MP133AAF3, STM32MP133AAG3, STM32MP133CAE3, STM32MP133CAF3, STM32MP133CAG3, STM32MP133DAE7, STM32MP133DAF7, STM32MP133DAG7, STM32MP133FAE7, STM32MP133FAF7, STM32MP133FAG7, STM32MP135AAE3, STM32MP135AAF3, STM32MP135AAG3, STM32MP135CAE3, STM32MP135CAF3, STM32MP135CAG3, STM32MP135DAE7, STM32MP135DAF7, STM32MP135DAG7, STM32MP135F-DK, STM32MP135FAE7, STM32MP135FAF7, STM32MP135FAF7T, STM32MP135FAF7U, STM32MP135FAG7, STM32U535CBT6, STM32U535CBT6Q, STM32U535CBU6, STM32U535CBU6Q, STM32U535CCT6, STM32U535CCT6Q, STM32U535CCU6, STM32U535CCU6Q, STM32U535CET6, STM32U535CET6Q, STM32U535CEU6, STM32U535CEU6Q, STM32U535JEY6QTR, STM32U535NCY6QTR, STM32U535NEY6QTR, STM32U535RBI6, STM32U535RBI6Q, STM32U535RBT6, STM32U535RBT6Q, STM32U535RCI6, STM32U535RCI6Q, STM32U535RCT6, STM32U535RCT6Q, STM32U535REI6, STM32U535REI6Q, STM32U535RET6, STM32U535RET6Q, STM32U535VCI6, STM32U535VCI6Q, STM32U535VCT6, STM32U535VCT6Q, STM32U535VEI6, STM32U535VEI6Q, STM32U535VET6, STM32U535VET6Q, STM32U545CET6, STM32U545CET6Q, STM32U545CEU6, STM32U545CEU6Q, STM32U545JEY6QTR, STM32U545NEY6QTR, STM32U545REI6, STM32U545REI6Q, STM32U545RET6, STM32U545RET6Q, STM32U545VEI6, STM32U545VEI6Q, STM32U545VET6, STM32U545VET6Q, STM32U595AIH6, STM32U595AIH6Q, STM32U595AJH6, STM32U595AJH6Q, STM32U595QII6, STM32U595QII6Q, STM32U595QJI6, STM32U595QJI6Q, STM32U595RIT6, STM32U595RIT6Q, STM32U595RJT6, STM32U595RJT6Q, STM32U595VIT6, STM32U595VIT6Q, STM32U595VJT6, STM32U595VJT6Q, STM32U595ZIT6, STM32U595ZIT6Q, STM32U595ZIY6QTR, STM32U595ZJT6, STM32U595ZJT6Q, STM32U595ZJY6QTR, STM32U599BJY6QTR, STM32U599NIH6Q, STM32U599NJH6Q, STM32U599VIT6Q, STM32U599VJT6, STM32U599VJT6Q, STM32U599ZIT6Q, STM32U599ZIY6QTR, STM32U599ZJT6Q, STM32U599ZJY6QTR, STM32U5A5AJH6, STM32U5A5AJH6Q, STM32U5A5QJI6, STM32U5A5QJI6Q, STM32U5A5RJT6, STM32U5A5RJT6Q, STM32U5A5VJT6, STM32U5A5VJT6Q, STM32U5A5ZJT6, STM32U5A5ZJT6Q, STM32U5A5ZJY6QTR, STM32U5A9BJY6QTR, STM32U5A9J-DK, STM32U5A9NJH6Q, STM32U5A9VJT6Q, STM32U5A9ZJT6Q, STM32U5A9ZJY6QTR, STM32U5F7VIT6, STM32U5F7VIT6Q, STM32U5F7VJT6, STM32U5F7VJT6Q, STM32U5F9BJY6QTR, STM32U5F9NJH6Q, STM32U5F9VIT6Q, STM32U5F9VJT6Q, STM32U5F9ZIJ6QTR, STM32U5F9ZIT6Q, STM32U5F9ZJJ6QTR, STM32U5F9ZJT6Q, STM32U5G7VJT6, STM32U5G7VJT6Q, STM32U5G9BJY6QTR, STM32U5G9J-DK1, STM32U5G9J-DK2, STM32U5G9NJH6Q, STM32U5G9VJT6Q, STM32U5G9ZJJ6QTR, STM32U5G9ZJT6Q, STM32WB1MMCH6, STM32WBA50KEU6, STM32WBA50KEU6TR, STM32WBA50KGU6, STM32WBA50KGU6TR, STM32WBA52CEU6, STM32WBA52CEU6TR, STM32WBA52CEU7, STM32WBA52CEU7TR, STM32WBA52CGU6, STM32WBA52CGU6TR, STM32WBA52CGU6U, STM32WBA52CGU7, STM32WBA52CGU7TR, STM32WBA52KEU6, STM32WBA52KEU6TR, STM32WBA52KGU6, STM32WBA52KGU6TR, STM32WBA54CEU6, STM32WBA54CEU6TR, STM32WBA54CEU7, STM32WBA54CEU7TR, STM32WBA54CGU6, STM32WBA54CGU6TR, STM32WBA54CGU7, STM32WBA54CGU7TR, STM32WBA54KEU6, STM32WBA54KEU6TR, STM32WBA54KEU7, STM32WBA54KEU7TR, STM32WBA54KGU6, STM32WBA54KGU6TR, STM32WBA54KGU7, STM32WBA54KGU7TR, STM32WBA55CEU6, STM32WBA55CEU6TR, STM32WBA55CEU7, STM32WBA55CEU7TR, STM32WBA55CGU6, STM32WBA55CGU6TR, STM32WBA55CGU6U, STM32WBA55CGU7, STM32WBA55CGU7TR, STM32WBA55G-DK1, STM32WBA55HEF6, STM32WBA55HEF7, STM32WBA55HGF6, STM32WBA55HGF7, STM32WBA55UEI6, STM32WBA55UEI6TR, STM32WBA55UEI7, STM32WBA55UEI7TR, STM32WBA55UGI6, STM32WBA55UGI6TR, STM32WBA55UGI7, STM32WBA55UGI7TR, STM32WL5MOCH6, STM32WL5MOCH6TR]
2024-04-12 15:19:12,903 [INFO] BoardInfo:889 - No configuration file found for board P-NUCLEO-WB55
2024-04-12 15:19:12,905 [INFO] DbBoards:161 - Kit is not supported: P-NUCLEO-WB55
2024-04-12 15:19:12,911 [INFO] BoardInfo:889 - No configuration file found for board STEVAL-BFA001V1B
2024-04-12 15:19:12,912 [INFO] DbBoards:161 - Kit is not supported: STEVAL-BFA001V1B
2024-04-12 15:19:12,914 [INFO] BoardInfo:889 - No configuration file found for board STEVAL-BFA001V2B
2024-04-12 15:19:12,916 [INFO] DbBoards:161 - Kit is not supported: STEVAL-BFA001V2B
2024-04-12 15:19:13,042 [INFO] DbBoards:168 - Found 193 boards, 190 are supported
2024-04-12 15:19:13,044 [INFO] DbBoards:169 - Found 193 boards, 3 of them is supported for  Bsp
2024-04-12 15:19:13,048 [INFO] ApiDb:414 - User favorites file not found: C:\Users\korb/.stm32cubeide/favorites.boards.txt
2024-04-12 15:19:13,049 [INFO] DbBoards:198 - Set 0 / 0 favorites Boards
2024-04-12 15:19:13,108 [INFO] UtilMem:75 - End LoadConfig() Used Memory: 827575816 Bytes (1073741824)
2024-04-12 15:19:13,137 [INFO] MicroXplorer:468 - Change Database Path : 
2024-04-12 15:19:13,139 [INFO] MicroXplorer:498 - Change Database Version : DB.6.0.100
2024-04-12 15:19:13,141 [WARN] ThirdParty:833 - waiting for thirdparty lock release [change project]
2024-04-12 15:19:13,142 [INFO] ThirdParty:835 - entering critical section [change project]
2024-04-12 15:19:13,143 [INFO] ThirdParty:1030 - CMSIS Pack Vendor :STMicroelectronics USBPD 4.1
2024-04-12 15:19:13,144 [INFO] ThirdParty:1030 - CMSIS Pack Vendor :STMicroelectronics X-CUBE-GNSS1 6.0.0
2024-04-12 15:19:13,145 [INFO] ThirdParty:1030 - CMSIS Pack Vendor :STMicroelectronics USB_HOST 2.0.0
2024-04-12 15:19:13,146 [INFO] ThirdParty:1030 - CMSIS Pack Vendor :STMicroelectronics X-CUBE-AZRTOS-F4 1.1.0
2024-04-12 15:19:13,147 [INFO] ThirdParty:1030 - CMSIS Pack Vendor :STMicroelectronics LIBJPEG 8.0.0
2024-04-12 15:19:13,148 [INFO] ThirdParty:1030 - CMSIS Pack Vendor :STMicroelectronics X-CUBE-SMBUS 2.1.0
2024-04-12 15:19:13,149 [INFO] ThirdParty:1030 - CMSIS Pack Vendor :STMicroelectronics USB_DEVICE 3.0.0
2024-04-12 15:19:13,150 [INFO] ThirdParty:1030 - CMSIS Pack Vendor :STMicroelectronics X-CUBE-TCPP 4.1.0
2024-04-12 15:19:13,151 [INFO] ThirdParty:1030 - CMSIS Pack Vendor :STMicroelectronics X-CUBE-AZRTOS-WB 2.0.0
2024-04-12 15:19:13,152 [INFO] ThirdParty:1030 - CMSIS Pack Vendor :STMicroelectronics X-CUBE-TOUCHGFX 4.23.2
2024-04-12 15:19:13,153 [INFO] ThirdParty:1030 - CMSIS Pack Vendor :STMicroelectronics X-CUBE-AZRTOS-F7 1.1.0
2024-04-12 15:19:13,154 [INFO] ThirdParty:1030 - CMSIS Pack Vendor :STMicroelectronics X-CUBE-AZRTOS-L5 2.0.0
2024-04-12 15:19:13,156 [INFO] ThirdParty:1030 - CMSIS Pack Vendor :STMicroelectronics USB_DEVICE 2.0.0
2024-04-12 15:19:13,157 [INFO] ThirdParty:1030 - CMSIS Pack Vendor :STMicroelectronics X-CUBE-NFC6 3.1.0
2024-04-12 15:19:13,158 [INFO] ThirdParty:1030 - CMSIS Pack Vendor :STMicroelectronics X-CUBE-ALGOBUILD 1.3.0
2024-04-12 15:19:13,159 [INFO] ThirdParty:1030 - CMSIS Pack Vendor :STMicroelectronics FreeRTOS 0.0.1
2024-04-12 15:19:13,160 [INFO] ThirdParty:1030 - CMSIS Pack Vendor :STMicroelectronics X-CUBE-AZRTOS-G0 1.1.0
2024-04-12 15:19:13,161 [INFO] ThirdParty:1030 - CMSIS Pack Vendor :STMicroelectronics X-CUBE-SAFEA1 1.2.2
2024-04-12 15:19:13,162 [INFO] ThirdParty:1030 - CMSIS Pack Vendor :STMicroelectronics X-CUBE-NFC4 3.0.0
2024-04-12 15:19:13,163 [INFO] ThirdParty:1030 - CMSIS Pack Vendor :STMicroelectronics X-CUBE-SUBG2 5.0.0
2024-04-12 15:19:13,164 [INFO] ThirdParty:1030 - CMSIS Pack Vendor :STMicroelectronics STM32_WPAN 1.0.0
2024-04-12 15:19:13,165 [INFO] ThirdParty:1030 - CMSIS Pack Vendor :STMicroelectronics lwIP 2.0.3
2024-04-12 15:19:13,166 [INFO] ThirdParty:1030 - CMSIS Pack Vendor :STMicroelectronics FP-SNS-FLIGHT1 5.0.2
2024-04-12 15:19:13,167 [INFO] ThirdParty:1030 - CMSIS Pack Vendor :STMicroelectronics USB_HOST 1.0.0
2024-04-12 15:19:13,168 [INFO] ThirdParty:1030 - CMSIS Pack Vendor :STMicroelectronics X-CUBE-AZRTOS-G4 2.0.0
2024-04-12 15:19:13,169 [INFO] ThirdParty:1030 - CMSIS Pack Vendor :STMicroelectronics PDM2PCM 3.1.0
2024-04-12 15:19:13,171 [INFO] ThirdParty:1030 - CMSIS Pack Vendor :STMicroelectronics PDM2PCM 3.3.0
2024-04-12 15:19:13,172 [INFO] ThirdParty:1030 - CMSIS Pack Vendor :STMicroelectronics X-CUBE-DISPLAY 3.0.0
2024-04-12 15:19:13,173 [INFO] ThirdParty:1030 - CMSIS Pack Vendor :wolfSSL I-CUBE-wolfSSL 5.7.0
2024-04-12 15:19:13,174 [INFO] ThirdParty:1030 - CMSIS Pack Vendor :STMicroelectronics FP-SNS-MOTENVWB1 1.3.1
2024-04-12 15:19:13,175 [INFO] ThirdParty:1030 - CMSIS Pack Vendor :STMicroelectronics X-CUBE-BLE1 7.0.0
2024-04-12 15:19:13,177 [INFO] ThirdParty:1030 - CMSIS Pack Vendor :STMicroelectronics FP-ATR-SIGFOX1 3.2.0
2024-04-12 15:19:13,178 [INFO] ThirdParty:1030 - CMSIS Pack Vendor :STMicroelectronics X-CUBE-ISPU 2.0.0
2024-04-12 15:19:13,179 [INFO] ThirdParty:1030 - CMSIS Pack Vendor :STMicroelectronics X-CUBE-EEPRMA1 5.1.0
2024-04-12 15:19:13,180 [INFO] ThirdParty:1030 - CMSIS Pack Vendor :STMicroelectronics HAL Drivers 0.0.0
2024-04-12 15:19:13,181 [INFO] ThirdParty:1030 - CMSIS Pack Vendor :STMicroelectronics MBEDTLS 2.16.2
2024-04-12 15:19:13,182 [INFO] ThirdParty:1030 - CMSIS Pack Vendor :emotas I-CUBE-CANOPEN 1.3.0
2024-04-12 15:19:13,183 [INFO] ThirdParty:1030 - CMSIS Pack Vendor :STMicroelectronics X-CUBE-MEMS1 10.0.0
2024-04-12 15:19:13,184 [INFO] ThirdParty:1030 - CMSIS Pack Vendor :STMicroelectronics X-CUBE-FREERTOS 1.1.0
2024-04-12 15:19:13,185 [INFO] ThirdParty:1030 - CMSIS Pack Vendor :STMicroelectronics X-CUBE-NFC7 1.0.1
2024-04-12 15:19:13,186 [INFO] ThirdParty:1030 - CMSIS Pack Vendor :STMicroelectronics MBEDTLS 2.14.1
2024-04-12 15:19:13,187 [INFO] ThirdParty:1030 - CMSIS Pack Vendor :ITTIA_DB I-CUBE-ITTIADB 8.9.0
2024-04-12 15:19:13,188 [INFO] ThirdParty:1030 - CMSIS Pack Vendor :portGmbH I-Cube-SoM-uGOAL 1.1.0
2024-04-12 15:19:13,189 [INFO] ThirdParty:1030 - CMSIS Pack Vendor :STMicroelectronics X-CUBE-ALS 1.0.1
2024-04-12 15:19:13,190 [INFO] ThirdParty:1030 - CMSIS Pack Vendor :STMicroelectronics X-CUBE-BLEMGR 3.1.0
2024-04-12 15:19:13,191 [INFO] ThirdParty:1030 - CMSIS Pack Vendor :STMicroelectronics ThreadX 1.0.0
2024-04-12 15:19:13,192 [INFO] ThirdParty:1030 - CMSIS Pack Vendor :STMicroelectronics FP-SNS-SMARTAG2 1.2.0
2024-04-12 15:19:13,193 [INFO] ThirdParty:1030 - CMSIS Pack Vendor :STMicroelectronics X-CUBE-AZRTOS-WL 2.0.0
2024-04-12 15:19:13,194 [INFO] ThirdParty:1030 - CMSIS Pack Vendor :SEGGER I-CUBE-embOS 1.3.1
2024-04-12 15:19:13,195 [INFO] ThirdParty:1030 - CMSIS Pack Vendor :STMicroelectronics FP-SNS-MOTENV1 5.0.0
2024-04-12 15:19:13,196 [INFO] ThirdParty:1030 - CMSIS Pack Vendor :STMicroelectronics USB_DEVICE 1.0.0
2024-04-12 15:19:13,197 [INFO] ThirdParty:1030 - CMSIS Pack Vendor :STMicroelectronics X-CUBE-AI 8.1.0
2024-04-12 15:19:13,243 [INFO] ThirdParty:1030 - CMSIS Pack Vendor :STMicroelectronics X-CUBE-AZRTOS-L4 2.0.0
2024-04-12 15:19:13,259 [INFO] ThirdParty:1030 - CMSIS Pack Vendor :STMicroelectronics ThreadX 0.0.2
2024-04-12 15:19:13,260 [INFO] ThirdParty:1030 - CMSIS Pack Vendor :WES I-CUBE-Cesium 1.3.0
2024-04-12 15:19:13,261 [INFO] ThirdParty:1030 - CMSIS Pack Vendor :STMicroelectronics FP-ATR-ASTRA1 2.0.0
2024-04-12 15:19:13,262 [INFO] ThirdParty:1030 - CMSIS Pack Vendor :STMicroelectronics lwIP 2.1.2
2024-04-12 15:19:13,263 [INFO] ThirdParty:1030 - CMSIS Pack Vendor :STMicroelectronics X-CUBE-SFXS2LP1 4.0.0
2024-04-12 15:19:13,264 [INFO] ThirdParty:1030 - CMSIS Pack Vendor :STMicroelectronics X-CUBE-BLE2 3.3.0
2024-04-12 15:19:13,265 [INFO] ThirdParty:1030 - CMSIS Pack Vendor :STMicroelectronics X-CUBE-TOF1 3.4.1
2024-04-12 15:19:13,266 [INFO] ThirdParty:1030 - CMSIS Pack Vendor :STMicroelectronics X-CUBE-AZRTOS-H7 3.2.0
2024-04-12 15:19:13,269 [INFO] ThirdParty:1030 - CMSIS Pack Vendor :Infineon AIROC-Wi-Fi-Bluetooth-STM32 1.6.0
2024-04-12 15:19:13,270 [INFO] ThirdParty:1030 - CMSIS Pack Vendor :STMicroelectronics PDM2PCM 3.2.0
2024-04-12 15:19:13,271 [INFO] ThirdParty:841 - exiting critical section [change project]
2024-04-12 15:19:13,593 [INFO] PinOutPanel:1499 - setPackage(No Configuration,No Configuration)
2024-04-12 15:19:13,595 [INFO] PinOutPanel:1499 - setPackage(STM32L4R5ZITxP,LQFP144)
2024-04-12 15:19:13,997 [INFO] UtilMem:75 - Before build in PCC Used Memory: 847051440 Bytes (1073741824)
2024-04-12 15:19:14,357 [INFO] UtilMem:75 - After build in PCC Used Memory: 725308368 Bytes (1073741824)
2024-04-12 15:19:14,410 [INFO] IPUIPlugin:80 - create IPUIPlugin
2024-04-12 15:19:14,411 [INFO] IPUIPlugin:80 - create IPUIPlugin
2024-04-12 15:19:14,413 [INFO] IPUIPlugin:80 - create IPUIPlugin
2024-04-12 15:19:14,414 [INFO] IPUIPlugin:80 - create IPUIPlugin
2024-04-12 15:19:14,415 [INFO] IPUIPlugin:80 - create IPUIPlugin
2024-04-12 15:19:14,416 [INFO] IPUIPlugin:80 - create IPUIPlugin
2024-04-12 15:19:14,417 [INFO] IPUIPlugin:80 - create IPUIPlugin
2024-04-12 15:19:14,419 [INFO] IPUIPlugin:80 - create IPUIPlugin
2024-04-12 15:19:14,419 [INFO] IPUIPlugin:80 - create IPUIPlugin
2024-04-12 15:19:14,420 [INFO] IPUIPlugin:80 - create IPUIPlugin
2024-04-12 15:19:14,421 [INFO] IPUIPlugin:80 - create IPUIPlugin
2024-04-12 15:19:14,423 [INFO] IPUIPlugin:80 - create IPUIPlugin
2024-04-12 15:19:14,424 [INFO] IPUIPlugin:80 - create IPUIPlugin
2024-04-12 15:19:14,425 [INFO] IPUIPlugin:80 - create IPUIPlugin
2024-04-12 15:19:14,426 [INFO] IPUIPlugin:80 - create IPUIPlugin
2024-04-12 15:19:14,427 [INFO] IPUIPlugin:80 - create IPUIPlugin
2024-04-12 15:19:14,428 [INFO] IPUIPlugin:80 - create IPUIPlugin
2024-04-12 15:19:14,429 [INFO] IPUIPlugin:80 - create IPUIPlugin
2024-04-12 15:19:14,430 [INFO] IPUIPlugin:80 - create IPUIPlugin
2024-04-12 15:19:14,432 [INFO] IPUIPlugin:80 - create IPUIPlugin
2024-04-12 15:19:14,433 [INFO] IPUIPlugin:80 - create IPUIPlugin
2024-04-12 15:19:14,434 [INFO] IPUIPlugin:80 - create IPUIPlugin
2024-04-12 15:19:14,435 [INFO] IPUIPlugin:80 - create IPUIPlugin
2024-04-12 15:19:14,436 [INFO] IPUIPlugin:80 - create IPUIPlugin
2024-04-12 15:19:14,438 [INFO] IPUIPlugin:80 - create IPUIPlugin
2024-04-12 15:19:14,439 [INFO] IPUIPlugin:80 - create IPUIPlugin
2024-04-12 15:19:14,441 [INFO] IPUIPlugin:80 - create IPUIPlugin
2024-04-12 15:19:14,442 [INFO] IPUIPlugin:80 - create IPUIPlugin
2024-04-12 15:19:14,443 [INFO] IPUIPlugin:80 - create IPUIPlugin
2024-04-12 15:19:14,456 [INFO] IPUIPlugin:80 - create IPUIPlugin
2024-04-12 15:19:14,458 [INFO] IPUIPlugin:80 - create IPUIPlugin
2024-04-12 15:19:14,459 [INFO] IPUIPlugin:80 - create IPUIPlugin
2024-04-12 15:19:14,460 [INFO] IPUIPlugin:80 - create IPUIPlugin
2024-04-12 15:19:14,462 [INFO] IPUIPlugin:80 - create IPUIPlugin
2024-04-12 15:19:14,463 [INFO] IPUIPlugin:80 - create IPUIPlugin
2024-04-12 15:19:14,464 [INFO] IPUIPlugin:80 - create IPUIPlugin
2024-04-12 15:19:14,466 [INFO] IPUIPlugin:80 - create IPUIPlugin
2024-04-12 15:19:14,467 [INFO] IPUIPlugin:80 - create IPUIPlugin
2024-04-12 15:19:14,469 [INFO] IPUIPlugin:80 - create IPUIPlugin
2024-04-12 15:19:14,470 [INFO] IPUIPlugin:80 - create IPUIPlugin
2024-04-12 15:19:14,471 [INFO] IPUIPlugin:80 - create IPUIPlugin
2024-04-12 15:19:14,472 [INFO] IPUIPlugin:80 - create IPUIPlugin
2024-04-12 15:19:14,474 [INFO] IPUIPlugin:80 - create IPUIPlugin
2024-04-12 15:19:14,475 [INFO] IPUIPlugin:80 - create IPUIPlugin
2024-04-12 15:19:14,477 [INFO] IPUIPlugin:80 - create IPUIPlugin
2024-04-12 15:19:14,478 [INFO] IPUIPlugin:80 - create IPUIPlugin
2024-04-12 15:19:14,479 [INFO] IPUIPlugin:80 - create IPUIPlugin
2024-04-12 15:19:14,484 [INFO] IPUIPlugin:80 - create IPUIPlugin
2024-04-12 15:19:14,486 [INFO] IPUIPlugin:80 - create IPUIPlugin
2024-04-12 15:19:14,488 [INFO] IPUIPlugin:80 - create IPUIPlugin
2024-04-12 15:19:14,489 [INFO] IPUIPlugin:80 - create IPUIPlugin
2024-04-12 15:19:14,491 [INFO] IPUIPlugin:80 - create IPUIPlugin
2024-04-12 15:19:14,494 [INFO] IPUIPlugin:80 - create IPUIPlugin
2024-04-12 15:19:14,496 [INFO] IPUIPlugin:80 - create IPUIPlugin
2024-04-12 15:19:14,500 [INFO] IPUIPlugin:80 - create IPUIPlugin
2024-04-12 15:19:14,504 [INFO] IPUIPlugin:80 - create IPUIPlugin
2024-04-12 15:19:14,506 [INFO] IPUIPlugin:80 - create IPUIPlugin
2024-04-12 15:19:14,507 [INFO] IPUIPlugin:80 - create IPUIPlugin
2024-04-12 15:19:14,508 [INFO] IPUIPlugin:80 - create IPUIPlugin
2024-04-12 15:19:14,510 [INFO] IPUIPlugin:80 - create IPUIPlugin
2024-04-12 15:19:14,511 [INFO] IPUIPlugin:80 - create IPUIPlugin
2024-04-12 15:19:14,583 [INFO] CADModel:165 - CPN selected for project levelSTM32L4R5ZIT6P
2024-04-12 15:19:14,585 [INFO] CADModel:114 - Register for checkConnection events
2024-04-12 15:19:14,640 [INFO] OpenFileManager:343 - Restore cursor
2024-04-12 15:22:30,112 [ERROR] LogOutputStream:75 - [STDERR_REDIRECT] 
